246731823781677491
402579359874533230
16723061839808907
478989871884938509
447066639713918142
199944595721472893
520396704751972561
148948735676197170
22747668157910264
132475155337660744
192895911410276891
495705633675321361
283184530267636067
281986835873438201
138638462225461747
167688241820140891
18175417394603775
375572134265968918
358303046824206770
307950790988830886
355750925335454610
244088145595901368
501582518773662151
476909834687265786
184408265413672934
79276012920225405
131621563530647658
458906472121249931
488144176781461827
159609090714978946
158698890855732796
487352189467730161
315599654136466499
105715910968290453
78827645380224765
552635261057386755
572486091896598501
93623138340817442
11460405052110730
415682677224262035
404821402988261123
520861596003723364
13776921159943160
539758961333142923
172545413491770509
59123991766661632
128948089350205289
495587220798599570
548341491666575883
158076968438854335
17068646323718528
233652735818383618
274075335304894229
541023340245704245
139395310340744870
547916196775504788
412508710959052341
11276222335771757
131818377422595932
520868374535609942
50136943988088276
183258130924965330
389137456209874989
379996238303028558
88477795281593667
22073581351624798
195849483863750745
286951129825222430
43367255259155083
315836952258089388
518426112396748858
100826963803075939
549468993032478442
439721714556553455
78421527340839804
285991658329082106
484598407584434042
328757244027539681
112309892596671676
245221130692076391
268503946361380070
307125339669376136
347157515305057862
397400435531822260
328538525924414261
483830376031841277
151257046655046893
474585368383711063
193068488679366056
375669048637208405
218256618940053158
21744619236848030
119243236106190398
527193675807386375
8880887538733907
212746865720840360
490094581934956711
120481527911306402
517209922389358591
142550275921947719
65683592434055372
462941073342953639
300336873978258635
272810983225698542
185530179530062948
542897724434040036
148296245305386065
448701019050624501
117014861621790804
225211734336585477
144657066724789318
212015454781980981
200097453308928078
188266752795743382
149641960647146014
81087596113920092
188850461789748789
517751472830437231
285680017955951678
99439155516163549
366567372578872010
320503189142780154
13396624938811220
545083671907182122
528923984459542444
117914462058689278
247068579089842846
183273560450751285
54327547168448878
141167151209409476
403445620074614685
81505485457621681
241031578639751148
458581651513967785
326762713474170001
33809360059771344
160138816790069732
126301056092625169
174598723656055354
571979284071623595
500409250761755135
70775875603588041
541582334517579753
286611032618572365
69460551701875407
340201314017537613
313691534257148412
168979071243253079
486633696908348069
370516061269845802
334232750602623386
322926460875593476
8516550594491378
392999348330798241
423471229712078406
125908505090724940
118136952202972578
432387712858580365
192559006189100085
413768001004030178
553200455311407074
257947571499016819
446835809812353987
226427717249579134
15489844313380393
430040084344246097
6377174177344127
440032588220164439
382997690987000096
58792120603582286
468777558026371923
275644948578649245
246255698070330895
168653956335540551
68652216854916589
389338161567317091
105985902082125329
234930243778791717
361846651606764998
322508991906650910
418785713077845688
114564065289684412
198696872968792918
213137414648887549
350051191962739140
469713148250649423
159190863015861332
36462433622437575
59583952166686767
531945732948893157
303662136328850964
535178713971276827
420164805680075381
185319073782545559
217605812095276332
472525528066183982
9644696423596933
57472816247522550
299449292458002009
60755058453281427
323987020320973666
455661404799042911
409734178621747930
421223244694221252
261264723197950641
251931236417576028
506913300924285093
27204443845335836
403612604194361246
1694355533571200
515208404361184665
499459477957750619
208399882763558101
480288631064047414
208719705104378079
404178053488503961
323785728578332035
356006400693578963
259819033427516832
103300705120609417
120691004135691821
133219098210230888
375323219984140569
217956786629800991
287329180018098604
518977595309860179
507019313153907468
286386758830061370
293559268382985479
352097712401536518
118654489356501503
415466073218500576
411884874992804479
63775141310873494
28848179677780820
128079217735776520
336951355839888056
49124986819312039
281396276981431531
456991430786657632
543823244892457939
311145174108317877
467505326697179252
473140194937676443
157284001609299820
476697020369843868
183033839833577933
563751061675355105
381621701203431829
370044400778405899
547904080614132731
167761839911575037
177996476296543624
305659131559348408
476826892583923765
343864747523025546
127038163531481375
88881185747127863
184499430754643699
376657062265226781
146665461188273730
575672061199166627
53024450747080719
427100991187468886
351014249841588098
84376028836398775
338842047753103552
481793266942912549
369121842161702710
483906081258120527
501798231514154721
544950972484307897
189832051954041797
302921445593418484
288459740950012278
488878343861514236
117616794865807277
311019010617992643
62171058093535678
552954694629632491
520340107196357914
86039841598489931
264607746766400549
422843649184045706
505284668723245392
235293316679760018
117039613758328628
69350568013174090
158141574720900206
469241609706464834
520454167373220140
99096144076376960
529546457069125939
485299733947708311
179746203076909460
106707559006145405
304526142390447019
142726281469032787
342149912544585796
434953690784313640
391282473490248106
97445993975647487
523695325521858864
304676211447570435
482065204349892914
249607048308381253
136851031210739785
20159521561614398
310282270269357609
417426118158750206
457730198792343993
367618178346867074
290214499377520220
575935724857281183
197035557384404687
80242241718949969
400536711747826525
484517233745873030
353882022763113044
41056970056241948
139241092925758600
220973099010606081
298261356359433362
45183158453661247
483745832250275923
238442617378649885
169229111873045170
113047211599831763
27249624080515276
204951669947044495
131609526986859574
3554156574639035
414715786195673164
309264900576610583
223530643334302054
567995542942868791
351234615535831607
411859153581397709
290574065829121464
53314099493489755
186212750105997628
566153499688631691
302245246168871579
107364079772566053
519436551431204546
413769553031936606
360864129461637005
31032629307505090
310532463016627353
125906207106450084
3862424983952668
561122408854833207
428999390577329493
563614749129141705
467546136634274076
146734566236116854
1426214385010145
365213639095113693
575086406415394116
459357422277634904
389376548345966535
364098492462635144
36588440320330862
297601183622316899
186152353496953737
117978616665022559
16230440036908052
123374507204537542
539443706975079792
319939075326553707
312242111278414157
571007360924921450
199212019219962087
510492020715021969
226301553464034572
97445983829424281
185560884689833387
12543174807112865
256753262530157976
151436148360875485
68844498775110376
542482601463223224
193959593507904735
260244591478882480
231555058184480146
541014674074454482
520768025473222705
398505102221671275
385306963551089636
288601550639873785
450709152153770335
373595336869135728
478286177244085539
55087122058576751
76503344839604689
177716638482127059
249445858626726572
386753169279376274
37151765752587883
16598063247270525
541673629722273822
337165685159757019
137027620424427216
447119039443087604
531993172933450600
567147400823955207
295981223749712258
310110532796820409
573651072207594013
217952820397486689
570376690282974644
471149443393772842
471145520328169044
217635857234291155
509134675873547942
532807033953809199
74009129219877310
112829435463213309
504829646452040750
304287215797067043
541055456398757123
40433912888720707
470644539056092526
397519800882884964
138099926634736741
279484686510920129
379875694248176615
55399618737315882
188817537740082524
546266604951423062
228697550790440818
485651068933972581
173190158050882114
323912136907809878
61385366135817527
175782787988991161
383943895470598582
274353999604111855
397247716606891682
62401035520220498
196132475848183284
186506366700681071
193949833178428910
304644428836271872
537727254394051174
316735983371909786
439213390387852857
34679844742726732
330066857846582762
562651619274643993
364470635470672908
467659253592596269
399772531292852820
453661055350029549
341212165737779998
361945952036426417
157350439571518512
3066114756557936
170767289523493459
260326209103997241
279588259618609226
561988015943335071
445748159088657038
328562943651928361
123204750096040825
415017092930605751
468809627497058486
275127067679729532
262823114443337830
495443688196630443
147961750560461058
374089209559237566
234971399900267852
402157837352832848
82800267317631119
293064289570580825
213527047459027351
320504269115092819
402634049873212295
403448780627237255
297542010933026887
118830663759068407
491731836027234178
412426788942136596
483668583907234062
88364355731390857
394960377506622752
153940564632696843
329614222481374275
25293775624756394
93380976477098712
119027460546310288
199435045927104338
112514098458485664
425006061596636800
7893180098855463
172816626426367844
236358519926184681
477527164098652649
362974843098464333
383199644550016837
73163321834482987
18892865718674029
74224114990496736
261863435113194040
8136626086160622
24814507362417651
377106646685256645
180478074459107118
420096065682980299
226795358783966085
307352587127575966
558998084467860731
324046786903754594
277736354555831064
85020730900393237
572267122619828887
266221939683900082
451218024353323780
165890001902819718
3074838608140553
569002355652840859
322034071205014327
344125027135171120
512025385351088747
311462055961517802
433885478471615463
386758675908839614
113661828492488846
534797669388339092
567790530951451587
480962621356798978
418288863518421909
327786149189349820
95546725616306670
378535939170484810
428123885891457538
388761783026988810
138279583419706876
113324478195228813
342365701130345600
264307678641511918
538870941526764247
571029805398460910
296171802024665387
35332119388787197
39309488837465522
511786306627958823
437284750779645482
307076588028045528
282819609530129424
163778650165041715
409665421687974778
378174622696573889
109700778695300148
444672208817245486
479001145285963544
519083393709922244
53752450382878212
261084958538164694
11296969136510034
292220788079496614
533292964026594420
151142416375692973
164303683705704281
47834487336034040
259941228853893333
406327115566740269
126146282210562845
246280380250361624
492643057935489074
103838854839168447
50326729267397279
391642865202970148
81526104175196516
162549797663162413
24058625758917307
94665408752739775
455764725211685870
332304859373822600
555651166222533478
535036950878617819
238281001685941903
524937576012971211
325622859000313912
223092430772858505
453709794023061614
272815271515689821
210321509971460147
103914159230223743
97453806585591355
300842642504603089
378636571395233148
89578851735631291
419930613450949425
100343149644384539
404413164547802295
29056765011629053
206318616484689165
28324321944505493
12804285451298871
485260186316932625
323922258886577117
499903228967214483
355144633177855201
243499748509039165
268153913970927303
157360612816735715
411571825231740649
330011273526841873
524212575353857526
239857758117621575
86893713072758467
205033814051417844
221282941952309319
230064356137086981
311933417301329522
296378526213289198
167217630276142971
318712484061229556
569589373756707547
124812019560596274
136320360878907035
191970539935738725
356501771718236311
330453929119691648
320384180690642017
25069171879557315
401944129274006475
219112811916273215
302082126051756085
320669718061202572
525510735368500166
103083582660877485
161074793496348509
170999925979685615
574264144118531878
198116950287647028
100257772031688700
222737421746635149
312563276618986495
497956831657418670
178264606911432765
425690176205451694
168085129840589951
553109621538311255
372190947265876661
537156414682404306
208134469564090011
75570882795006863
378613993232521236
14919836403151723
169905635323200555
173680376156249967
507781648949397876
283228325017559820
174929797535635575
12834218099314254
363545576199222697
368323941891216990
119951910578483738
560049503126923178
362714176031056598
266885946211921047
546257736360461713
197643587529027768
311674213822906687
505894963363871532
50983558402633700
331362096174666966
10253401970208432
111093781952943946
17849564182929899
118775198564101846
480864995764432097
8224778162107181
416125998140354971
78099821635217344
112398498979224426
329214096123055593
404623510691114464
399183543681942454
299235388312178683
463272079768249190
470974931041627409
436838823191637698
354520013137353127
553090017975374152
17138262591082990
360043293623157503
59621173647346245
225749893086000543
188228904729142716
99921146815793899
476304209237347421
229896384279467730
543494213883986504
36290434856376121
436367665652133686
446292007603753979
421613957352442684
46429232541092032
87606623917446929
551916305075436391
514945617543157454
560572009391237856
279077760091301155
29702127730256375
206933176473866596
205386570863063675
545728915624813899
367243553869665314
384608070786086611
246224295150314571
123167518349581819
405938016155597621
39833792218799665
91763655030994148
181587781601886158
540490479958990586
170967517063072648
86005944618282764
68631752653472536
237077133505516610
191915530967487293
505144586339890690
148688241136638681
116188377588314002
463970860573747024
363545931670195923
272244808754524293
22369336073251936
37955747495706164
126922660275384690
277897174425444563
41997562517670660
45091526655257623
168063988980063157
80459550593493466
222134570997474434
65225720163645423
90160269290876838
78036117774987536
353520542351224330
37637406975720144
130083216087587052
41114393425817905
460660298696083697
404783831517136187
206207911684697372
263129109849011091
141478113788207370
93968731767966512
33447987686601449
29443838570040578
254886416543587137
438508264938833395
115380718633762744
487708887741837134
280129363304642377
371540450330671447
158056396452004422
247448190517340915
519859672165795466
495485811721436114
263288289139210763
3216231981717450
180938881038384080
448274415931078672
382090901791502329
552501412263988770
183755430597415800
383705231673915283
388489344377634304
480139127198736054
546199111948824453
234476363992413813
470241976020519811
310858114524420087
254555347302890113
270382290975811449
383098245032768784
450384489371359534
85881878310876668
111189578948665176
525262583749469576
365433750820765434
429946856628336139
444088016927539822
303338048573683031
87911159497948989
245502215713547206
382520879690976407
31075538799920166
217649484763149345
199128094937658796
141295609149887736
441443267593614373
249718922630429700
263584629474688498
307712996906402728
138582048352313808
28482644982611760
571747535150135075
356902125865501740
483759072158419029
353340549269362393
212408425319821899
116850634263394448
454265437939578497
493311165333730225
93323025900251881
353023085358930068
415284372723035477
526973847645265823
128705241034138871
447596609390005182
421124013340874328
527536858692914750
168983273357382709
238035207962780958
432958472733913603
414772481777641420
151418966659674490
149587013122766744
181077925019022237
177868581761742182
388104426069577395
348707773224095772
170307438774960174
558873613532515419
332466882326198867
204859415888558213
164676729253511365
464376793541795934
238618456527966797
419643243627636718
257012476165045177
228075800222790549
276760416244566726
75322332981853237
368747724133883296
407842063004782704
475892855348326799
308215935673498645
449038431894312458
294988539443742895
149147050838790516
33271580240246333
424732131762557337
74036599779170087
434294012508913318
174145818486901711
188804606110468280
386200145326916822
325106836599503082
227445050907191927
270160374759936214
189648786135256043
42350648676213719
503139765384804325
327081146330438361
441135843437832162
231886165843164936
175862514957389658
513065598963321366
451591046190079204
141264397599559089
492129563558414458
479387919195147069
432398692139299703
375010453481440980
335630733365708827
262668398352422749
76224048502140448
543346136730375158
568079870849738705
364127702538270858
289432682643472393
364362979930916852
458421963175177485
439982745820760838
474527912400710669
510377967606142488
146941609934404493
194157439342843616
343713462824455917
389973789999329518
326722436920092426
281728023694139418
182200135279663549
453026178595955497
480305990057738316
166725539901170934
400629607126409483
77965921192399443
81569681288552103
508611614291731016
438963013558577266
138188819136755617
175536824706486941
3258199604610829
127899569872168555
170478757548477022
184154364090573191
370803747300570228
365259207518338527
188085522208887710
503779902550424753
454522715210299281
240565209218971026
335464686798868208
415461184258424360
465704991704430417
112110372152651232
382894535002918442
380534803614158910
294731660633719606
540374333722959357
353184248109664509
448071141817774391
151140746589496904
436762823117321698
270233686986527980
257656346353663477
198852189859308418
234441443219952899
438423835020260461
466531919632307922
161161598967855904
528953419261651945
455970294940248123
273519864444680145
258984954030478780
197421087063129837
221426408429425975
25793778176025818
472465535247956663
80054194373646414
159376798156560496
85971029479265745
153981290815008957
345118220618026804
130851207682886217
335308087772122938
351933144094223567
6174449386147461
521950172749894466
427732518370036957
323728098912611261
427408899787376546
353033216056908358
275203054495409978
519477371684666012
115709158506308198
381251264792163082
269392851452383285
382717472236637803
312022043756342119
9281142017062802
46795699699243126
410088773900391557
573808189481264460
560104900311704938
101280610604984014
173179338367391732
46144412783315557
256535577872769009
303924143746271237
496539580135249790
487759717190824031
377025009190862592
331578255752393884
567293946729818409
203299758225063371
545871286027568196
154636679046517807
83233843967631630
209059104610964638
202525202241775302
530853210518736517
448951607501244028
488878259467901043
96530581928883155
255559504846757401
478377598390573488
324192870091446701
438775955094238302
149966130722804853
147628822189690783
151529644420320944
135110316566231969
538947254329288406
212142296173530279
63249472906552034
252289993456992241
239291882938096353
391999622605071349
451721467522519285
251901792753055453
291401452884434234
325585280786437743
475696305313603535
465777129824584868
330231224361476274
536500001765394719
84707915704773335
502101154084695840
450176495585004052
549656757651814152
391180805360164389
123112454638483030
444766925907080734
233039206134333237
66298289533521352
3565784234445069
25232638076870119
136826705190879446
508487228951901115
321707749763836692
184153303539300974
161667201959226360
26930395614009653
183037595070898060
124616032674378272
416074576246553889
541313239306228094
263816364811955012
170706483293020599
372691498453736005
58537339492256702
491921200422198496
353655382330447634
510282908087800533
131068790319248821
441202776233262674
67081886696079814
299464308379889092
553131426460567488
116473360054987080
504382536667691675
408011693606718867
130130915464589950
181237577616017663
480279513120893069
196478348967029723
569454846835778498
324891654402212309
522560965992529541
441887524206816935
54299949947353624
55680427626873436
117723121265200215
109052845621071783
221274279241650185
572557090013960836
432733465413885633
417395752570007690
539669771817648584
236480327459098958
65051869265565802
285040010933430688
351171993109316158
402118010829324811
491796495885021838
549647928887465688
342730738298887422
339761440031690180
17161748133620436
261239421364464989
91019332936171993
545695878264098919
320002074692881713
177023468341646030
560455762930975348
62544543510787703
462463928159754768
270656676472636581
420606395887205904
226058771703141874
313006542369919665
42689616899933489
176100774701848522
367319448390386339
82170216060162127
551865492272054633
213454838647963323
535261438706331995
525280274486370605
417632322440964055
305854243626249185
524651747949825476
521360381932921405
413544423198927448
35475602895167947
302322895659784534
296991098505877406
231915370740730941
185106718997499508
195392443074944953
12693881753511722
501758173091686148
524120524303492770
342320619743750127
370895821031159797
499198285240739073
286764137489394983
215228987104593999
503441879960976793
494640948254532070
171416066535732463
99156633064681043
305111679187340557
13610798829662902
420975134359834782
173409132720751230
466420176585791781
25504739487151867
366296666680944573
375991985158329558
130776939351067979
277638448958519320
133601472033519426
514721403101178879
285473759313160471
411400256003144970
524238096602777308
258726188975835827
397578068282599132
161222278976406746
46178946535784857
410146895933631810
559736322321927422
151369147490538217
275803860383364829
177738140251195320
381097433835932307
91140153139050126
201952626074656526
142688810013090600
436101854008526593
547198566222542904
560497139007906926
68917699431454854
355985074212285697
190972378952756483
177710699073868763
452726970395619217
251548504300707345
54716345791593654
167870417225516166
478453457019614002
270292330415197338
217122038573668326
58800150808757335
284426594917975363
289401390783384296
75618291225920066
505260435127996466
93075570924407384
272387063868170018
469622690470823725
291358522976452588
33319527130435301
310617064539241108
498293620534154697
118659142732752511
237273756509168136
116345244582484916
379324042843000427
454628281353407259
519245079740293956
296038696850098431
516265687770347814
548836682644163667
295365330692269213
159253815954035355
303836002062786561
344192388579912737
336746120484576584
192880891257117049
330599444114322153
414011405940943420
351334829393935825
113953248983671425
572618267546546280
342464365849096285
186170752615133991
346245035209919350
157716054136488956
142602489326869612
325321959208157781
266466342782607745
255559906237722341
24351019256332382
452808289812924842
426079025816845063
317963863522590624
17869288404532000
330274303448611518
416362758890091552
230804631152972382
4878774875877605
251129709266690078
85206773309437199
42481114228835627
115948873572343001
243885348278997996
61734212440362650
21916371809589703
302943467170838750
338279768841192783
4724527047634456
111829697806542474
51163238749656344
509769949865510386
356669598689610085
550229862611521189
342030553269946072
373821983220690755
399448946866868601
138847025766544312
263862522817417612
524293414545423644
240971660930676921
124613764002561482
275215772853370205
232151113513433044
137251866271986725
82713508704936173
282957491701548044
571438841454566073
410469337325141299
236195234142349838
251437538020947454
423948742345510802
278879376128937671
69247245230830456
402979024331181133
263237437879787121
105805812489791085
148808866913378799
507767346424230908
63341657655265220
87165993922430907
282144409961313768
70339480403336191
473559354661618744
7937135743130326
345971190861768877
60223254362797020
447805611233576940
493402370632902096
287678558746485286
448469001313466379
203117073837100421
480156792776114301
177371729801724437
245646789209716247
301677767821415381
338929514459673140
236770362752536845
415958311918412175
376132209741944712
518089119221441496
429334455612099158
152375032095648443
493285962356507885
78440917053594390
497115144074513251
348811814993682391
240339017676899414
394481730375337436
398987082841914213
536775202186730613
209068187724737066
491159605516866415
409033912154182396
382048700102503988
191230353949921158
8620562517035123
216194934536710716
2820851383171691
467935516109295069
492846649913712201
10191897572865423
568981719706202692
18244189195888255
371165153862165205
265182619359897652
117902005365195500
511314021420808176
444025473473664942
238196376962913356
55375261982081380
217373058367803812
264174581751164426
18842047237203258
45259176594364137
187443853238577400
171938181335680520
75154317822983626
412936285213582709
2589056886824011
542107478507234669
253912808195264582
497792455507095176
168791896346082249
461544689888493222
398788719051980980
98128371125594100
298847708163949016
252976603404226426
130313195702530626
37990925721810790
333727832262195337
494130183015255848
118828212031535831
537938109384684616
287628861363211554
220007689980555442
382192627718338882
332347845309949796
62300570912054967
412379207353910964
452451188207167307
71918756685551232
178472916744906557
121541457304146281
261430672299562456
196827472354626704
143598346361902683
286844950503633808
13462100958380308
272153038865552534
314299266126668284
175379410536540424
230986424935910294
320813454550636012
8751227652428617
572991640838477112
247416591515995200
532120128236943738
265761103475182424
55890845217057699
52050770949382960
522155040250699185
108007225524420888
195388576769975472
245807204996192086
414840680296652582
264231049202440078
148507442324200602
370323922969327889
405232980038433499
179128898093071309
451334340743200025
57774265691461131
349774837819232361
180083430917072203
244553814451089852
542568263651665354
16444297163883725
377128258019535357
568039048947476127
102336242148102305
241665836163825422
202573978014855536
172463892405376871
516284759597009727
519130791941401307
4415379383478267
8376395385037790
556251316840198411
280274458707527177
276066021348769715
264535705205891979
314625356156461591
437743115798026079
323811685161971787
217966194857432866
244490655278966488
524711413583686762
360569424880356346
554666728956384310
472765043753088008
566490121050292782
469367095317853636
107967848071474979
131189917411199595
29267305917403183
278606931020771170
240259858247755150
411934061941007105
498955857236802848
543753008722813870
366701761703956184
131086581175591368
292870822840089851
421951349651893979
35541458745702806
353805805465352118
481849319098392727
321979900515932035
545197240312456711
461411386567161557
520827946919570729
213663411946177883
431036721886015659
498032320361843728
332535366988237991
564091050149067242
467089123403668140
287034310028289977
313067899292122573
400812169535518189
322375556294051401
15739604254499568
512485284110351789
401302866772669971
329172216854147846
160447408236244477
463342709330268607
178043454719154430
97555972234192375
206277307197583341
545397766890263558
298918942665305530
557774293658487096
116127661597304961
354434125261429975
485002098002298589
169966744079049999
332751876181630926
216811000547231031
99737134043767390
84790430470891679
61714252863326447
265832202947607164
349893544327666218
315022083847575575
89406822647719767
75143593447542836
416465636240664021
248705047542240156
283492998061371308
195022048991964045
486766857776606905
191434742475613611
224460343560658742
128252089020365753
208235170637412638
362399322322726832
498570855979812739
423233056576832973
52510963738209733
89195287178995375
294563992602763153
118308846077337486
240247491156931723
159431747843756871
417908970901115657
206957581585330544
289912689051534979
290522976438843286
527539154708436223
304968341458763633
437677021481951451
490692082372662448
239113716810762866
144108783304288533
441625358088351043
277194414113537610
115068472750469454
257366722512081140
158890685452448632
62294175001877409
414302912577940809
505319666102570713
124829087047278648
25955723434124146
45054485533421815
160277788555155720
85350511057215624
500710185665470609
42442215410792853
217401137930163381
23618922479150435
105093755177877044
203631819284741423
530431261230626006
388068970152084476
100892515924521639
323247634847990445
187512239386145639
84168812585987624
152789255669303172
371695469933630027
391206339257152416
98755537866387013
59188237469971751
390721897549534157
128420936059697044
302051821209882087
516197630074904632
141969863207626941
239582089473872060
567994241279195366
470847599999819760
444763540696481514
58215181661306554
69377868812445923
214619430017494972
111222351485691340
373526322991449451
357491944479114109
411665548145919289
556381704608506469
372532613832038826
192293665006525785
313474616419179712
201243054349220433
295138969112991305
56936062454967997
73452163595475868
144134387221438133
169523027040991714
374562980891101609
81260375290776479
490576467956198567
456558423866417596
30147544086393728
378949343139205823
181727704447651046
187820552408219446
167258995620361288
530563990873828110
425652434394289337
547053351821456647
136849203233909718
388383316800852206
132310051808043511
430707961158026590
34109745203625566
208673286013636661
328245052521044006
211087602795571851
449555154197739501
226891783767363795
142787070180344139
46242874244952101
220687232437925545
43874508785849218
348074049288930014
61782311997332627
219115179857173592
554681273310560215
27963970555839195
100031473356618387
124450551627873124
432169663798199060
306085685989369250
470975164996354167
369110169739289503
550085063806128396
280619295749627665
91931201520600144
190120392982335646
121227638504563565
122624933917728653
198363040935639311
355441106428551001
178764977462394474
41635686826507911
361504138638645006
513130755934897674
13148419005340769
157815720789667022
15675824021272237
552551024447659917
137254058124086084
226855355391511381
87244575822164068
361130392361787865
381606193892965878
339793841711459927
425857335582580637
420552101910468834
258708032703148503
203279501495461040
9428934184395466
427906037804302217
229557899344268402
135334504801209351
101204387571847591
293306577587628680
234993575095803619
174654529813949425
516379292485761176
322066943604443649
371787387339918917
233421440588915024
376815191033969434
195030913968534309
139784489322263555
149581870528785376
186399405830551731
280914530473364608
469965271588318367
152937524242578585
366654968061265067
478465521644551178
553843329381277751
433427831539828155
451232660382725510
229634707764890179
364853829204366824
6622549396858348
337606276234714284
270003081845429136
416618903642981448
226178982729204247
467873965427406077
415574341794414584
439022703357618141
91501920299724686
266356832780064562
50276983347193063
545033399833009671
49628278792589782
162100813471448865
129680417047094981
520510666997156089
305612326067787742
340193144422523782
258627519775693190
238563597462183355
185366803724293931
312057843828761833
366002400899883097
312640698960271439
538055890336511050
343667003682394932
175503250993223732
56332678910559461
170643118480301336
264083701463520583
269095058971570917
422671016042027063
395946304376073630
190698001382970328
159908950365089731
219158538134636326
256568019999308974
145277056338841843
270165921458492672
110380973487869545
174645370055889236
568541464323644280
562426189456013358
388924065315122471
17927943022715511
34897929335802470
388890053757270975
499315499993832466
112800203659963001
170269383946682879
254163472898329506
319613977502775374
461223348282994693
426837321336702371
540432984468657648
510116267902476450
397047296641303431
228554584790465738
249516698030287541
456920388585548343
348898383707918731
98921952394029688
366833658049040156
284516985394220058
141647225352816614
391794283452005609
538125514925884345
557162922011986887
118218323252106888
238680680002891929
20286309696241704
63144289481261038
408483273751875314
141904624702907547
445843603559352540
187717679793606046
289365321058928227
310014916169551948
201609230377941456
242799893860177726
454486771087095821
65178059062494014
517013116001958183
37220376051244944
94091307758574504
542364709023745646
155091028280294869
53373108895162723
511740630581009062
232073928035231484
8814635730248800
261783433458296492
29255387451740219
14820033508519297
462473996682489399
268536748405713193
334928308876233416
182052193578488195
418769132349568555
112097507734943271
10405464953224914
57355781314902782
207836361036182901
467757943838233861
277848056171174897
535813749649925259
132978002179177891
283388857510926262
454940795981660030
401554480764813700
446975534300580183
436779295175583834
39726794086011935
358168070492912243
322091090978317717
426435190624837635
156119266933112602
181015313305090103
285145429341852857
402050604858398310
573282837912932619
339314521946543420
425756106716671112
225133105415519577
159605139824427268
382356410882521447
344749477582503016
522993208758237487
445389348826817927
182127497607528297
450915224836939731
261904456814259801
455074249638428464
303717043423377331
13273633159919185
194324719349115894
401327668330445790
451168373809708905
85838820216820869
62780974298591072
270909062901365231
447445533027531306
221942449062342930
15583164261893251
136252024935536560
199735406096396394
549126382389247191
32628969145515090
362771399772827428
67025813137259683
269664753855624344
114456164164278568
178692502567425694
500688630588383136
441309346161744260
326576831897140011
570474474754847715
81050401815111252
225683267782524847
318957004555259690
530050038755693624
245162859519378004
541404202658948888
237633967332082240
235063349411177209
425116108105330929
231087604975639101
32129455906101917
199464406114622836
379270115637984979
48270705431615550
328463036969911176
211719223044528721
569228937860282075
553521030273784118
576079401468718243
561085018787593563
329095762676384580
447422508835615707
376144111529725684
96426904814689801
324198181257623286
269584592381222014
53422045610277871
401407583413281033
18287835181037187
383736540967343659
546190182007715439
543475702271049524
379520095659446201
270566749940086644
132944637076715802
312020902455979053
505936672392026274
120545892799222703
440569969225699923
445164767917898716
508131497152904694
302387564527373551
235263139594055877
107608574484498780
394756608366157840
43596989145046162
566320547684489778
224772926153355980
265272255151824216
414604575389791494
378517637440523530
118429063025083137
573762686677817548
290606071440321562
326691044946118271
60493033017726860
516862658870965726
101860351043871227
568655978665153224
193446560682145022
277018007227065079
185445523668674330
535988548464641144
561762847923960833
566558581816245202
134569738023810921
224904022100240251
548656182046710343
278061614637056073
398243780537778531
124530121065854217
113749763916387596
169837231887064325
453748379271430812
347023838285794267
359869984171957391
94464021362435028
509416971734094918
22665060430429133
264110210566758046
104536615178320110
563278145130543084
29568251183931176
503990655721580306
306452098594593062
570575144465599577
368861404351307163
319962716214207756
293044740565955180
564466287841195557
490391185143422555
161753298958402728
193841671067068003
544704129245249931
223584172521723439
528626626755715580
80901229575584574
492328586326767693
480724965496899549
267436955557003586
556474558032396872
516447500348349567
84637553637050237
281797043338739354
527616073492668524
333424823913562187
473857513459968553
173754082374234407
145896472022795306
249017543498693068
390389319058538305
344897257243964510
40993300976266280
322048700000528733
51360060528365599
554967969626350783
370977904769871783
271927854051972913
129961201800765915
552498115440118452
297844860597764285
58925476571490658
298454658165853173
131416050589900048
93499495998646921
157732600821030208
575422754861591311
312584558556074766
40967795824767851
299062345249625399
452934449463329679
329977529746559382
179965648463113892
182366252213497450
42311543905510570
564649404769497065
79280970399110588
258405795195417543
135371147380049884
19404255751564464
235844402104868460
177768524810417789
508937516997510287
503380261935487519
510092286290862390
127518187625860550
195747818498584329
360913911718698745
148947683382416653
196395757030184842
377703755760147006
547177591405949949
292205775015314816
16029849326706187
216071910324929955
196666175440475708
391710003416510583
194746811468132039
555566877922793229
20735744670666519
370947460735404714
159783500242354334
355968252506319930
177015770112100418
157887119222251464
61357971767936135
108914155427109036
302076490860799044
246722869778342302
382359108013932138
197991963482906852
243310852900622666
259604913975818347
456572293925543089
296965329169636695
216848755004564696
541819176661259969
443267710187307622
148271779273840380
186176599543724671
361866869468704738
327309835584988468
259694192776977930
449176045636497688
70394685619222926
424302002101792136
459539820458848609
150327109865088465
315497641316060728
530123616420584961
253715734766570280
13396806771554637
549290152081094130
37679111446816007
498332024663891414
293679855481053420
310399373375640178
56943250660756425
1023471647227535
495882545603303037
326532419735101465
509955925291633820
350253792288059458
58485301972152577
96583313166123058
520449750092711407
548159489116624698
477820161060092124
1931310412630012
233147481794149995
408031812455581851
217395059047722017
7028006603828850
144771938901964156
505904484809534215
478852824223896857
329634514510724607
402354837264691395
36831202056751081
268258095135727322
316080981599757075
557697309968144011
140502115886078698
516850126588400515
226771289832374577
272639419205598744
75809963944824336
530595501295172943
189526292698787983
110438512744566178
444396212645198089
82181074226670265
195801648696531541
199132111381547459
560281932073920292
254589624733406001
259101131956932421
335399110222350156
102485872902498363
131725650501019180
450751142440040003
252848866007306456
489715189140717712
459844707945299135
385584271184375799
160096133875101153
420361690115305580
534087814065631693
344309880370991809
183114798407255807
22124567726858371
389794349630060058
380380340568951708
78309524465659865
50934936549111339
170270148700966339
355212279734566773
206109547823810993
345878438969896055
496627103832112170
97115370322132373
50084851392545954
504440772432323
471382715275366174
447012940751769131
85615319199182953
493009152037072364
39073850300847310
495345693654407394
426917697616839508
256786207370353659
100079494072771931
461420771875600101
55165771756321358
404333436625855373
318084379538832936
452528038140247252
193646092569001450
190121490682596674
442554529869962122
220379163790088476
495368107554105946
123472131073928748
172528458620761155
180165066299120824
355424395161059004
89867629110358730
89633421215822527
38276325700233508
55354636468396350
555561242211483932
163242117553228574
397837784451124049
3693544346069144
429356935546822390
435444990691821414
322846682943721985
356472580015289833
288634076574509420
350377769343329170
184459013983409425
132328414267708693
129421130107279385
522176096726584759
28182225214099140
305659701078396485
404414810025399903
118756407731158349
469165482062560335
568171778816419771
319024766286948218
72089215749047665
177605259956327191
201199195247071092
88557566286170257
77174003890754047
59438275144050780
250146295525241057
243187098871437649
92787161768744915
482143900456251960
233187477914046780
12222189884292583
335214970714411751
7046201875806434
245950447557974912
573166204443349010
253078208956279523
55415414785592710
204678859782783112
132333676551013763
266978376553445890
390025163238302157
415020367035501196
107828219981173777
506413320430717428
568499377939210543
483502943782725017
212790528856809266
338064685068604218
153640925193579928
526585500855748107
32770136554164242
320551342018859687
244251776746329272
555568867252858250
100296677829405353
30141110602167539
47409278147950829
484124857595369514
314634031901451
280263388624380875
377608100720608836
508435007735658968
530508016265247474
282260876003785170
441904392336200577
212241730393323818
338170001170393622
354782009548489137
573556869387778434
246095016295796464
558297297149457887
569891098327399484
420879594842112368
366732664942370509
75163252329309291
218899946006737312
112376135604400810
413479383467069598
124633539967376887
142334213977170882
83166517269085848
282844489610263816
458125190356379960
411043534053714595
84003011361164801
536944507376169073
201778434616018714
482496103479989892
561140112150374754
197555588281677269
403938664689855627
152487961358239685
147208608039062007
35314829037488749
72369203629490289
389738113822903821
137405744074466055
298656068969802044
84628634612891085
183972215824215124
100925701216750973
546313428043346903
303907049374154854
452623007539024745
535352038354406578
473897333853093105
417148818135403206
302584990050512584
430537163186460104
329094948073787890
518081403048045512
241682493136587967
277659470941462471
53133922854837173
14258960439931329
262308111974695621
395508725761002642
470872522676401777
522714964516886576
419894706141754220
542219134082574042
433314960173210957
70415847926437085
487987582252862377
157233165670904294
278743266275130246
433254075700490601
125455690803507802
185420765708599434
496417092179031363
241201083692167332
254715463055046474
339422540126453021
12552396640149833
155381769696315598
507429943427699403
331085225219156412
100353100645287662
271435956377660023
294722186044936640
352117801465524315
484330544438888774
123566809999708761
46611625945540307
247584055005541961
114403948983873635
514211848935816193
344924811770397116
447050785534181712
341192806037986054
83298580886593690
72099986790275747
170583328887239943
381725172362330847
198048093273801652
353534721719033546
445007519744839742
542393480037395962
26383970182472752
180463353801224261
233950074762167209
300127455553355861
365950144497246252
438651485101046547
20623634856224448
203098188761730954
520443947288473437
547866350883026945
139300146489148417
441009018827327309
323811632143958633
28712141609382646
574562492799227175
242351705438291423
458132869354676764
144782726018257386
361629797029015331
553679547066549109
44508818827405032
475019636449455231
463504265914379406
107379671601168568
550253481840217979
18085487936683541
297166392335817316
530308970576645700
539193984804348852
210534035774581640
512654731498870673
391879200805580471
308292700406942952
558335637096234287
427234390892808338
200534810368002533
461697995689262463
19248840450409626
156257946953180235
209805387934900782
376238767786536160
370795432573898100
422992041211934440
334667008270372947
192500811058284978
92022977185863783
36919838234461685
3735930059251414
233210326622247887
214136731546673170
188748493174827395
339249375646450350
472042158093447085
96068776679917586
206986818726974998
43107268974018745
179431251486209634
84157225176291366
127345090342114200
73032842434807930
433180983669482877
290986791826882092
46159512342986920
576095056366053608
416133845187007750
465788023186797649
305389933818761697
385687940314883223
459267614886497633
206600788165802343
306308156532844210
43461207385325629
573172582642228533
418314857395114609
148694249858269015
221831142693473615
368611657721844984
439626283307059383
284430145687453191
31237611972000726
403007332677678680
7266217627579584
371265636166882011
107980473184747079
359427179621027478
75641210940526136
195580793305082225
69252466706057185
482462892087196752
223644086396553568
91451899149063265
38119646561458499
310960069635298904
191834541190802394
113015140563963476
476598671588813359
31304519682109253
433832682967885259
14439139411094294
416955264848384419
539559447937960914
424644783749716935
44797398268338714
518360326976330977
487947041231704202
208139515141660831
157874137792854113
120141399339599144
230762798473453604
368235555523917063
313739658420565252
556640230078005366
512420239539521450
362978713910728849
424612798107270245
302034599161981369
144782322280884938
114602574767826348
558823346109084288
536331517444064976
235630232537473968
358939869164766967
219472256923650090
80915721231166724
223411998894371155
235113140058367885
31108186635140932
482973592885746625
524035390689874029
178330608447815875
266748012603812402
319995783007258755
393359705549205669
389247871577938442
83739561591919453
257640519344987533
8250664091399154
294635181636502152
287978752167821083
559106302460492760
201861312223912065
291181268258833768
98344123270070471
447378242278336935
355857453294301200
51902178932565930
356647444137277558
282080151087392545
574078185089742789
112299250380056558
243264878504840682
246821434536699868
67058075875513188
152477396238994802
261860137280587381
84129560883750098
390443176984902634
238332517536528412
366005072359943676
145665357425392968
25984271220012074
339694999581128396
481353504913142711
28404447718265896
269451296732032635
184982892430063273
546986180241479146
553915383443922443
456650662624501458
309591332924944967
45701867310354060
118947505201644552
134358399580470677
222033759518625718
262253483643026749
358820688723483553
531080922908298412
100485621373012349
138391716220541939
246624558049813834
559969393625399701
416575579834306563
310686914484539485
481228792826691023
8067035305480049
200956243146455379
427350536020209354
239594553040936688
249569816933905893
236394684164683834
55693487966142949
92887775641514496
227212672169042069
377534745612915769
142632479065537613
270003545351805003
251112802255208376
32488050622767746
563989423552105227
72255180900120766
176954397322607520
6991137456871564
503909721584838091
35330987362236084
44397102927746159
146295201181276060
434433698093667518
12380816097796677
116831298700953660
118514912909246397
405840585589249871
244355585448516784
193097202715902287
548247819057863185
32857121078452729
245314020225137138
146184277959639327
419202471726126343
559610261396545560
201550323029105939
417733284868052997
412873924941292337
571108672508342779
118415773531012178
123430228999696044
65320455744407969
154632272453957655
216015369174451638
331970646412735389
195749173650918628
402997570447320660
335692493125485174
541875868559803203
101425871087583962
241638353377979385
116502604629385415
457721473919553105
262347642101408941
219770280727315098
204403275412242896
411554220812338714
241192918831094084
89946235626505254
338725580152180195
400388764146219857
320980553640408671
17097290835023160
189071284426020055
439004223485298734
116717227644473136
393099480759929273
198323519191684045
487854246386840266
313443696508582071
374293639158618734
319323802189062374
398185125995302725
64044357077148542
19350549063116180
141590651645879122
453546897493370886
459104426105263467
322070796683847742
207074916425049874
33073758232335996
399214147746655563
300083089627271661
508672224375943867
82248669378363266
277181079255664253
145112284751152629
453033232412296881
303504177538398476
461828813962867182
61085753035169030
196473855180042113
444006150472370068
373386022242330974
235917775740127477
253434443124094375
42517291819813303
507198031872375071
424610065683952840
278768278713725386
256851450210123751
441926033886033835
441274211543561274
469282714156020570
451662581250624968
103981638846967991
153610465958844413
105358722899685819
548748646855970155
80726461967490945
256754058905655376
485271166731272987
214972846649100018
215540472906356348
215606969114479459
129249078365986021
404256556788240643
292359869341546554
88679468135029927
171574775174113679
15189173716464497
364262229497896525
405446461874590066
96624360026675792
539294201830625652
489146246305343
124463770689143718
435833350255409485
35518501454316394
437772449222843281
79622596225968217
44714990024745231
568468491903352609
529376561718325200
232234747742204103
281696204821240906
469658039967211943
172376927722652388
215652022855064432
44171373298596655
445243528364531383
212103859583327212
364753151086675003
267042342809714778
184008860891872282
185742967940460948
410369473608699300
73374460349737859
6904010335058985
435704334866270369
492799369010094951
176528599375612951
202581041962892220
81756784288333086
357186837022584323
77971638088309089
326527544633417554
512417475340867438
370377397660038385
328263435174923215
410193426252757266
218222781839792763
495229368766774416
489276671845728095
453739508536827301
39755754848201092
34939085983020636
494857796940597660
195590022045674117
300536439114445109
572826783254427094
471317882248771551
399747004443560893
36088308786239365
17785654399034824
87791439240722472
26496334958937418
430613476409766534
157672689461255016
146004090733856656
242932371319424067
13603573231234063
207090166995956170
310431585938356576
271283096885146592
504975946175741876
135485307773162331
233460367885106304
559417501241657029
528265030213565431
110447448003736054
426922372265000958
341360744496362590
542804584424568868
336689549981862900
493907088999472841
288556951850271075
26017025157131306
525429677627162877
403874166999361244
576361676645267745
340635714070046758
16241770323907248
309714555069337289
422910710544487866
23116537447241996
415387654111083820
241015847897620919
308731709391211978
381711195474819828
354452949668915324
128369291926225810
57714159341584913
111426926074503245
490972806308856320
501818164210110817
202376840639400376
502396966426626888
242120031942924735
253895361025696316
348973283456922807
409822675459286536
224341827787136136
439833865727875013
127850696309916448
477910007848576184
111995653856660403
382575598559828627
269253803627132808
474506883864284506
346379756368305328
136907396217633981
492230870920658075
333816693288952305
220898308130519896
91710303974969792
136570940171969111
98223430174716778
30723595960952296
127089069854695036
220966477791364423
254940641824596559
471424435729790582
295315783563952192
99942908248667435
405624810980651948
297374031107393519
498142220815769297
98350103873759020
173489232368477945
469800669152413641
342720788241457255
349261358587218823
221028046242052122
456245678630448131
108523993349047719
562872217481111569
513934123780503521
461757557135896648
212161090053221026
67066842538115925
261283186866432667
510881636335932260
406395979952047818
182662717423262858
433840755791943473
189038690707707265
300776696223740834
356259230071787999
531150206017038440
542043380582540135
111402210527812424
481124712282574370
347526752651061789
170564320205838428
288372997446737085
41876285316144216
449473493592707036
415798835891451345
47873425855811835
331580164745451822
570153610818693580
298553053180908257
519697321750404168
253767762623182832
427852861358926977
1324862613631728
222884826870712166
495339398181630834
235902909350120324
527580333083050539
121797312042670686
380169563020681085
141041279024567166
448009374084171953
225968845403243704
259284034158535340
525302375972097972
43840049558236763
502608297950349230
40918279904604195
255578493270260271
156291107555730847
17771995874399825
268639875622965357
53286709238026849
408546722245804641
139755422356388722
561951520474138900
299056060070398254
415656642589208437
48418294705407539
281242690497869819
72390620765835379
119713930753195689
453517765956113827
479829531458408997
556973195556165519
331934066231203725
108286582382813256
336626196907708632
310386555452606889
330296306038326875
348935010266497003
278002257073805134
240106730520779749
231992020025975918
374240127095559989
394922717989117638
70424942754663348
390691690380129749
477748681369349670
2866264574541596
187570006955896709
463659147539556302
500312430830896037
204647817338751281
561257579664801353
105957672833408671
287927795431403784
454373887679150089
89149588715621532
239704140211697816
242948073998928559
535104948952278872
259084076772229711
485579686027686681
241808583074191659
32251105561704807
195370769161220702
178481969447056631
444604851716294375
563016326566884247
309699153384195450
517136355056108085
377453435926072349
509285614293040245
447305389764154496
248953840879151123
555776697236184034
490264370290567643
457537281964165325
538250653491706576
39502776416358016
507730635338288534
552430999762717318
136182334030220119
228303704774100434
278297711753973659
144855265296182877
349523463536592530
393540313729685673
565502137235506699
42666881627072547
187332202564093010
87488674038876540
172611284795240714
312133448725416151
457196808805456337
530878190358006155
374874399545227294
267860206020893423
198958221785202986
87676893155006144
347185787665422970
294291762534714531
43317530487175245
193504763095218328
430051896988179265
236681396471474901
531545155057699895
124633259588390330
65923100583870596
45149278062560252
81454546688362314
223069856295006914
73008459262339096
432158744706363458
196736720774130926
153815462870391630
238205607654207592
343593948060893020
488333481135869821
212009040025446730
563990666483433619
147926833022970314
120302144460421034
52566530380193581
411563899944847841
220588952442000987
495172580195519355
473323939744368965
25358396357188663
222904434306429482
157177116800462522
212633993449700288
36949560096535691
284028095737877922
4187968271912119
249315057781001930
171691974384014454
320643735493017268
360920970245652169
325375515517175890
553316517931829067
522196820330979299
512283419034001036
327846889262932436
461385605772923117
394973430677204956
67541129913107050
144646767736074789
351080849102686044
507351447405681291
224823637350172079
124371434824661996
471764590565723800
295707610145101566
405129628965177224
111137201310888958
487814934252018612
169325002819052318
249255928211196889
265504449300582427
279067074739120313
32704466435118463
191600984158436065
114801140406367126
187864118496854680
94673561343562878
307273713897805040
213816616894906307
575172223125647903
57471961154485853
407725363741259593
367402751610785280
363768963341845978
365535900577885361
200451961482154503
149351937327804864
221507025069474845
442081783422255394
280789437116759802
423345128574913389
445854236581154174
354915461814189279
188896938341911959
182278524341609866
338778806747332451
553941935849448841
331508097657143380
446455304232089170
420477143107511955
374738233676171714
29426635847445475
355944361007707865
320789774427262753
458120885937067108
140077453106727458
439086904446732793
9328164630644001
544166049785013791
257209466997456819
83413865333707763
465005636562085978
452547705173903067
83329333712543533
352981458596513338
518814764514189235
167361901761342765
125648017384614234
572634665901200869
58468279038605729
553980466814841281
199011128076229330
444821138575864947
298086257322553137
567510078344862600
496312587097641549
144198088486106149
142860161625370089
129643868213652057
123077464920841945
311356284759724904
395855478857221209
491077552389082964
482088950265097681
473104967871905939
44173782021088840
31578900136303637
234192177665262962
428146979951808717
502975377940233161
232820751501128223
239545183792003128
503028698750592510
478543943864259238
382882592789262920
531375825365941933
26753494504223533
146025180623346097
188326503926288330
354520690845704024
549982454561076783
243626071835207171
566222894042342855
147314038507558105
103555533249324624
340913923552915671
446182803546325466
158062174928248320
137150623584362922
452112714841815402
543019551517503891
69948481471952591
137316803240460013
247350450648233927
79448973579181081
190980829982921135
89477116381165714
213582608591609885
402345890004648828
433585316639895946
457667330271081944
238901873686494371
92162792256470414
492810489068020673
144973337878219939
306321901402469946
549452767802333235
71003964454816334
565267370570711052
95590562162037755
195463193432977785
513108250337249075
320214515719472186
478893516412967949
361566878104922934
96613535531896685
367992860270689564
269748458448493862
456915066150546818
60901754754532970
99282704013421380
8234553899773115
241331271976084146
481413280122239428
495100166856979701
362612825182027942
422785684500556074
155901104189103911
35239169640042583
533464983175323430
562299610556723358
109033598793443811
409306404146536148
390210542888498208
504683088445664739
316697384741797997
304198592633796402
418902901409263094
500233261252776050
169252349342172575
212513484171322863
130634062753557580
532686967372722665
258013885295803005
408655086863653756
183231331313826194
449671161122955022
531041382764643629
232031341656065118
434464323114197099
130745856887618430
49501071434969105
287938355898409029
195159859426711906
433651225545152720
359393712282182429
37786280290299319
539654321449598820
31515927704242905
97745758231459138
495674536712261248
237192373277563506
67804217221321976
344287461285670877
256508480123788791
137811738035439385
35490531462303065
265588986381230213
530800458953523802
198780149022422897
124158256041795142
215545197943699047
167835093545788818
512304032967182976
315136615512275557
330260102673575972
309679801480093042
183442701471293551
75036233901577396
298667316619203353
323101459634896013
502828582684553277
476383469078555560
62617358050056093
64903970490580814
125235136000656196
302117296758072119
545904595301888325
255005256533904886
394974642107119993
542603445572765220
218851148003843848
338519291163211290
24078717250454295
8131606026376336
418878116249931023
47794408089198472
198450051745430571
313214608372678052
44905887242432261
13585746435774893
95923893711710593
380520176792464457
195735696113508556
185482805086532352
489106971444216951
269729817439996551
429720367730779477
549484181960181149
98252843630690606
48470466751301734
394700958930473861
309278934327071594
72632468243601944
215956917131879114
49594150661083561
489388128773750505
124482693609778076
573305991688731357
456057539835246768
110726852985276386
245348820589661988
353222692264025062
183189703097337760
517924736647883926
256252210889711939
28000119126262597
432444794079296166
149056834425212580
343282313828090332
515529561989514747
96965718317367440
393108395586909660
93393027193501010
104853201010360360
22288397643078452
159627250688160748
229680092675398289
399767814779888790
142918953070491812
437961966573715317
84514413898109511
125797355678771993
153691383701934848
537157981791859083
118678039841481342
216209735011523443
334132427449660702
365253010227105771
304175820937513654
492435845721094391
307476916219534420
565055183209458013
414560452567162053
214223750555991145
108658137477025718
129693051705535853
115117315292335916
200845234776645067
559374455785641180
178795193414420672
478472534547575056
395703768226932702
100339752447155635
430729556184081747
407742995752076826
538662810236070663
133145781591966638
426436749972659106
310524551430912934
431647862676688624
475018302569796103
444003123435504734
348105947028869503
113588365445325325
331687971272059780
254150850143956622
66923879767793674
74486125588660852
493032063088771087
551940512089831084
566346148238128398
49537809622924101
335997454441044335
500058335815836447
96858847002683692
14560166483910605
320777646880446576
267064925740749626
230328043255126528
480732483299785009
106211951670956760
546237264682374825
558909208299838460
128703200522349992
73353030801582778
164668637302481151
223728793289688541
270804853072302310
206265648268709990
342975424071211005
441574896088502777
40286004720866168
412800487140877929
209759252986677617
318469141015343206
297527605189343126
76850555273044732
235970998683364034
369884926355985626
42718711950082186
490537190074683870
248833397259482018
212698635905534360
19564343963363087
435381383100809915
479587292722330854
557482985875083883
575662290225924453
36810967038398074
436688991626723312
524350907248654723
573453660430937674
194148535258654137
394762662622271645
264848418955872454
31945004131109421
383896665274066639
205783925139968476
369443576838144495
452444635228791317
288829224149789331
193009682368163074
441709823127171100
410103755254625399
337201254303067078
413417699113528833
65680564902370759
84325715376546087
273049438425516999
122032637486320637
370676904551836479
54848801140809539
226934033044081868
358611349446963356
218767387723740007
521617896744710747
538635124614969313
278015265725796433
117773318078965495
136584539431273971
365460602487620408
121505665563052350
46586957300939551
489398512839028548
51955667403085702
4062096927531958
325524722909920198
18945605422054255
480937090246437163
349363464746770941
405414425656003772
82318802513710414
76675570038063377
434726114428787543
141666004198516081
326042590410423333
199407062638809208
137128653559837717
152454406558172426
36732973223912930
127282698519524784
164457826292266944
1741019185285286
118886684505214531
153591154639838653
420484336835206790
22342880282410519
460225255221817358
514461832166562446
442354018937657029
290465236790529934
29629261280021234
524523469923900521
458784636920912140
205477791186241213
399770151270779504
394449219507706843
309210356313236524
132842753500708942
373477652471112102
18334174989525841
196208491651289440
142757962201719611
354988653999453253
160121272317478059
164405401907468288
30808581550306122
29272762296875108
267051050333140102
90856806224550231
170898276328011546
471596204791863140
135352611023723595
440882537311232721
403243721243606541
550192408201732685
392842801040440077
268967673150644700
94583715460769640
303008860874104180
486811488047517145
527188449671658204
294131171126487622
97980602364350954
507594729864374126
338572888092081638
302315018390732151
518496042547600523
207799731980399825
198137598402842458
318242418604324082
89058378881410590
222914708642611063
550312579160387488
540642594760604735
339077532253191723
313119921702571726
403081123908208581
236145065854711400
239238876262362916
233513903035124327
540629689293481821
244005617971379672
291671197294837679
220729294459517731
263402975501777915
60868157318950540
10559122873375115
426161098727040793
541376472779862523
333909443766437534
455427581585780895
438597730845878517
230368232744825856
223330743591531117
454476724330018449
466997362918045095
321548157403983363
38637783461007886
55408004148076417
171185885521194441
575075369095429579
395248502164133847
139200948672206359
226005896074794239
286474023116431068
503903177455494956
487048861525214011
452639512459796574
511726952404873844
34347581966295658
21501202403245121
432461697576819813
188423181022870532
513779247817253901
24833763858657246
528465543749125441
100569474586971654
422450390707219211
274820264119773078
351306548783991870
294554329155056057
455670045258090735
551740059702405414
303724823847586090
408667658895505220
107376637747988990
59915732260234630
57887227916211797
127188871775509978
452800540492548511
215666524712025554
128291142759947398
59899472274702102
490371667787158881
202706365806141637
532054491936108984
473356453705603815
317650092542374386
554365474925768713
236880740198894336
418179338798151696
392961253056700459
25638146120469934
163550084366797434
66889595703270414
366403819285404673
122164875044325189
155530455964372609
29858448422622090
103344167540303099
135641153195794393
257880181521782647
399266262544580424
284063690636251139
256537640956790448
506583284859290605
211512765844468305
108022337266957177
345823146769949922
340067029725762669
234452431532472694
566781204769217287
525789930288033609
70072960882822241
259602490295529598
511955040303709031
421725542485285658
33572024472388403
574423619578737201
468087876424226167
94189818627069911
239637775034666567
481724589110105591
445649039517797492
204309012745621466
395327323616382075
331073316274735838
381806772037742954
501510753168503716
546451108005980186
483033511050730426
465268181566984158
401261105124194486
443894327396220704
185287781600195667
564089479637466495
535675414331026212
284226771816121816
419233608483381901
19986681190952079
217642388320135724
431204693062106850
383118838911024880
37480712233784432
165670470249656101
457929598240535990
517238673918190744
220261901304154098
163979234553289355
276466742976169665
476317830091437096
56167972082775359
431742687634587711
289138499272306669
276642183512867513
214101646308661525
217658371146960815
117295817343205656
530203605147939102
100465607757023308
268775971361943935
515289739332662463
126637016391665544
141426814163249598
275936379232238288
112603979804618680
88781465626492885
448203536996003623
472577715625969663
186497278806867119
32176203511584194
46322647820963274
2061480952183278
350998069325072595
253219157288569474
309772099375708001
70831171294540801
204901493809513212
189937755542175485
351833354823647857
349166620870318354
54423025586882364
363685827882466812
59985056084826756
387428698660407318
238079393048698715
421439421533472952
190231479877947052
172030123750989763
378900506978939486
220221476424910340
209055577353775291
319789425956929912
301675515023107486
403349663969802904
46871211443793826
508549483831656883
475151164247077483
212950254393911889
353922043476600483
399495329667214581
39911650458000813
202429903819378502
493810023596501415
498170011134872142
442478493088607748
307500892695348242
273546820376395411
304688067100236717
489842422112902936
434436776669621435
163069892883750879
19303886396359537
214333336497007327
158234391026337660
207688129265222145
155076537556602249
440273227157191252
212770992829281296
503454771982492465
120086997683034288
439132606466425564
529954179503732611
403553483873106500
288248909707544153
417544366468269180
135799522363647583
329742819334308441
352731238554188541
566939484215701116
154907127726950989
306966366651610919
61961080476803182
125504511900161593
536325689556469582
402484018994784065
64421891682208985
538967529639093459
371923027932845267
27558766007593848
178439164192941904
100081719407893882
148228165506457333
527325583842747942
98784061952058561
316238726996616840
498623086215582696
151628094580426298
258140242723850062
196534437306938269
539525085092803386
261250966320810935
45303432979675951
341147772584634482
222085899082718284
47427971387497114
123353066214138091
8022789686603464
542938782610714186
213001914787892190
428525106463582462
203696524580379750
499866707532218396
165531656514591262
269508166509377769
432800534708251646
326146542822005094
56248731040162614
278628659318525242
538506536185011195
513549983049331453
431449844587527670
474350422755832331
433165430371737452
429193054208349393
150387025195243641
525068849585322494
67621785200609450
282655913024169997
329855612176690404
514565064589253627
466649321100496745
22265076469402689
493987060040533823
29118552004876929
471804518907879014
533962627096838280
236364066991309961
375600086765778418
9337183895635413
38698411726834963
348374902840231579
99282359652646193
2457008590968363
403357903593035766
414518834375173407
379830208440551577
25820715198906551
313338674667080949
491338466619164024
211130819504625286
418343880168590636
69294789233858561
439001939418134736
487708080282683109
103734889293745015
559453333620771181
231249514092778032
450053498853191020
320346834750293915
96942318221344548
65822427191325217
100298035298188971
389729381633279456
138292000096329531
497929573369878956
375410720846106933
77639826180216780
475457557160992947
172150211527932816
505862441070621933
250621523948637287
236736118114210792
467168820623329367
63362277554592721
105984211297733693
312285492207018763
125448897880699689
510768274150460364
259023531339320794
424460741447326549
195913393461330413
380008602385505614
235512140173464599
481290857607565219
328474857768195053
489795003683601008
329376538951631300
302885014581821107
542789430455869000
474070516556150618
327490903346960619
495065062356205107
221988746092880360
555011697699474590
4092384099752940
526276034658927040
555924482313909350
340796019412542856
569154571452995520
361238157476318821
124219505761446791
308992271808692803
552624242419591752
167205787622743885
246871252276075825
311175021235669609
381584311402367087
253860811794091785
563987309608978487
131599994498618807
180255741114647813
68698642709958616
545363656599282509
493811322450954416
524209502900312671
182561408095747914
176352295396512682
389216410975951098
14019667130384534
388207430538680392
154710100971877328
264708178304734013
183850810782671114
476732522920295688
361512354573614030
151927455506075565
361583617550468935
329555631901169535
272793524063068883
72799059125015657
453978664761768359
516427871196717067
170138260481475433
474139194265750978
390877170690515813
227001752549219321
166413317566406137
506509207237103228
329059118905991435
468924840105022356
520564386750271997
147965391763738357
524906591508108715
518799214474359001
505009029458473532
495944121229962550
249940512751598512
8210309659831989
447137757654024393
356376435807060747
481040006550493480
350767217228548920
114891288206266068
186945646311345299
512962286081613927
349178167026989226
522449761934662082
740594728550340
475974483351317870
302228551340752405
418445533749625910
564352787839280228
100307919674819364
554351286775974374
437440636400706994
470982825686294667
514155964398778747
473303843561612371
273131124786896143
545402417184487976
151546523633236242
441287557265537751
182798576921354388
565443298723829090
135379910365439754
530710575626295375
377874451031222070
314591285761090124
515020209717984471
518953775445174587
283716703464548932
446272732181197000
332598494968379554
243919078664233571
131487755878468615
387799016171022158
223404281029399728
133050985005710148
185588461578976547
553122711766686888
314362747300069402
183298826080289535
32666622941967025
96980718217604822
448273186356378791
189138882930061624
345883080899734192
545823237278349812
128039300767732633
283530516336162182
149237551378567269
247492703262713727
541749984630716254
343426818728189862
223569703821206202
509196009699385748
250590934832942414
168951834126706159
361192083409625575
392790926919935283
83497573688839503
335934587560008199
474794754349083974
574767556310131914
272292296505187993
319032772964935049
13924530234304844
467271794313420329
163598274308186549
276257869736010274
170275246420547075
276137016241302947
524998188328004105
205339626952473452
521927257773961598
114370053240374714
382891091384333283
195534953163971462
115471068348095143
33384338128751830
397679990986902766
432374331535745902
3374375469776956
454388901034593890
573193695334757716
148194724562345618
223773578479984010
496237432086013088
535766698373753220
45299075373460409
297731667749927270
343358429484988477
103868288627649798
101416600621796804
3624046011923891
274205337061275435
350342372367839218
235576890931966595
372379038193604096
269003732829565621
404087614430727168
207114945638982822
309746826708418035
325845986852527959
170527134332958297
138310819071853369
476832218897686734
464320407643213857
23669241049151139
510315210283135835
560288646594490745
81006639362836728
391802945208595931
508996130215446875
422542221450112854
347944882573258940
109633599517031270
383855550331681291
457909819826274269
324110143046873196
250030919674471511
258425440311204556
327621730046900735
49701623594344351
568583124105850326
336324152219109863
102191693282979367
144050129484733491
407118653319714608
234318774755492052
546218566120411332
270503847024816386
190967643922417158
249744307397630980
326318385953603738
47371852328993080
447651217145529604
254286564984361193
277834083692728245
335650598102877350
79844975403769810
436446911299155714
480165695908069306
227574442651519152
52190228686791210
552517263114785488
276834185528527975
568687220907171350
348091112090054682
96567376915602288
46264996647827087
492281819476645790
168907543894890521
41066692368633075
39488783472258209
546104464557698214
575643475664780855
467406464986532550
197955776130124429
21107983854711445
99203347039363991
548193090793598478
307242245951785123
140811167496017447
340106560658726047
310169475824143294
453011452431021939
435941824764642746
387531286167225064
57312501855311449
435658580289042206
57284489865317051
549189035624371786
570819209363010114
176244118401492972
237248454760726366
235881847524794648
374693183467402944
52000249774241339
554375503870315951
161456045460763067
62526183194811078
512142056350697513
355752726659013926
271397473860562879
171874321367189781
307383591617039950
289051711255398693
201217436197374365
569600980104265967
549269005376024137
228475727537310640
507920282404246493
551851892188452888
454999522772084954
407113527477696640
13878392753586396
195343866917788640
391599002854474538
103295430387682575
279265930102452724
151279445041814164
549977375955750263
323545890083668930
71526490944687912
293713340807235974
545574450524530311
438016767686858742
499058341370048773
389906594205186789
364485301004556988
435935329814688322
415854750262490429
528352165086603637
488307869966289867
174138781754327048
22432238831683084
251860584352891502
574070019634801605
543712808821875513
29345961819763093
530418394716692681
495520037233683931
30985264462741318
280272514871954117
461843767680114091
474906384977128920
265871002848851171
292978621988248558
543032819368770365
439697671596956437
508893686226670557
343017107275082078
151219583998333454
284983017351398185
379839883012672444
179984197166979506
420206062363030048
77223680066655727
52408111067902118
234118703261345713
425910555447273831
263610683815653610
28322563598056002
565914168518412702
483675292712894526
454218332736316741
412632040213649406
205505052337820144
294922303327789020
321932734873229528
497192740521298559
402177015672572612
574726312865055470
433941686544900291
214161518043786628
430303651781366334
294019182963864637
563744929263918355
123287167081813430
234531629262450654
89221145988688688
556122506971269524
134188997734476482
319123077312410078
70642182810600237
25445652429999954
313032367718212146
145691272510724138
287799212100762203
26029226442932179
14629524172084653
309069099180531487
110594491742350982
231388461516325306
121067748806340913
567954196729161259
546754205435222235
430575650863549985
31071952317157171
107989878175318141
112407724663996502
358561541827519140
552476098000835416
535480601274986592
301064831290661640
363144634211950466
194118925484396216
19037556917675615
568233687567692958
127260452379852854
448091785995031598
142237577539169991
191928144578449463
100748044988248367
180216804903348068
229880278905600384
331363352990845917
88898777129023277
142785991644306800
42103299999583279
528060129168159177
112145207903739115
538280932996403151
296578487418059762
289064182321850298
492988360810337941
171557712522311242
194213120816641310
395283808562436875
369648956022711165
552447123824997313
217183685862099692
310592067928685027
496283726751195130
58119454177177079
484537893328507686
48640340011925504
50881007544906463
29267348527393113
420182307104055638
61272420336818017
3955928683006782
355902667435815727
106936421006950544
263448934106338520
375982389039730367
448574227802555229
117832287029265462
214206817366329833
122191082714282351
571941183612080349
483828874464801856
74342231303921052
97179247276660947
459688249187141229
445594390701532953
375839817557382083
345774009914007384
387946341098947216
192336762280515045
211663483190132482
205986790765529070
548515404445828630
380019337672072002
258551579533192567
251405930641784534
122989454644438982
64369507435671698
405503743535207537
45258270018657482
219906434874014614
179970589213142816
175668755979625514
196721436860884100
486673263957920983
116309799398590329
378979061931781745
290843424099044345
406620244308255322
60964791049106039
353048954747703521
45139070625022055
83755769035475478
238404179308886219
428100673625160411
186243802412421156
85257427886273187
347478798403969378
36159695487714785
67173969738927360
548029197852735986
219472923113250340
469394163571399062
248042991000754142
124034352502773764
65882106297490648
25008579950365140
542409789614156788
253015683970234097
406291061584953123
360488345699281751
25443304546425842
514913632862798351
4136247974007882
415076179447983266
139053466025127267
11212369299328007
303955655705500170
134414247020102230
246086142944945887
143207824450429958
257699017363363331
541785821942285084
377586371405817746
469861704056646143
310635197418955025
575922451322602262
439686008402350544
403047468387872093
230291553837451208
422974318606276679
500135795870751885
512235005618486492
241480342644812105
184836680189865895
542273662758593921
171744760852295205
89985380160243606
363190602918420290
438111291886509415
200201813223794042
127329484489400980
473614189062883037
287932407376917163
570560385853433496
519068824748749908
364060358199547484
59910359299552052
389390066838691232
215336056464482603
16497639189749914
130027106973166258
13416419590937914
506037373195793726
478080832824055782
373539978452061711
222070995903024176
416599111330864813
337602535059997794
441543921056591626
460293055852022840
88113131416348541
146104012761043666
547355978311471008
76492539835346584
513966839766311155
157591575324509703
383320145322584594
323260076202129618
331018144432893997
298754432849425080
