313709975877732223
243906629715325917
533808423925998667
72232655804895109
204467980400816633
242674725658167688
117462075635701633
67216349211570981
258093343124191271
498913924197034913
97270769881404435
555238805499802918
573967052810549892
388916399257289921
285401066270620112
348928970943746481
285875075549129698
516612873023724238
189444755048662947
146559834939031334
523696747361023510
550771546312540996
261517190892757734
184630112480242990
202971542441956829
398844955131743652
428675931511722573
544763731005896717
53950948420814963
488020691256094354
435173930565613377
473684046726882269
103332887889636180
274469806369397483
264316250721876472
182063108353291901
517868477453692956
448287111562276957
194218876601170338
352919111479165839
549736198957179063
523946944285835432
211967747147827902
250646598373332335
504491048119285531
433367681379349430
86113381582766826
218318603901755922
509093875476518919
430107737173674003
85191097421015768
391943663225311961
507167416160856629
29399245550888105
27626520059809614
54643033589818043
354541702833639968
217446388626330506
45862239603858472
405364159948886602
328005555028593362
118902461031814235
463593215005114042
53016922537254901
53037129243519270
85011745042433290
51942315693453018
367320590018805885
216108639676909071
491246535680537818
118875357506056194
53432780698832581
392054364699862131
452199323110415458
540462505261283912
397616827104692143
239946294443162293
244551948389504916
221089537820644445
205954251403515809
397745053212007505
224980413598654353
304746028962158901
27092017367830273
538600712918714314
507138401256287603
182641458917396206
490331336057661074
77108513454373660
18927552864776147
492408075923649533
290067203917344914
228588353774898082
362210721453383990
207128418373162311
178294479821234608
440610627705109121
381842376697287107
154708494131038348
143474635632789982
82496355508481533
167148153251941522
554435792620648926
385673855698963211
125590373941904088
114042747306630977
350287506193308054
279966889429499098
113992383330696572
24382736621606569
146887203223058203
404237763193587258
434071143510814297
481360543369935691
36202441372628358
94666261738872577
272635075434389546
228152746498436065
459165447908630220
262080232228391913
554420035773160816
298049008372862867
235904554704296310
34385050172732687
227347835040782571
512542430064741367
257678213966212706
446637416615929873
54225659965492831
219686177618079254
396849600325168268
193201948630873112
366748741134482760
216350970947297186
378515974626740831
237710017822801890
201617330050972998
339394929032964023
292907875463966852
322679375034669450
50981630602711880
74142998720598487
329610769107990295
425555265690453599
436463020551821233
149719570943312710
159828881053548836
48772188586420879
38768252769546542
479692866838302441
497478711471413015
140583513309523150
447619951511846657
400476864832572349
446215423769586515
289655690731758495
234253399099558239
74938498184250517
287680561145586943
19273556501283398
180260852514675980
387118982504422216
65870471214958515
477258241658278713
205145819197904089
474371014663425945
352462110556714690
438758967733417162
162965206394854616
328457131585021087
73527656159400685
190133978085949921
346948239800448638
453693944396522842
120484117750919457
367393962244262325
305208723106790637
159550504451064114
284221074212518368
533106094638905549
492843221742888494
30958121535123815
158896020959981798
525862561980130427
116160581533940175
384817575303904024
532055355719215202
112603546274624468
486545222904543351
341771261876923634
67065729662736649
223091036346467468
261811965828721842
424886686339508265
55708969553211375
263162413278520419
480814411471613546
435361556961474301
117938543025630045
289894320493143443
352043000846527808
433624184612390616
456169797459707171
321424149861686074
349436340860597907
103591507876530571
52964532176206682
372443107924083996
11434316694743289
114978902527841911
30055154522610852
374999142993117418
199751199019975125
338577670441424300
260735014622821690
160893469098843852
59204428200946247
387215580249078152
295088802700954128
291403118126898992
303610991505556709
570206949161645991
402066056787764994
309112750627127064
222584070741867109
539670808898261504
183536750776625332
260325536109226589
535091259969365660
228745173338206985
180828717345338445
343414803863961850
447153440349784438
380211988572789202
34574986689466737
296093780489951464
294158995618357785
292935992148372686
47737688488692296
39482252180341036
38740960225852099
517151654981636494
323221494485137303
427833322500335970
334830515477970113
396425973753569216
134677374788763026
65772072708206243
194299830110502832
25510813511000715
350727369445470472
388017563233347974
282037172262538457
117273249773196702
272410231728240625
303745541109873050
390862629824164992
276666591369514020
368197483097389187
499180571114810524
7221745425212391
552677863989106168
111369456023907843
122601929679612186
156761300367676250
75136855331688293
195685796458885311
8566364081539024
81292704518955546
11009077163164599
290016058903721426
184340382365782970
159577308639603248
444310751865482498
416008468095927940
410599447593805001
60565236633235463
75071223191190679
468517919866172677
493828834798718483
123862806366544577
282433083360238192
68026108375484611
436569555721550199
317075586571359435
358410596447094713
393148610671986232
25804445791047543
179879095812745657
435724940538776623
525268126632905343
215314037665341152
25009279762530103
80778064672241681
205120248965486704
357623783855221652
175911845659853200
50475716819135984
313438090517000915
9508669537020199
22283458860161697
227228131947967671
512823715266245032
450106092120038457
330916232412469062
352332877618650846
129300559127967536
81400456025407553
295734718283283937
205862223436700299
250226671231876045
346493932503550485
524669260888826742
79293898067728931
539596386176296386
463000493191918476
2132223431048717
100600329997495975
512183269643961662
539131184997538462
380403012451729721
11741715680037587
240167854441223605
192571829812685161
492409107585631546
506465112519029115
478531628053773782
36334068641893004
231224239560151260
41952873297854041
499340566323994883
403749921460081964
260668867976726835
131853779983737407
292400466598217391
390761259397652523
49670092727236781
397894390355573660
505129429684639954
314480201257579237
529686377347800295
234553851826320094
101927825201678358
208508400498228110
507421476209933369
415977399233771204
207246052077431273
265394841221586803
338065708719879485
99244137680911557
405627811002292670
126845950062378058
205478641284673089
508817970303648159
430644203963712315
541690784529990989
77232453939684654
237348133820155590
149513052937762221
158929586283073778
52502461102413688
350709381923529283
457538404320828197
289650611329730060
325495925003029700
367460683963659402
85643606038514612
534220026197951305
113352147247765137
234975786652468269
401993859871495519
475163277392861744
1264659181264042
198895206475523183
422352461777171604
200606469499191488
454713908878406902
204985410960455485
490671239271748003
409566992104789841
423986426698877159
46892827346723792
158353842300674463
243601316737773307
166142711925129395
558206201270037816
159223819885780525
166149552828193786
125724155828168448
388344131055588496
1202807125311667
158450540403063051
103019865892183385
375344241400452880
425923144808313704
188900929186250217
363139819253378125
210556453086013632
365183459258251151
165453145615532208
482966925642441288
297872879449492167
265181319186484160
4010156165850559
125974946185616302
351735425866979317
470886234264162926
255930402643780356
45960000102214925
514052778866196446
548998590000546231
527989864487707218
217257828597115575
224457703700246200
363049295380437823
302881952650144051
543568277459775194
476514544229051648
457433605504255820
242777545130309436
171107580691923302
40408985444886494
511642190397540309
544683085674705199
294310069858108698
455972347595982202
29809550303722170
327364097728181339
353509427239279679
27653420232115657
70827268388925197
486715065595322938
80562687377739868
44471326430499901
224385459283526102
186004401071086461
273249844230605293
465274582986131808
394556051205357587
189089509105530682
36462251618138479
530473695831401865
348538989058747883
230317506840672830
401081320796555019
245275876353950697
129224547962142961
517424888334146641
528787187900866782
124388157822218806
495017698579376107
69634151268063185
154872102668496380
27011678709308300
541919879108731653
174125065293074019
166098892099382134
153876171077889148
360392635435759069
354346359418878115
196524835916969514
222085384855358415
336835909983540987
476285123352624249
241513077494441196
466406568349510327
463468480443563500
24667602996125914
35132035749569374
401184231438087037
301776797664823781
382085107920610444
171286924363970240
33236299048596434
383458562350079918
457951574751844397
279799072296121296
514783890526805605
76363744584655447
53209396663218506
263809069092279469
18546213366496395
447427254242680413
102577742881892564
312954488178378356
117170925909434934
220754663640921344
173604052880234236
186908889566311013
513201200420241960
335410248610739016
339393090925345871
570616378689305147
394640342051225355
24348753343511898
263752583014437128
356809670783411746
114197353468913269
409753439487884788
402510491837761232
150938056553882963
222162180603632938
150327009769009311
55490033900288838
461803338185298651
54852274607082402
58886177492233474
333619850423840848
567003146855098811
210905490176484957
97473010838883491
162825115394776007
14836803943762981
510796885658315615
387716207445959029
68644908064028183
264450123009102040
514173970439349807
500735867323365107
66401306607508543
197938644533253091
566517755639595437
383587215534099914
90570669444287484
561275000074084681
37031786984683393
518953980350108235
199672796327726492
412065628116695112
116820968682330479
238106224267997474
200390815252138634
400825279887594379
289049594333384096
290111845308442916
120552077490371423
524790263928660984
306336313932417608
62887021723776506
88298851017335452
457678167857549623
327413930462379614
202550363021020311
411274661345579485
432512561156004568
499254958148941262
229079879212627313
310780419972882920
145771202078614721
574659696427364429
560104475609338354
232014983239095012
262482418098765106
406866155968486240
165586439642677084
79306763314333261
274918228247803545
56492330644727682
433959452256297092
133977919622968102
534611826669841711
61009365123300998
16738788424809226
247112678963188326
26034301841665392
365780519983740270
397772108961365647
448978338993160579
471452847552390251
353708606466365745
332547373147392824
355397346309997558
272440118193831611
13323502277450354
374264221756756089
251120995096776133
266479609384522866
564483115901102297
163063876040508406
398808364316792086
37720219964799777
269898685132303046
570889503319454627
327727944949338919
536836223821930172
36910532031843026
203952789543526910
365584275193446488
94597859404152978
246533338368592240
277167014770964492
431051917955756139
61479942317982713
126405060234657464
49170065544721957
138596068107362571
216995738046355361
141963848275813204
187146601627477869
540860700661864380
41038824811238355
194735812900276368
3357976886032836
97510946881478146
506648602192048992
294066346660584698
316337252089187119
374216296061702726
344511392460419354
269512837306181020
549464899287252095
112723475077329665
46544890129582179
317947136786886841
290029209113839348
52570636059828528
373465916649717539
94463785381966689
487922332718404875
297953318309184715
160116186394124149
514284935099493900
246735610088927957
570192667317276740
385646469510858782
336588216184712862
538888062065832092
534178572752251437
26824663880768941
272128607665069514
302581603436114332
449472796120725935
102954390089496702
117666918521195296
222005445064762565
21847681724327318
364498761364319588
391340731578488301
21050602509862849
468177287590630298
290792099475253037
5534293217828006
49366359461424680
67467069054914494
83392021855077743
246958815761506849
209286094797644829
409328485262677931
513295722233451420
570280921934465641
73668740964059384
122153209119270978
135806395841435600
438339392080851510
302165585426385509
359198012045801652
250446562114662668
76824658440992009
91812337792492622
288364233667208023
120171453288972494
461427410101284078
219268218051915300
72832834506103474
548199290353049963
437097180957236773
384078889339313906
285491559677985847
75315428850166323
42511242586277300
360917612241570616
213911421203161074
109320851615922542
134990793621780881
240625340343875448
537245367968034619
556585324583064480
301274074057426799
527937732712080395
98134921653443682
536848984508673886
542874133938117039
271478678017521257
146237886871297758
284360589503021229
366959346014632173
575600569381554296
483991337454938204
319260027073599127
140020483567857655
32278505276944835
423409069236941971
284928883263261763
543892188704213608
573032893686149075
458277760795270168
260824053100308744
188809130395670813
66885294229371465
522689563600504797
444145843993547806
465935621395460382
236579194627234220
469526421735210802
528152569493264506
511321276209522207
11883638204529463
415651099760450139
411975540620871904
26054173038801737
276482176906435743
370042974884266988
160121216753153457
222411425071794261
194645464247186567
185445731347032640
557285647581214181
23791437054206544
408460650122374333
488922567454371927
220469627964558285
7495123884317057
409179648415699933
292786312036459030
540253974874496421
329707186667383996
466066800776460517
12756391440202588
385424051900651037
484584660468757064
311198242539427762
437032071949692032
400307433271036322
76276663716032576
205685619747829807
380942704430842228
75479307005164705
434002079320995243
527283654771162377
125370625097456393
22910320798514721
436312332640896857
260389317925708704
513138394799217121
240851859587835586
271145756148092167
542985877331583918
445558089540289196
393308391562937375
40219366449625913
241661799918230849
212795916015038883
197501626333852170
16097663958953420
518089462029176202
537110666055709277
382757695518961188
26586924572714297
78779601496912108
91682588991284795
76856564301751177
421794705710902841
210534599131410026
238066788503986612
365474323502128534
566877782931631179
30837563605442453
32624009731905046
369688310591933791
571986152282877415
448329269448455177
333950667482767837
456749381373082563
224991801189687366
526318229362047188
156851639044020392
402536874358830876
479325177526053778
570075693282893298
296534243207636106
181958582296937241
484229438683168287
534185477108223442
542103402969442296
380937474842513652
514008933916493431
395009559155681502
56357357576100434
195912151408738907
32012064821045487
313545816150351620
347672000502930744
104361489284469466
499262535564888728
369530538955356926
552759015050316147
145077753895455076
144314826660766952
305330293492263309
337728918109924593
116047899846423045
540941594859983688
518600632561787544
522193911259784951
344435415164565083
447989134089062894
328239026032861510
318011925318275494
394006728508950601
307798924985315172
215089968668787215
217700018829394547
352515581178379777
354004429970244438
259931067465628501
558646554347586726
237041341953853517
55021030762995046
75289438833196659
373718611796879593
528903934490378176
51722538461072616
485853013022238318
206580991037093736
325987750359796415
426290593808322952
225304377967547790
406621045553512329
356898303568541885
510752987047832885
462523028954691938
428702081637536639
196037263610239771
389892428372630666
491876523316179122
13121273948777645
162795436046983545
494051988272919369
348575212620807013
260724499687883773
552227452374190590
371586276551291731
36152247104099637
271229424581814
275813073843363284
138773175277430969
352106652630040473
569827839301223491
75765340145058653
19712051937533828
170386664817753967
111840630687192328
24614877688389601
299671059499493027
96848806885001655
194311590077696444
234946379369303321
347777931199013173
366998949818958792
13647104000826384
101034422487644674
447599957140122887
148878690002876476
369920328554157829
523240117208940602
242489865471380975
24300858557744906
556007548039894265
58805214446731596
59638608309616603
396840047779737103
387578053758497819
417044774385944572
180970464931828359
169699825549990965
128689807608895106
413989739487889174
231361891864616280
59564540489057244
91786974159594346
552520174837908361
350870229880676197
204373655159262293
86270962209209673
35004104785539461
278808718395230079
523124867250141164
114452091120216867
458544224900162904
382913002111385067
386845669985735678
1297945899137618
375313409420256539
549609103123408911
445767056424618051
463466008439026265
576305370663094790
139918282747436034
240348384956814223
389475923431335104
216536622401748469
224417183429947328
444754262906823615
298857965976172718
169200998458495418
21863981109332130
12598610192324361
121661835809861914
405267670608586850
67307067024092674
67479395409233299
148372146167207147
8947319100406840
17849361440112165
105006986681887613
286329929132490369
280470205059349943
463196561199962385
102200596442554017
265923812024459095
86461604538513883
122269158250745279
380974609785802245
368593392367509921
399919504538401326
187791461516690665
285588089710379099
496234161544524579
527293612993291632
496816424406368679
93611808590442498
77367973182412918
344987917707114463
39777645038322133
429572439743867756
67152901471937428
531953008238072802
6727791309744647
367082494667137891
483693579540083258
18710462939998814
65915533562984725
516920564663270134
294869074045286246
173796329460469366
373396371233978247
526221350867901508
156452290589332312
42743572818746828
491653090035492772
36472074479849975
517610978579802986
215246912920866888
534803725881579653
439064408241181684
312237960667215232
254620334191052496
301748363015874053
490820199133950577
324113474619873646
318238396547787215
505919763517133122
117778173887204677
46861964912641074
427428811278821411
414657586276544378
470815089230464786
543593939503975244
101178658211515600
419327700094355767
95807558181060269
49894368036927646
112378262613330982
294869922208648975
78499131421146475
334896641342424091
401360159186875669
346054456264777394
66983042491532463
536928019293758500
174031771950998148
292860477188765436
133152400295824896
480140676482521876
413054161757284441
486475210339747624
529103046301010399
72936329573295235
452801626930846021
234288894707964115
70800543049052370
70713567563178568
545359401957517929
23479329083441416
418751261488093603
160464272644232775
515613484372545526
186127575562621288
415157354844514798
401795615379765372
150815852803978712
377705399519067096
274182774765778903
359758224718246454
359319449916130112
308639309438995092
517203738054433992
377751335503306547
99095954148574664
305089271744113248
432625744246655076
52222182033611448
519131877957318743
342063285139318795
459092097745162183
310130163988383593
476035650132470268
265925709477006169
437108927346362588
211374831256040635
263721356345230525
281709609463175168
223074311925291807
61944808920974644
372667180077002575
322815640972998119
211251135293998023
361294686733558677
23334433380284612
421577384448072585
484709007765818529
9805934902556360
61246626593213238
61679975722100976
393861908150917302
410462809946857225
473896068047200829
23910064040294136
170165177477194556
416014085735047217
123901339785215788
37548166354277166
167640655337489653
260590176329001541
461367158606654731
44451027370457355
449735238965004775
367370189706150147
150141750876381246
349710784204206982
546622966060478943
260688388488386979
33955946402478263
222234074410211405
434549919895163759
290609361150601234
196667082913137903
220066670277388344
111807016803795431
159821668722671548
97951392610125389
336369261906494466
434842206565663721
400917330618629805
372741040759396127
358693977434602984
312716817284311588
194236019485103222
91676632997754844
569399995446688867
287292538142168614
420008569630202728
99183820074481837
340847754007925529
548562239606385205
106275303163680852
339502668040151877
409210521891215542
305992224732478802
81880154765012238
58108152096023021
329478955995403395
406218037318214841
354428860348390488
381508898462627360
454366734773918979
91925281847750027
26659607846068107
464973280690346137
191698030379307935
388347746335040820
455961825402712402
553584912008918993
419191697483096677
326556207630068443
70614108745597693
286678192992230241
402156312923307453
226964090547264744
288178400011575401
440524663398176141
309476669922862993
54521563143484988
274464394313188506
183194675948061548
452728717619402426
24021636057981347
203766654228103356
315619214937619443
469236166392848017
397553317966654164
210269360452835968
14731857464134432
544816039140640075
202045344680915899
548916023840038121
39470374390151740
496195654892521031
526234701473106259
365259218397293097
452322034611492110
505633425949099028
138746437389471607
305255841488096314
571546369817122618
269891584231535163
82167709657358743
23331324461131033
433530052508961496
73006616454376299
183382890007042505
176011682155280971
187571714899285672
131883314010111957
364665807314477552
505358252875966299
106031694835925650
559445299721032083
93858003045187538
375566770859416368
305518739400452747
417958641726174265
409568550492591095
360198157340832789
549777721193688056
206473999249379400
175961266367067937
55399700307015929
284601239425868707
74545887695747909
524631046170928979
311770731887698543
189096042654194771
189433220007781887
59754891045674715
505398770198567701
150528898428433336
291039425271666281
369077248288793057
534786562182068008
107295390573107721
372320065469708605
213945813462299422
468844400545423460
170480939587831583
502394651676063337
168352096823479724
159324190038798883
227322406555951867
380706332501906577
53795446748447905
510059697140248516
466688050304179369
465013716263593353
552990156168344460
293758543125799206
351181468813125116
91428980755889497
427665878277402805
39713490055766475
269935772285498761
490548841645538744
92610526326031842
524960998905509117
328190199791455278
113003173991734308
333731752829879756
293756886438195648
491437473605869397
366572493377965175
312777336793047206
52038434296359467
523671226211414671
347288201206822085
21769787852549823
105484368464320746
540717697392385216
496639810058661712
426723826784712518
34295996128203724
567833803349467350
67100129289510884
184923569734164109
217410809834635863
35847698124545070
314845125704521233
391008666328889070
427658482493997849
23290547940173770
134870803257358161
314360695573746545
36444391788210953
164473008739575775
78555932400459745
270532252697382205
349825814215812150
9522820801370302
104915729648116231
230636338580739880
407427759346781546
253413395527638692
526607471009092458
136909045456948110
477857484194135522
106121195448685102
201371041910182103
375051956842576328
207175436255645626
81836871112646378
446931364315538649
68109641544229201
447265603360119051
20229453086902274
2764877548751276
292583830557824064
408800424700383885
314802041087480382
393807494775689213
557435050211678795
175767582200161254
407519128358849739
83945224058772212
267555985644501746
437302251736798968
558379491594638238
230155750213607030
157703263677691314
458400121196209936
292840667044101362
477320250797345265
132578448082878546
94236417945425673
136446389715423156
485082669184798079
46455483726787810
221781435414615611
554377285006051659
331048852001841055
334165444708182842
165880737011640658
452533435952058683
5269004840164723
5490614044376608
155540033755248896
493308464665188519
489959548875732958
436883585463735744
90038845690220562
244048520339190547
70574478143766996
493571665537131705
142150146250461080
121705452483560620
325573448739471016
225950662887123507
476801627660505638
417275609889318407
400467267383788172
135844185053954930
527687389719409520
516707550399244799
5727633996650200
87301514975213269
87993450457330928
149145503092703318
553779612200591160
561373747966826793
402419399180847002
140521157936489474
391659801844809885
41320292765399576
274995347041576655
502786514883642362
52766111368150322
5449545961695016
381381147527078528
202305209402917632
277919397133364738
316708017729070996
531757983093619583
147794363893833507
484781570930170570
547611265045629890
1122743576618462
181714451304857069
126233197206814480
324984335943004812
521055275431939043
47823700475888140
110203721868424820
149573329218010427
325298900080075563
156827081134926306
366220360076860374
445455236906922293
479551256789909843
338963448456127878
431168485257950290
161124105048360519
393338247128667548
63953039142828423
346107437669319644
264097190847467439
474464955936422650
344744215249516483
140900775667847694
421689023643459279
301197521787786617
529831209872019855
544816715154571714
517968533855142587
296915350341936776
136975403266703360
226025355190382221
387823143109406474
358621707439834638
92142622949963522
79624023224769277
485651903037398901
388628991457909689
409328410785632218
465482431553410423
232555510057234874
325817536799637699
134361867272578197
320193417154491098
278442185091743262
263362908191725401
305072795635499641
122407426794784340
352715698266870421
228367232158647408
528373337119359123
190734989850739630
211477519324977281
143566397485995043
408410912650752231
336069952588676730
479161999963530936
207499574676023627
146258445051751176
283340964441604468
183064721781927562
464254132088873778
377428229569602120
551989335194771462
488475012975525741
23892970077017873
270444339198101002
118755828794983500
276898346470545502
262134052373404819
61602734041058719
109033444554018442
123059635653189364
118257908795102620
352270581611983770
199133044357647056
151105515518875891
383139238336402460
73584172158312989
176560809205597863
275505659859238369
496699585826263578
498035709111450828
378149397567973920
395113041505019817
442287370843531769
342922805747333886
228828172523124911
551964771001365900
491798060807282205
135485277614295042
188127120786833118
59472785001411634
409461873055383011
127338970496489088
342039412397662238
305131343205971978
568993411041211050
468468592556896386
412247839232948680
475007988211999972
303032271070428242
49040835262634788
156877302972546644
436079899266896264
222613868876219222
334741831069260473
19200283113360563
200546382433309130
288525625652518800
487523413810304656
103917021382975930
534928234844121649
21080623216407035
225162315252417416
48429802858199965
469515467586821750
359303530591453862
289697272676267402
212988523259319992
293309278885887967
520457972714209571
105226884087577981
66757870227349021
217035846328198043
440080104986573055
548806426744411630
223957304798500702
170034316981122873
116754491579258209
54537656511648230
549879738997748322
323866672521555136
100553808465990879
297545150597725317
355495002510495181
332064698367575152
504502226746743979
249775889541730090
56683165656229099
131851343864215374
54265087617935524
203610527972238791
22557903831725744
551762407730946150
69046396905414934
39899490949358664
260553955628960221
231573318895195325
354275886326856620
251622745296174204
100775878958667591
418857581583182391
538509729396979932
119589730275868846
246462361148543655
383627631861450199
378962158861375515
523367767373769353
276386619207307867
51254221977449667
462849035924145336
309957687137671397
365088732357971919
284377558125192635
263244360549119806
194445255926130753
280020585088418733
65255752272631351
432262514740241125
499123180894709156
327982678614224655
215842591231603406
299735173718138761
85291592045496886
439002268482261029
202805131447149524
490345209948088538
24599233186803403
324473203443511200
509862791274239610
278967774381827751
107172127091450002
371614130204694324
315476540289816395
125333526463856121
562087428334413287
107201236837506364
132059303183238544
354033906559198865
3484123408284127
390514172593142764
559140740764500393
333617619720325290
457570477341302286
230616580255883226
37702494987826228
274544105639613505
520227456011151638
476412688285206709
298248056205261066
470892723726907008
353027598833549971
161781027102668374
199182119349007813
361753974415007176
474554101376843665
429924831633085240
155839422472303976
519080342437669683
313615231777537067
211061770529756477
15141925053859311
177623455875306698
244291297814709694
558711267674023728
185798275866745826
127162131580153542
83414994081827530
566953380138304661
100773563143932188
304489970184620208
290570099605413630
297567919450422371
251127419220229560
437367556600929849
23450347882892467
325793925748231813
513626224552398046
565906773414091890
437779657721663088
159039400626739238
177694947537101881
263605884544866443
289639078880465829
79858356973265655
456362876618052072
432148012552676416
411023112875494420
379970430478125200
542207846593856028
120582590012710818
109838019605192534
528417010079294000
92716830575645732
9717071705073291
5539284025107455
68980959212249951
170670789929664704
416262307165946606
190986742966585394
313685997402135733
104664192659475909
199951752342014492
257355543466810081
407841008274322445
296113187552665442
518373981363830883
493475056507181079
15741063757724421
29728279905049150
195931817313485452
29250237927522019
504574115432867400
312519435760140215
80969451580244049
104401727538210062
425333325590251758
462950084744178168
249677174395047586
77232135391018106
146809263499904058
121189727972374103
531709915503042184
395163272961247172
568556649604324658
374209834468556205
65328417407722559
561895092734296860
112215351081720449
90151546495613028
191885247017422262
137404510636242602
209009920946832145
337653349460770431
67683779965348011
412464847024908170
150247419323917136
233914391727533596
92969612769387796
6584275029033708
20618607662896463
542264286711260766
228062928143983674
387824787900498499
11389644546036866
548276406763236887
536820276047064011
110883939620435769
388751095467118078
387246365355678041
106377446677261857
502736079793361832
412565237352830565
414336629704683994
541338633925895909
319817251835269276
537322607671082359
287717683327076252
23953566550101972
16914754992790418
354377715997074201
132508129954787397
150539028518070732
463798102436390478
280671196857877943
543782932907558442
473879796406458832
568082750775816948
450302756433446982
348965868866411692
554790399260546619
264764727825671133
467237939587555132
119217678736973548
271300628642474604
421881474265112005
444021725716587496
23079748455726171
528016058166171171
317463493745407782
130459388317834309
539191992275369478
129936290996487895
139821182350436995
384509573856082854
550535926287166341
156802713130718416
370525341079542725
531013249776920920
501363152868717701
315081162693634706
194328722653948958
262868760520347821
399215196216294762
314205809266653923
297594837094750800
141500235470192611
564919213717906430
57262771630010014
53768753744367147
562088739360785438
339377867750969755
549814659345077395
143388731204545372
377145375163125646
271886811319263854
39027254727218494
337851515549866522
87995411340589352
252992725141109957
240803828390217850
121401310581552515
316678732698074757
144507457714137783
229247819362909706
175754256938320818
329635489833494278
494094366955929572
289318932338605212
332255018353192255
260872563398813177
298547185628847685
564740258724077360
448937232286871312
12014149070736611
264189419084972232
330488378059452216
385836267523229678
60552818502936643
340029249715923530
378263695765004523
243714164640400075
225052542147421671
148342110481988121
68637453552370774
559643287607468662
85070997013262437
336642586685064180
277266424882939873
283336064702785960
419725654739745461
174515226638644840
479923398341060170
409848517134047661
171793898060730156
486050233949345313
16632293298415683
414707076881578945
481073789345653528
173941727731392451
368872540392596313
363863835155930632
495658285396849152
317888027621067134
37582792294781022
477644936791869413
177169677005812870
16902341699827630
335648677161156018
155647930347850828
211717428479972717
223075829107123243
380723452128966914
1232568996607204
516111444957362674
244057993469844394
126545579470251316
250257249460964308
31579782073836241
40431482727195937
170114936121561356
273417867787986810
83679455314531713
298080006297985831
488047369036589427
491504217185344249
470279315790259834
7180629554321179
7347758914816899
485388958332904026
354621437962753916
326507748052922832
141918392375522559
481921973180071520
339885938964892663
506192272207571966
400182454726191955
478958533268693836
232855080873777400
62950571892144550
363993029794974657
100223140916398002
354090488180732913
392706103903745588
28642952953505358
253142477654211313
73399031656173086
30726167922098043
39380833874343750
415610622229491522
337408538858485874
56349474340720838
206721658047453157
454118060842760633
84077223259176790
471428166060888344
402722344202609402
3942127702327573
553317724743070838
179656971599978278
449836605332023691
283512086275761135
204812101855061388
257880832622648196
102025963263385760
254170632650932820
11992115806442524
254042335413565666
304014074110614433
444244201847828201
31434658946210150
392288377284039020
102752688519088084
180221438319933974
186759151303567021
327203405129278935
520982370643657384
386892492682058877
337606803522132283
127671779100407938
520733067100896037
374166597259234083
315361026844460347
35218818904191016
213681719537802191
311628993959470859
19658169887026231
281667853245423296
528695554571972923
391290184934660364
122266013812712841
479419533660260717
186415366058616873
460084241173578325
533002257722093350
402183011135390171
430135290041705042
53699800616386161
283509820838351651
248744610347782919
79919366096396565
264988455785940741
181728849983615333
558075593307617412
378372085666602870
568926983727641702
477454842633901846
313308851491225034
105632872383571558
263852746428757822
521939458482619468
507402020320665593
344648623143681789
176699225415255288
433781455963793094
141214906589473915
469765414524886398
272463466174502480
314019404704165448
372771019517629368
388688450567035736
76750761817044929
415154161259777551
205301540114849463
82127305126764347
112115395852284041
237027649954269160
448008897586812440
340483960442774078
228943971121741777
452080201978740534
30654688056165314
8994073087392113
267876099811262041
520993744677749467
242802363888747137
405657689467467815
51365867036690428
542661395290193944
360062803954247715
371323270636595388
518038174487957620
112846258658828379
442450032878468356
346034034712188722
182536868605794761
364608538361696902
459495971054436205
557851458860604003
305893559797923270
353667843332281522
560097088730467285
483025342505514393
558586854291792055
276653268479282096
23137126018829649
284744069926793027
254357334652958240
213677053499173052
487960600318022061
126420027694049348
24450225342266947
135631922947554131
80636755281197659
377196701761227744
328710819182205337
37628636594975029
16135217739280433
281090830230361515
347868998803429986
385246302334108747
236121556051286488
19324605644812226
305070469905411192
347330029932249828
350458633989086571
537404060355742192
510111053159973671
186764351970713060
302746691510482302
470688963101244814
506669546373637560
7295749430114448
510223353768021721
518069940803663095
379818225065587378
88625251095692945
279582383432282324
327362884682494293
39078312641069518
462534355890012879
312713036344440434
376378818850078619
192645969153546224
229864473115053856
470670613178053363
452078162843355711
55048274612378282
129750634488559972
324084085234414264
3735303546127552
278562246505668867
487412900209003689
430509789667576653
32402816410587510
487551235991743330
561588622596738766
445720788493577519
343363969158851415
346846440330815558
554344174068933451
412666116817040494
229489781871198659
40696706541817991
477652160170074956
132551568980538043
182767239583368867
440988352632963854
249424838904164224
464884572198668667
105175697085859914
64249013797563537
26363888911038404
336706368423581314
324605385944273611
78999333244748443
489104831400582874
353118221808402221
359130730476839746
85903593032553586
163684691514288845
502332940477388140
187586834619673956
534948120967984863
554210820008513938
363251570870625087
227919923782428323
166003454930664078
462406275819058619
573160361123249543
70674345594327417
139965758346644374
482855146456438607
3842194669451793
84431446039541018
326520040593892812
320940626043771882
405512635258617208
301356015281129803
259371571724753025
231224835341059056
412141197338976286
426070882897413635
36098089121613995
425631772034645720
379487083663580013
143900822958042318
293131474470900737
95115765652227915
229501738546895529
409058798929870257
380309153112024055
2557432548581119
138379108782466209
574043358560336551
509589852977011469
44963627444364110
355646040177764927
425696007479648482
111079802541636905
201536897708816157
58193467685662037
546245350638585436
503982609731021254
21100983096094191
73705929747485036
91379480487229668
487864012091347395
558298599945082240
526154323420922740
177285356988288237
446110992132571146
381282386242756719
362376186435424261
156114602284164413
137736898855867728
436752446424246048
150311576460237127
378794502690965391
258970916239697622
237810401479468376
440215774668152804
415088333687044803
375375459009819788
482679345416942671
221166393864100326
391862456541068281
440184711925488601
294835730726816405
250834464871150772
407722411986232570
458327433113979794
221950612285543534
569915997868635103
493562847753677877
148240217022465518
250823250957489699
125088015761093802
542833513674392591
301707044298565188
539658070628247513
515407170338740791
476632042433356239
471668326921695415
458599005432707972
415881662894084472
4316359746892893
293130680034847695
395595067232221809
466962981491400732
162123801370813610
390403787299266175
389786417818138520
304362379772005721
105026995219285416
527328279550330307
455965092212003544
461229951047257232
405481286655298856
389510115762653556
436044262933284096
75622894542822460
424594552722008384
94360405673707472
289251221439533935
456991403405694958
326952714870186317
130277811151480801
170988988427172746
85906411789603197
255776963861543065
529227983314783920
430460745795356442
198565392898951122
203852776893365125
235511537484023433
398650686152052223
136675556342137773
157210059330166721
82838155472281287
559246315141979802
452216839849602879
55949581956975626
375635177390618689
506361070024767807
210242898648473755
80376428342347538
275013701061361242
357599901953889264
521057951862042676
40278404829501254
246073901915333245
531596964114337038
549888250060762389
49534678521072349
213209894342738943
274704593940733582
537156307160863685
274637958056985714
545682628598844671
536683552425633881
65748620564015695
273126695418533140
204892349043431785
543544260110943231
484204569204383970
452485669085652602
73429288167023716
492662589685908449
303688995522725153
428070769497424203
299852442353196376
56211219346786874
118061978582165730
455268333545480017
276362747242666587
317675198649412218
491714870105561457
160651439320213921
512962223678245353
495485986474292083
155551429902469115
388151396941402855
496835104593465267
509788205487162278
490791367918864885
259898788560836797
148263588177449037
212982191862028616
424544162080806241
160899590126654725
191376722401951293
260795237847442194
417484234907282395
504333648899274409
188570576650069983
242452918155641187
391382213363021262
124112377950636932
468229328665027661
155026381804779934
277963392824317967
279213853544709984
356984083788860812
239913405460634958
535812145284175458
128533139588117580
321056689303670077
146363396211352273
566456404910900072
545971994114718726
509333658706867180
141630497540010247
198419380867407442
385878665195971836
95640129879990479
172607918876438700
416336862664367725
430241555871050186
561580830759501779
378540818209324449
412415478916223588
178034392455890055
147520408326428343
153818127887904430
312456859486047841
45084526878035451
207775622714290312
432230654410658916
290902256455427348
557209298161389761
128673147941499368
213445732934000269
212911265564032430
117829449796982874
504523433987581173
396649511404777265
44513323640322811
19288025731897223
338810348052281273
213379004108073031
236784179934931529
483574363850817804
154206359859755910
218329381296261782
82027391770755917
341486797382292223
101749035975579234
185061700013742135
47721566370907870
394213397211405987
386891879689164381
340096980664805282
260813183719044495
327814933790821716
29623873056051595
365488669753021583
564082183067627869
513587548444178926
211951049831956621
5452025535719665
23281619516453932
98603198982124350
567551452004191839
129902923537069565
555556975037989022
109731495211836504
11409865900974835
150512621254519202
132780097684812983
306729580881169775
64337027782866991
214926226926400872
499752426192362716
427642715767834762
407188042742385358
536700119745188582
398779792635000186
315401755525649646
480418587183993221
563579476977714569
110542030427130463
370791971984100046
21348261945267298
528771710324718910
230697700196255024
148965395361056282
364313943321768557
513618352254005239
268934494586597516
191607947794796972
357920555570525712
461059068709836263
123144805103657942
474052586848025649
34967625842535262
107303541587068790
134351496661694126
48412740755113446
2522166392245112
324156904038044563
20653664607908783
360622633276750166
393190440574781434
208338270391214305
503883036542977335
122562704180509121
79228782770714289
358830642363622915
333865533467453744
125508957273446660
138788523261528584
296382048021016620
561644679949046048
488287814066420730
142863227227042874
492761339793987920
38590658296282232
473915891445061671
89045619439478836
517988810435075914
248049289618885807
505402949032033489
342568769464294755
98459068054297073
352638386648124171
366548013917652136
158675388023704769
481975326693129734
315311681724423188
228132061080483173
518831892142866162
150000107741758718
19143683655339045
259231013848777479
238836572101999266
232974294357660051
255397592976541647
146220449330663233
269380398060374508
19155923178534655
263054071407446297
288320370290717544
113267126172322810
574718206548814408
312876227985272710
110363217790201091
233097749552976759
259782068724650321
504950669847373790
201979461379998323
526329896686510923
124726423482463638
92633574508629464
465531945070703372
255774097257088963
443184832328835182
67238112724440776
488047114003579809
347926734706992517
375638946418312005
296216233881339698
540168520693459996
450564809217795116
47047374011761660
55623531375160073
267084999194175315
434619254361145060
541484037216480521
389283193251147401
227583958941947192
326526361185290890
111937374153901893
162124719655478355
387251727251025447
548429256423281222
313168370902059457
343832830140289340
82894583967415749
156228204337594714
412344542237993714
421148806966482862
354616040553512569
380761043308999323
442870066271702757
241050985964587745
263529146349054695
523018674469235708
291615774217710305
255278972293770578
68465776916891290
574802397132973285
275169987016570015
412691742206587871
104405979392643968
325755351380702540
81288241480367386
46899405546929271
548731101717867802
220405569082826939
108017176099857986
228978872638741990
23531357192972164
4912211924080367
530993878358955002
483438622545288747
570691780321343363
30688865268436750
278351827754096130
312943510215322236
475075048294994913
259735472854205100
486054752873278634
572846229251770198
543838811838277975
512925459665470334
185567310863314245
503735965065795934
121696087453628440
296147019049889723
150370476700652608
440756239047774233
93750287613590321
576231651310209263
215045387605633433
537462791018109117
197790680339225476
73009029024541425
333856225507195147
34620934084395427
317974857420835551
221138546296861883
475761174819482295
358760719178091694
196191945447208612
397791672511918862
470845089374871703
418892800146989081
420394857417572512
447781373053318625
461977979922202616
278350418781379298
509968481160217705
240546513955417655
414752731371871982
107505873944940083
141156667101317884
11806153095265757
268792930075914208
522540746544587710
65116204155161029
54041885078717741
481808263628637992
180297814292990584
17590578217070801
457456712769551850
530071036609981946
287794064870480374
312283150029533497
146021520719382954
21000098496198289
154977853105197933
71246195313556808
236546259307674698
452648961360422810
491988023590891083
226955573361467808
246909189204523168
81001950227141882
24902708710200966
14457333291864931
263189199635789867
548661447125070533
270831969380060063
194107173150766622
348701747474149599
522814095951035638
407125370122264345
297775458970451600
305696572351485992
344000647655225914
338011063827809941
564566963567713373
450038639072310687
281208502224842089
565296269879897509
88042952231098478
362352533944485164
341977774229730371
24893279663715392
494034494024315527
46167908692667892
39239075786451819
491373159447365819
447435135456503544
474156320769532742
242269358934592669
198220632155109301
464419630958745366
94681773632008821
185177497181049865
361293087482570982
51506250984629446
354270928953756065
345700344788152670
147059026970459407
70606423585580372
130736986342264877
457505778813263878
103340559665727938
163664832339851097
305288258106673158
272018286894983944
465496871533201557
487149399129787673
125602621316231402
512573048104326475
112485599979446607
477131577771711976
82534378526075496
493669800461734131
311963827401323115
217655914744993927
54253787705477026
302097634947658842
44428241946897534
210121028789938043
237592755185391067
397583054225762059
209120013988036422
470257151167628268
212634453693928443
136266709067165646
285607634644313146
405290343803323642
97200648292710620
512411050207081004
488455557491974851
131930216498770044
551940982444997844
458890065097439507
425946874421561484
523636939765132533
339809173417928359
79132047107481488
302597590536263479
246571165094291623
449713473156615334
411731273958474913
126312844635314809
474004535062631465
122502371199518882
60932954975195223
423409860254565706
540294894649854232
539525229220281619
162906587087302157
516406950682139017
72650115921133881
560662803609268029
402132642000313640
195892587265015228
289551235356084767
493670368803725229
356191617699645834
526872478909397340
354419590508224803
80182897393239714
563696331668243346
459317239776556086
388110016665595170
161656549176678673
132688757704474625
158398938839405707
539072468865595881
219554921585434678
466717565111084859
365426882694017801
550821794324851409
521146069658189358
500356244618194163
375313915426079906
215008323559813294
248390077131467857
271855324924926267
462614613203993064
141334904015315036
466906418223751884
350894884317131957
208223676845568062
107873501499974564
563451208188368740
101321668975735338
75681303865893554
388953767258179865
240449136200474421
161108657315868231
74268962693009109
533966311472301121
112776367262885519
438981965338079026
487674969037107894
42756008538097126
209542398257441759
536900733134041098
475940236541903777
404278573092447574
424828303223873582
153303575726245254
451974004284631294
178844697683664090
347843468580086968
487288168754199131
571041091889663547
437498527698161369
196646846316742225
523981990818462096
414539387258213454
264798297372304037
310623862971918532
338081543604127315
558152629974044838
422985617624470063
140071066137244935
230725787725174036
272838522314702893
63960436633130253
196794827568948046
143137297287946088
41063559710475510
88310344527589107
555814864987257331
555483197266182404
494359681852748061
501457314180709358
347759227690841631
93302736188722005
201571675148512270
375571409376009511
131886689717030978
157921572337532804
405784758227842209
380495209097091276
210289499818185685
193925679850116608
374593316764481053
126271120489410306
242941636194181501
443590425274633453
47502082228524100
443993200044482951
526653543073596954
455803591782657379
329865717506578071
235138399212484550
160041165611068855
330537580367288856
376501867509519769
408316209185644729
449219461240878354
18109264625939588
192716741092695984
260728419987646161
151808657102373806
197696770326640378
124920385712219437
256473667130715898
108636975488776805
57799104153129648
321692808744183166
27033420528613742
65567036451520345
359754960285741524
155356119585612921
9727744079374123
410987030057646057
328638005762949097
567265795498754533
434922965884324964
217481821897524196
99267593722858881
403663039993807381
303866525417966267
503819407163310723
374876679654261327
469473249250131936
421310399759897418
501191232058257764
7081553614246039
87032257697342537
177948261915785392
426138522484656917
446170777427275810
538066915332241414
463172096886227879
472061786744868946
77138444907845813
249333430521779403
469458759363572260
414498832413423998
397488771390139990
42950866105410418
332018247664778062
463767216569339585
404510588965271240
381809812315555746
310401063402178196
308114136462574623
171647218598967431
191053970084872010
5971177330877694
476800468906167994
93492973341051201
476127986170942292
500786860070363885
569507708194008861
34656537205909661
362822502955532953
556943015596242400
151289915574068745
59384957430611888
10473574895022679
361397624086171675
173519247151236481
374132323897049370
408440969495494406
126871673169911523
216090956481584623
78827380349534058
259993477603236815
155797520661602691
503405829659070603
288933937432338941
246280645599026405
564828106474982819
466712706366479851
378398188660004502
357158047923494322
352652153772171799
169253412300713554
233406141368463058
397107197290541649
346870039967467983
93503536159305095
384421568030934853
188716250228844220
504386050396417300
507222156353710366
474662345028895194
172060776808596676
32919743744004872
187283255987457211
317797642419532898
365466120064391269
347381281164493812
420184437327121733
153695854737563589
57086629524150973
225774852136332251
479714667968105817
136270447366835832
48959571005505821
137953175454663532
210736523525285866
408738922270070727
544622708359122300
402026483063996629
378434545555305608
135261320615503582
401399256774851331
85168144325686495
224138945508273320
145309469477074807
434675667632694182
65435374254753815
222349441039213156
145138650733808133
449524175204673795
412720326124663917
401440562992612440
74300978414986889
341867143782847056
399535354738939665
419888211478226750
556404700329593647
407497617064069546
228943640006572695
133224047943554606
472235928638412296
195471091286857316
465903722915744493
268247230479586080
88731383878264341
360222325943431409
28246466810198099
157081619957162010
380891948458103419
486866834248816932
419545745111006623
293489499183767124
428424837093286802
114334854165273657
33893346750095711
494971485479782109
429321070775354193
91662780445574710
534841130722545160
238895744323776223
369257275154644963
145432982121048714
534536199791389163
99629301843293687
551176671144433665
222597603995005788
269158483227432736
149168013459747205
397812734516822833
132319699749421962
396338712403907015
95110179949110506
200825179707370653
316634480480840581
546683361628782785
189622250642380588
482183207388969505
32356034187778710
339817963162271900
389679095948764255
149295660852205430
573029393916321132
528181350065596321
13206883975986191
224123327580772462
247918014433718170
378556241884594105
64002803527667076
500356045681019057
347658896106949903
33671290486424208
249298093857036704
40641346663702556
265631878109634437
426011769471885493
70901245453477368
81285041498790428
28898847721642114
534602689855926648
446746654157686047
356225966750083157
125900784184052230
252748705649535146
393587429739913062
290337695040955772
25243195271997531
138420868334912659
304712710263969695
520977865658641049
260394009848818402
477702311847303040
50227680358466851
535964527553681647
20589139474872497
333633556468232751
137751523513683331
518306380212707325
297996991299250774
127844847255834706
73597234250675676
236887331374488812
479862497810950256
190097567304532406
226998092176792520
97849591784506951
343062414322350968
217925337792628973
168338140770780884
245531406947519086
361666049941095949
115632148682166737
414523749849413170
21772383554478342
436100724538963513
10623196997822239
314885224870960679
92047456690047293
191302904371169059
568410438198398168
288473001521315695
225169500075093800
433025138796697282
560255811207364273
115708838735381349
338234279501865636
215907489134258872
55228278112134079
299440671001800660
455713240505813218
169140397931859863
120993416247944043
77609203492664107
218469492328889772
53966315137304940
56221120143620846
137393828709866131
532807694120207986
419720220555410980
406270745999979519
83657009132683737
338653142046405073
44196836465332699
360070340418841351
324396411406992214
390514350942230235
65262891946515056
524485842584144100
111732618523569030
73719982322143291
551805431888706230
477685986891921128
280564410549972758
562073874297449775
279363752522379330
560740929883476172
468622750536891789
388739760926870861
352287153040558486
50006168693823017
273771929877951665
264643056146078750
316547224024448072
36244727557801859
206389463717180478
390843176597941509
388452535855803808
450252076895955110
337296384746914523
92987084222041252
51909109295697642
20276081611451300
291975561761886339
6747515722747467
555342961283233559
163563132399808692
208614054229691381
540287472066170509
131749914166884312
28976790573295109
86007396022969257
517484839628919142
474350826785980158
74141724845533777
3225483323443487
327522389310989220
340668922683193236
372628129371772351
229985893197090273
104148508435439416
542466404439998565
3453667807820632
475369617257249366
4582105608912039
415475508395743819
318316410413530770
32248845413601764
453925751006963649
77053640852131656
253978463871058007
452229677237560788
278561404561199079
518020358234183475
291823481391499959
455250754539161802
365426185544603745
355793828062141893
259783648563958417
135320502750972849
354893875784653463
209200806854218320
167522146242714559
560494355702626095
572592659702442000
17440367376564342
157659193401065516
556652078046315731
540782795036807284
94919740624786471
551232290795797400
462351794321241187
437578552414028450
198023749025966635
499901051494930112
509080732943781678
235646329994860302
286171892212255998
576349146418816436
493346749727526491
355244662220455762
398517258078298018
564187511507167612
533781968369701378
171686604729038619
358889187378066459
249633414572565958
163785885095731620
296659414841852436
538575389414551667
350359627475185615
404796062583454035
148077280235793511
45832129700383744
558270751025784728
422514791197790562
283810207897534884
150584263526455301
547771872297925548
104050430777279190
291687611219292511
531047566801776789
10165887375889275
198766876483232259
214953903526917396
347124768667048236
443871843734822665
194330524845212722
518944897318478463
67094976373935254
411088139587131926
480907263247444769
170585000312365430
34354867414231797
270826096977168545
34994982549256311
176586715671877621
58190346726415835
103692603513525642
400044614576425984
224225706660861184
352147761353461064
563490656215424681
245363222588016024
222262434827405166
134493691886394468
196065109525205287
560008088149503746
186156414092776197
78941788903936842
479633526246242605
210693861947710
206770432125215437
429619816324921286
473184302519830600
316678394999693439
335177130358887450
394178163091341435
416043775269657720
167056296274378553
576190501066852627
489931646910832505
135715711033609509
392307273557166650
188855219985350324
73994870164442556
71645396961703936
113196178615629591
59167399243359801
243114739971949093
144551352158191138
65439598067694955
546654516831447834
450821696233081536
356015841804465162
283061195922639265
394356497571384876
510860374964176561
377220314768960540
216535283802244285
18507727432415129
406479662328093193
483051612639828351
91871297785562393
156512377981837941
238595486759535173
379578384719742110
200342970092627417
213349935089248238
483501051147511643
509584013084755658
268282937921341496
566000954613602066
447361795967788908
539118741360434849
346967643823725980
223706677175166264
229006638279402486
496811215682896674
484156035873361075
84275276929423261
491193631028560529
315260781861582201
40111062600199819
280591959741814680
165497869834063488
475665248392416244
155122410668162010
163660676891842433
388122380577401646
460550869568145162
41881640939700221
389013799894932142
320467486674548768
545599054557915730
9255469114584664
366449216245028039
547803652109410650
335195075162361619
155765780046047471
294673470521055144
62656981109331535
230479464018715919
188616705060674476
17020077985485085
48067663622206744
508916516686255282
446587289631191203
409282846161108866
404890769440219749
189823884575704035
293873803294792978
491284250591098071
288413203841689119
93055301009166180
188576250036523460
360964351058121877
268386522099507906
230223582625341494
317054345666729864
488063025960609872
286019893187685580
432371430571755765
103610406275061808
320059694127661108
20838709481805032
22997221923994437
490566001714029836
564362308871716335
120741825161228929
236532749693517343
163350684003327926
53049767575090736
382862297673067340
96892530312932527
378300116838560613
544850640025444401
566323787561770139
548696850883267252
388371505048593817
402802983240701708
365587991498734822
190902193548283886
140920180358220310
73365088016384327
37940371761269555
414654261124363542
123067079477903530
160810064256514799
545648266100122739
460169548350845183
326999060511165942
342746817527375550
30685824958424597
392149856540195132
187509636297455502
465914702325268884
107889956644643522
540292182060177315
263060527223945943
176385592279908705
324211534492306059
139535097113608187
235255818743764288
400458863710329765
217013256723732014
334863652995943422
470372611490143641
503794139521708230
525518907091414156
270071550050938538
153480525122438789
560050904514360182
244614680105272678
171952249160241740
371181622791103358
55364618845136508
572938313003537324
148789322546376192
192593220729247917
380158780585432946
551804210099766734
50778509038115021
194067789689483825
478825500347353580
194885288331264314
283252877418217325
124528737875995178
484691797448268707
48816598773327159
102548233629197194
169522926693659075
433781247115614205
551948993742888713
231980402192120889
229443735236534159
311873704041881591
232402419521923002
283367649897382834
523532456164103212
498226138428416675
150334833941047802
561085803402238808
304544874451772285
545450249934077497
479815563762799939
79449219500489006
154330621189054348
335272944392912620
419357240428039635
361308840602983227
315968317784617474
89940950521284990
412974601143906894
346037541077392888
455441883677140809
299731279215595373
378547194390770923
25843337483820730
4370102072865074
575403065047796990
473302847929983162
575819102725624660
198609197485275033
43953720209584633
38327769645662111
316642197373931482
94384130876457934
386552994946696986
4977416260173033
477475725787116367
476776692531209084
380942959626840954
472900921663986361
362701823742949702
261859455245335566
85870709565846514
314337477103578739
61687801455606452
499292948069313202
298762118060006136
84463098744514080
472040700261312184
452664472663827970
485391768974771951
21287344317435659
26524755769526456
426070694469037045
59981769415213748
84226108291967396
66445122291229248
360428810315163559
244794475627901706
120895938491818357
210651705353176340
275921419412062413
61339254610085717
186911927297257107
265996359745408991
575935979845308239
215462221459817645
38128867016921267
499620399197474452
393857973590072456
536147060414763641
23290083391275424
424294005034915758
132418867834012578
91942690315451644
450641993423188576
373027793400691726
381726566155466155
148609032236741372
289460946845424573
347373409647576019
324958411009963740
160425375942437654
325087096208240360
177943297524702072
140752150737877534
465363091635997251
228384756921408032
25400057686832002
502694112437179366
362933299783244231
99156996677734091
492326023823152196
318176774158040496
371668395077636513
418423708820074943
301978695779766213
264284044171264086
502460368607011289
324841073652148509
316046651180373893
528763272135444066
385741932039323919
184514984623576254
534802203318330349
560546731683472690
27702935917207556
408841761088401177
221981003205474723
242761378138749459
151443442227148014
400829679597408169
407584977585426607
356914708423425442
526766949173242085
471110787730729202
134309074478566401
427838121680259883
553618757838853003
276589185058603713
283871850333544094
183413307914354165
66577305992760911
81258778527475531
454749294562810805
190200337896471957
215791457943992424
437893852275722250
574676638352607095
489968516639062198
63818394884617494
548882492497252953
571072918543415791
345284198461077612
396402013585059121
435199962845338883
310646793158114405
300800556793339167
108426339100964029
177097415205742061
176828678581298041
303654236989663282
156894725245443593
31049142213501067
532143816443429187
102846001612249253
220229020819290342
533446964676735710
456008170993552874
450450461361504789
540883535433841218
427085358761597455
136546453484513262
285565955970741449
291679765862295412
234830838801071151
474201536067198982
56437794698307809
71217034723011271
114759995188928416
538995346742690827
376545523561361626
50271279606231867
406754326063434360
23417583481426675
357906727990934648
88774506042070005
411778785375756004
260592939570323284
102546425148037907
9078882265341843
504331955929161088
13594139373410842
310250417982790117
394574464728153803
169060412969545076
557500304125628495
403428056308839010
453208071527839837
312257718627733104
530045119667227336
272671240494266429
271569247385214409
185285462572723223
145411813367819578
123335468118821115
69028922199002376
265914631850589537
130618610393113724
307301176594507267
45570309973973705
86243463521799053
147786954037334232
386710041559841550
240782959130525763
435689277391270487
515425398319717397
409948334019657126
518579103117891569
376795391012892412
215055479824949042
128841964155888007
274272785971046630
302672757178937053
514686561813325764
544030762804110448
51577963694412770
181671977519975650
344350194961224117
313670503028670014
206589330145281637
136934834808568780
34350897147401296
81438652985795047
143886814812213313
87584525057761066
463011003439629277
97219617977860050
45878502116234166
407479654578726540
202155962790226249
193264271992327935
435681305696053186
320155582096174854
252650350350828953
226364999140107053
182119421087111222
315124105768838643
559958971275587437
286256625600780544
259492576152712145
546543289248985829
268969828667455227
367820922500548631
373336531093905396
190917952755893665
74187000621879935
568909722473723577
163041663535739062
456675319675306451
531094688919643837
541101182791097715
169020648619352686
354667011984657250
171629911683273460
265807912343226824
304159561377970225
54263588849565739
232850280548256701
558745492944446577
246684296644810671
51599718550746358
208362450966973408
162430848623701507
60176556499678853
519204789987137008
194991123662652831
461740134544566091
159991678746911202
526862026559438138
246858554355249110
202258640690515457
490938327178368558
331363755919054764
433693243987885141
301513807943566924
296188861942322431
427336184574103571
469663861045985117
30496465272169205
272279622778716664
136805410040585389
262771096612399577
202862930562287495
332199511092198705
502958013599432814
73293201237759510
204393839508100168
288239760404084918
24921170070732815
463880970999292301
148102178167966894
304809862688165101
34008127732451094
422957474751437287
392772447317849431
250278508725036373
16334994445078228
332365758666108088
57145765670984407
182865726892859450
79403239084530403
453272054667087067
405941782312691427
531517223440494655
108213079163135848
163660835664594396
33978857781204926
460481559278971754
485866000992632414
279635354489647130
204202098111203604
332570152584276211
37278180870259278
40010544736856916
481281817002882859
101437282153447914
523576655751121405
97332051754715754
423676360381201628
345522689188697414
67542101925132217
80998633844504461
218693960987395720
105662449697235187
12767298880571392
546551499884815220
307848736191490139
448765438277834137
523569435594942780
83503205730121528
2205821256412608
126836063753462387
188331154508925048
223171808803036989
284045236272101989
445088502492384503
306326282964765434
342812824204917230
229181194082037320
82691620964557777
130368076469547997
451909773406548154
545144247131237744
65061910621859432
189768344005906781
188536199306385548
11863724580122608
315647775752695014
274735412581793195
89284729903161
180366406807816171
323417242558687953
197416720133775191
556852220006743347
348110037824624752
282568679681149816
175353847054629469
491874549994695753
97587604450557305
285264140771363441
65751815985487536
435411342038957147
304562401597585052
332491025604850046
487434378435367264
482004683338572644
452997727048208864
512152853685829253
561682557253689807
560701415851584270
199731471673713309
266735408913946149
290325534786252820
117365750433910659
335345658041916582
157724551132620597
194733740320338071
425583321047941776
471260657886804257
549496507770488503
556099546433022617
330837289170907075
283914659332814654
419807118211066440
461202054121748329
64925393930518180
308942585432953756
216985684842794934
572147073810420907
563727056155935974
100500286993777135
499393691703511633
287625001633384348
111216561961106149
360549519714236145
197430401643958145
256080116017125255
469478469507254280
102506826284949282
250949768439143245
486627263063624886
493765335728378994
118449477120848526
212711192212181913
420117304167475615
288353762625586809
299234732316065820
353194931921203830
530256586771623511
421535208116816323
278566851688087759
126052191549516709
364688094409050365
279292577713899544
239499219774685543
181059216685914871
294079926925056239
56206876395493886
22496211423888716
166033422521458840
149071400762356383
364221084801988633
220009593397391569
373806463760278331
278432166978766214
523858414041826902
109534730370664469
333177340704478835
296874456979435213
493290036885678750
335537947816350321
334590709348295726
504157606419253595
14249649276023932
137086627032478398
67862943876921908
188315457468850720
80156542306768513
511702154663432662
14719802872162656
84685088249517846
102523072796024254
370275773685836661
553435345116887565
439167693019810341
573990276375987671
38153080726572311
482900805102190334
510989781506102136
468320865145702500
133971012000489605
132460096120993055
422686905941822963
412129052342540509
529443178306964478
232786091069878720
447606689426787269
170612453401547327
164022266789039249
180700187563020749
67208545366700884
158980313626875020
261396869767747944
213358208403232226
429747837570855282
446251640002999792
13103118075329951
158632470203873002
116914675866753406
547978213701605854
228874756256429764
547095018614936761
557289191018596443
335369850248840558
410934783970205846
216061022778082401
437614597003159869
306808122390336026
46169525307045908
551992025062495195
250929242759343709
320812824990729442
370516610740750836
141500230767188133
217782116399124766
384141162294372004
154525997083901551
142202587892896296
464293076194729793
127287902263469442
109022608969445681
440922384053864737
574758862639354201
313012755646576876
257251267383365215
544603180110763056
315946066416696464
453607229765936874
30275675998365528
418313117257822084
489513668377063923
245453255417438912
540601020669632175
509721869776477533
266540843787179347
370540723072744500
451695119216694714
316932391787480019
155705808138391790
358696956416490618
12619986446187449
268753851195404346
330301316280773552
237573798407988031
281586413669374254
243115169700371619
448484627311349590
552486916572432620
136223439470296920
416249127713063108
443945002538514338
541862702092970488
308795140051766496
451504706629739483
473448362780489557
10656873026508957
51055076249761560
423788229176727341
175064609791705726
309522335826898992
386562298241228988
90650353281378586
203744636115222746
245125907790418887
235473036645921278
98328841666163229
37064893586367052
538822676207026473
34537302387740017
56533704397016394
232084857261143247
189041065723231136
537465782318110704
88435775760779075
146682130367693663
161347124954363506
3212783440673373
295828410955915077
38091620729159677
18634228058504481
531742946463788286
113167533887488240
363807428900169744
147027346514611220
396628280714573022
314859563063029090
481689497289984251
428877147882627885
550247216970782863
353753137545717579
543525674298995586
150405401533437235
4294150436886100
49661222361405613
436884679120178539
128502679036378803
399365942024982521
111517650556404479
424575879758267406
565663572546710549
42193789978237379
408080293567551872
524420011936877872
11649524854125831
193857364287251407
94085350752329161
337974578992526895
486396680646794683
380922839597941837
182558385725736544
329344003056380791
513590722500831604
563741903180652393
48118258175328825
523770385615189653
332315002438192262
101351155227144249
367742119772705114
414866800046640161
377233584340268391
216796658938840481
215723266764006919
44466088583395213
489240821751961119
284272657954747675
564333554774060210
244987313751856886
142671550126760173
87030068105392634
16088738574881730
17436577409494167
469777980250131569
153561618340730659
518723736944810280
151257793224284016
60335237762018875
269723802060357712
475417953683439275
283903907283779849
400707040662836286
182825610216561326
348911035657719633
187958940193455244
496380988070401125
492625200990614546
575814430845279030
245693733276262257
481628056237068859
387972121932564767
193885270227017459
157632010633827353
331316110200247239
358701413489580538
354212425461863703
501705648032191359
512249426047536890
195463911756145325
44899421314655942
481608601020886057
454690701494717419
68530700916948066
340468902517344859
404186281723644666
395733178448780679
176945706763584383
360360331262798892
301754768689012881
213967251768106079
564007250390096198
366896312478821481
471797209062586956
185103676780689351
359643687904666408
264736787898139631
330303542522423017
482290932790827517
543002665263192359
199947169869880568
169875226438870416
455667842070919718
123424157831985842
296043632888432006
534324417204189737
139109102522875961
222864297157800898
14242799662986473
87615759238656028
548059130445069933
303106514732298070
338356166519061291
244174906552587445
162108105433896832
35354518251540609
381170244902917323
523160911072277149
531632801990055223
388757232545027839
499494531604953376
300151145279831625
127788652795483838
369283008372666237
293311287439163081
56303896449507447
28359559631456462
537450961636472353
548779894392610187
331476200193269384
561301056058461783
547870106225858152
343537864109966411
46435470977618440
238969995740281545
7556968713833331
261639833478673326
220584174760537670
295474377202248605
547262267403099153
291180500828054045
502042565840416980
330654149460127907
168114998232850304
346179492729963986
351412110039154521
205153988611836077
18031001414977069
75969175390707928
330614224654604928
307809789696356698
107039080440725604
481049345085180684
251908461417021855
11683035974394967
439062706893726074
361089084489023610
490265458185609831
378443768729551705
524176255027557510
413589049136997872
140134483678451154
269918876360520461
132128783602960859
501538382250916059
469288843503613814
466711278928993448
378178075268383882
162187807009629826
148204776538807336
461836446298096288
265892049999412727
439983101019786255
555780683575662444
551460194885775398
16175158393585303
238154111447921886
61784448955024038
195436840842523252
196628034805620208
556751839938261477
226974915178101921
183964299576364212
110279284306749175
254014463343310563
367419433828111082
441663956918906711
402650769814797349
277718344842578132
417447242254611809
25315577229230463
374155953167425903
450677188854204371
514908500051167465
245105329773381679
571983155498397264
362320818184796634
233279157645630072
558836424477057809
434640233887280239
62982835461759982
424237077376885508
193325766799017049
137514456530615931
298407401715801260
438661342777848342
63336711125176444
348761480721608538
227155148961796292
464424335262616345
379322451379059592
39012674839736439
58371913555157588
221621450472265360
132589298364035415
337939756989569223
404982910478007473
66170986128952284
163990959498173788
245426314979838196
447254266549501347
373051709891140516
87988707134409378
386900809699243381
419761704397474205
572608110876722723
417688709314431842
298859618201013659
102373389238774442
461797388190209506
425376637931513805
514012925054281212
11832386419997486
75505445064435273
97218022184676864
307893510673598814
409833590479258912
348148550528757712
91859240235872962
568732543367195001
514150181692151575
331629918985171919
414893811266626711
416704587395316201
385480864939782425
49436585958720551
43670092146651812
21951290139267824
277756654188528721
168906268630795094
151266917877738689
258068934302027665
217268485791295613
42397037950646882
230575348965234184
347076230681835668
510502034863920105
466217497486312558
290020184169372103
290600919668220934
371803579340827168
1625378746870689
121818798377491983
511513880946970806
61148861374415937
74125389937453836
515178795693165981
134124149901655202
349997721148593239
443187614743100354
224230597272018084
27810470370813044
487798453112407317
56104997174823579
209920934669206467
211380892372472592
545106259282990204
113650481023067804
217401714353635117
383149130057927309
152284678491642033
466285768064492872
289162010452041073
548903205127689250
527521259236129307
44404417010610217
300443564591481118
152776959037147063
507670969256680409
257735333291921030
153373662852082857
226578762762679788
113384093071056906
5325960850935843
525040844175658920
500254993299918650
28708043502921629
139925256715537363
233680284415957507
455164355191871667
257789234030554818
229969436652936713
271224022976538956
231433830808137265
262917918546899488
292917453174234497
28314508042847363
429238697484512322
576137561127715457
197422633485400865
195817864371038836
350329120504747320
102143940032507653
38953592534180221
550338336063139729
203484954627185676
179445627125056954
258714683877594748
281934440260282052
459650331627229874
248035590898521390
193291840654199702
493112274989181503
376006183116810091
234553674847011118
358744432160346287
210546984568529321
82433444685383491
436902406920002380
125538286922031512
165436010690210488
381465790923466920
540532653527620024
277375564020545178
118042221710683953
49058626853333947
436568856405817392
126938616550115138
368813669436163758
568142219654997264
280189278886619820
268288078062445170
294715550411761046
76140209168982119
395261488556003736
326824119147510344
6524154999158805
350823049309658462
417633422037582256
127624003968033651
13837326523047475
270453970261543757
316951469036491178
66520842942681391
457013546575130704
538574878232176294
426064715145439916
53720260091117366
94431602283065431
260658653935703694
505429797147139903
423279421120222042
246274933360428682
493778720717625005
110735445787907423
132640438476517171
245034047289965625
68166220090524124
263840196146581750
232303765179762169
543541981998180099
356299928846935599
144452936865604346
159013112019928124
158852327982574481
538209207944667400
118522881296856789
35390437349665597
8980068507149060
26917396069851055
204333081337547269
225900845941209783
92035223236475442
348201012354012280
124447085057406988
575399785368613257
453014609419460646
292501266982007394
499779946469281035
353909261393313193
524411301465657070
26376614498421329
88544588473643102
29616943114836384
509635653006713889
511562411592459311
270015880696206214
492191520885696723
96426141427671211
383225743055173131
212144472425081506
226668071084615888
397637225761611195
358770750783612298
188487494983700536
364916037073043758
203890763196919413
478197343942154092
138326057145024917
576411319719549501
553201299936093869
198134471452535712
307751943478767225
41331152154213991
158214132079686030
529439286720039141
81198488439918978
322309509065339758
387234278223691718
345055651886752339
536555919489128316
44890121065524721
425470283359521324
212948334428576228
62492606406079141
82501003111633806
467913191525512153
286748981368731035
498192810373172038
185428102414340311
143061551824293585
96600693386274682
502060845335724421
16398335606770808
334496187475514833
