345117213362656360
211538489992197738
391632139754676816
163274610526513776
388858288250148111
564916142552085699
4927981921430260
306727485178742526
130204439660654914
412925784803920055
189079140303725236
185038220627600371
1797190755176591
44898113807646719
193905579165933369
151852624071292374
336782646823852669
166546661675483784
287640028943147078
110659973579055970
229880038720824922
531456318322333606
348252741659897606
508073567890768200
91723023880518282
106518060910916067
97966270233828384
26605303155130584
92327201436019447
414716199932619283
93183027120299150
305535484106400678
533642202843760704
486738298438716243
162220402133746382
321069318611590496
222004317416493087
255384682594768532
324057646650716633
361744064543861752
339946857913488574
374224486646516052
283592505298255826
176614104242770011
569933039313847318
573758977648577221
100744938310014306
378250188610839068
197599298609852549
302973427379300923
421338310567348043
237268119734955340
62820887616741860
338768834612789567
347927993635189298
205387357768724281
251864759192091726
407720386178938667
513762884003022941
21148080349742460
86776971986116596
541591892712510233
564438393560086402
1711703955807171
61362300173554682
326946270236569484
115505466931714673
420253330189765778
204439965968052641
495085376105900575
289600071671424180
135119844689941912
334056041526667182
140046440336928122
167536106462622253
171645394282071507
464696748448288209
359984533597647520
288373910111801551
327501513316216853
4099623783510299
280396371672093628
256982237837556685
344046388591864314
278628427363081209
276853177867743064
437922392698518163
338010085529194318
484031523339899953
414525821433256950
381644338174154037
138472237928900329
571089599710059898
86231354371595935
226156110850779434
93779383862996647
82925099784616138
208858427013412820
273778422997566360
507301452681638792
552871128808502721
523260220838213503
547083308126847312
259722530877725379
51072926956210244
364793067605906021
263735101769255042
536999644214855628
178384498831726828
167132712591048971
2899082758251790
38039138699360569
387430975772901822
522458926239243040
345809037972615760
283484487917382008
491866119000939807
4856405897713408
50470423221478344
473707859411718334
32987357412996689
239690404809876482
373566860702664085
364194993653611312
150724260774262514
384993962983699254
122874298673213921
325181750607736463
479690150231386442
191015729592892909
576448466274755179
163312200755584361
471801237579808379
500918470429583335
31867837440802681
50941665370286874
296127008038336605
99528885762356994
13402734562987837
176052658747423840
72994836879707490
161173620123033810
158660412590376779
171952313057898730
508404671322803360
564481923856723799
313851499734390328
463717368790772082
248177812510228905
486161824024514540
90077077813154946
420873462588021043
279465618431128601
63786267839548378
568228101489572684
258743441143976358
374081483514488150
385561505101071740
129689928348838450
152171530140841885
142690136232080805
479398971317875000
176386045777096573
56826251084394643
285235602570450135
126549132889918943
126556817622725918
284807813616569651
111029119486277985
423048874838286073
181710899481966809
207493406515493441
253129763830288267
86798567176633254
171443902802525103
527801940673327112
111407566024897700
498558663236504434
90035484164948789
525167864732047208
18965040745871702
453229143132002468
508205398429035398
40217941409312308
188872583264743753
253705188400884216
15186905509040855
532389504910414873
387433512761413052
465912218506692772
7258651744495550
413992147297823719
244643802617902799
517181876326575437
359219384254347781
190858492678035177
306785064923317938
529256314899686137
391609235514918017
179132006576623003
109207487096673231
320035702965138754
313387250199581190
93392854491490547
34042628198364442
64878885390490095
547971417280645774
498664997699478221
502002427994184555
11783155194206522
265969421456108219
378966860604281474
464617666744196921
527430849567294760
281956776429999482
532030388849760703
49924156117379536
292360451263505699
184677883981528740
455927142078971078
72522314398645954
528960803446071792
291857360698958540
460315159779745190
458560169391370380
120465360516659644
359851129200241474
511546290593452812
179874835913463606
163982513455532154
57684509721509349
25429100974834998
94849710395002334
464292697680775469
375238686599269291
263391285564077468
36252648491333827
315403928907618497
516913563697517277
339259035056124576
41067045645804401
124879309648824301
345296136135600439
495147365722540216
219851402188142797
498810914109964648
467975183631802909
455763701930019135
485258179773121124
570887889564036586
96966943622108669
220761474135215169
106201675952614402
332914174664126536
454008867087668835
417775989451360509
201337853965363296
425701560808458088
124992874587864832
93181747556535570
186315429642463804
427238430098491251
471124623599386207
67689886387051111
457401557332033416
453470117069594528
20713986981521552
538033258513990951
64356791885561656
128558649029392736
355907979281100215
524912177490404919
248675473765390848
369202516864766095
552779542002243047
297260268788735509
207778124223162344
458673403749968598
116787700762729133
65464867105790212
243939787715170837
345517283751026051
307171839773820406
396429509693127196
26180353289284292
481973340540180913
137477976620563444
474612882044822835
477445019878697428
84663275111105820
118629941627044021
98937410898745046
456119308604846511
177687268357700471
303212279586079828
144178722081022122
113145102387212860
56569866585347718
451010102236768016
305155457984301739
768065550650492
487739400036843063
418749894619306884
374489166092608680
460121707822363877
199869024224334014
419278745489052989
254925276850686745
454990473110200578
302971941735990273
151204890704786590
545592544821345610
194439924609908850
298341908539897550
396350860500922232
345531347164579151
335607760963694581
240919958661867440
129316498748111536
427635628862340161
373883436343472257
71401309751023637
282453758880450561
455706112237412949
292354071572254607
522282567118655092
364636479847348431
151777629117456214
125447622164007540
46462739641183450
174040906012316904
260512607402403005
429565143539599080
381380958944758098
570335144341553648
440471623854561375
72487058950748480
120610024441340773
9847891728419259
238550778919003451
228304033322786902
71737827948685410
164195942846879651
57568278644505992
101442121804998086
409513280967981049
394814559161871863
563825672859665173
415879441839432949
195657220251365425
105157149848585381
503670582658781202
485266458777821629
131385265063487265
108357430731921165
191896671023098876
384836268493688310
253847113403080404
343201761464151723
521368462419238131
285686888982097560
538480964293869172
290506746500745506
486346811208936700
109427417752558054
374677139229829441
398875536223834147
143359498559556119
23017166555867805
12669164607818927
232036553448791520
3617160475526710
542584552737169877
259525311668362546
287136642980274245
370247530551057802
464056804137089299
72532690026662909
183662908521090735
488468348378015418
28107726149174884
254360421500651703
572930328696393764
243637468828779304
379594708496670168
467981074305338341
478896645027193429
445506366202263992
117509138569046016
95849865880904404
17408621236654064
283773528767348378
462737593255151054
135988578441458745
166974775344333964
245474248965821778
85033229594319263
213414069209349533
64371759296752413
74641702271773986
260793881136545155
547030646716009116
506894032451740487
537150531057998201
375745518994861620
317156280219486517
439934845898235255
386806069019754996
558436496087947977
374427895063491182
106459423483816045
432922187443952311
491575148561651172
385675641284646808
512804993717779022
395638820595976537
405423926383856284
290564456755693448
242301699214438186
486357165876128220
121096469640238438
341866568445982432
348389470065985245
454075557230252835
258531074220239009
370043996097094285
31733290308229312
88393271406438081
78600570648129200
353349165212224722
368642931662554618
575884241629801599
344845833727705861
453704830587599174
314357746497953702
474415526652908303
236848041344478882
195844664633144216
348102586747359012
232878213203347035
361754983057690098
54679346732860025
574479222717218159
116747914301389577
32019938315504057
28768172889720877
355368442263443709
131131412158347792
499681314503216613
104751208356739874
238656515656383761
574379167666230088
78515048979967452
466172645440744582
144754900635109128
264201824632633349
203940501000625399
334376783046666623
54978554553494170
556782105890881592
227163490347382553
329145032085634067
242960012122227883
122452400128564244
421426214200508999
221862716998442318
153226588719980240
353035950037825504
110827229092997611
570950099641373111
330480194306976272
341232480229927264
357851876748098748
429020809007217302
348644557416554919
207114474673737596
368209011643699751
406270215782549961
181397380808719620
428216137568113223
103315005938840706
126115963673363237
100173723309405014
104047322247888936
328214028901954544
469564641843002883
347508794674868741
101617846111854559
169873803843442626
219981829414717343
323037789759586751
477376612480345111
187299594014483962
549859257976150700
556448340414646413
297294973556360753
124091725800520473
405176323460594748
122806363133501542
548634553135611036
103879721377474308
412821126172079926
15341598915574172
342586435568588710
280892881011800089
13617116848914826
538411784155032008
368216504099361626
237075090769859755
230250926512261741
394029055186098992
96395985127615154
131458072489809908
485235343861574552
540014025126711791
349522622135250875
78464046328625327
304321827462865605
59938171575196627
28434049601124214
129780412608225093
8611760665998198
408506149410713126
421023078092632559
243837741006958252
309193336223588542
247895829854941441
307263596610602920
547142097769241670
562743471976643419
56967913882801874
402851952556387231
421792418939752083
93113732454710654
470824855627688803
213022948707075502
522946364237590264
349270743183682758
177168644968489422
93516281448955405
438650978548925148
326723336179831533
147349155186016605
140189338564936355
156964139340217188
475916151957257742
247495130219036514
436331373838458997
350284578904845221
19820665864699719
370334533742707361
10156642396933499
432493914144373985
179672997499452788
150886158980808424
32661480564717879
369590680840374181
568447977064543870
175254415154880374
527499737827004292
297450953130845123
280303024168603157
47782690913242616
562460312317678850
528557885332754499
480088644503575974
257489389710221558
407131208408927771
56815828661040928
161117579770903653
418723575261131664
494569583086130615
338649870917888914
459827799131694513
173508788953259301
170773752525718315
297359611804134558
373942167758945447
398246853702617337
331983562789012503
252648961322423807
185430859984541106
466638150986904350
555689718858012283
421383225880621821
344623382618279278
320996666678625888
571593784398656177
367912858349587520
426655280505087327
222869711941600932
114271274898938545
281496103800807118
460669240293095202
262954630605665416
567184272009838425
33210751941992251
95155120518332211
207752949804386793
418034529437182763
492826733758964297
53811797435695131
357590907292019737
133512118827449212
320998356007639901
273406386438597385
120186933800182344
42168369600764017
3599103033021519
56636849687442277
353447662810441273
474883708647676770
135291328400375594
397202336496320033
299031494681431
74735721773760486
516248675355338943
392779409559674996
538607613866138025
92119600565900555
123843511792203894
83162429144622469
431132831780722594
264737408914551771
555992455671639822
344790087247693622
302928609482536495
359497431430098786
17132999649394447
111847095363362146
37130293188821699
42300920216335873
543806440887231506
48293983550922299
24950292539643200
422152653212999606
3245343598860659
82952940194549074
292977197696607161
350479126199986849
425836409017757499
116344801783251919
233598238895434855
153378792270256325
143781151439321276
36866498350885686
68074222309096371
4966339044043477
155388054517574176
102822605176336119
487736628568250974
444692534252831607
126713142486046002
76293667051561027
316829030682312068
467611656910635625
89828400744807504
82815437326085477
542626338023434243
52409012975592649
400691352657984945
501561342871603864
529095982194445932
249192940024640180
444574231673162506
13138979403589417
216601562713237246
285894693997975608
232391514175104948
340525854992568380
273019774795675515
437166722615229194
199784293646671706
214333676366353039
517452998764647785
197681408262760103
34589109696002593
120696645544796765
310203474180545738
306873357889246637
290301703730622697
31473138231450796
556415999134518793
267864881094363030
465871437842604906
201301479143999794
121842833872893985
157126259551884852
134723359753130336
64127035011318015
528999100654466046
111298949841133186
334019498604791823
150245821839718672
270897595211864931
435152566877027713
119743775426207022
42253006099132869
268462405461280624
565100822346340458
424289663403510676
384724725125371551
463269764108213411
329977442392750066
246248119175581901
386527711746345059
373029964545406019
464341979077323310
155004031289158509
369641900689498288
408363884653838263
15593554569925667
272826139452402314
116756229201433348
397819900279679751
297051161946034746
134874866580939998
155015421050866700
5223712399530922
341355825404315991
505268892679102025
487105385432602213
354423419086250302
536713848949478
507849288854365959
123238503567343945
445265291713033497
379246511593831266
259184975597447198
33097018375483008
204070796860819183
3337616979088531
272870562994864401
411836486681739947
553728615508695588
120063776531161952
545605070736185865
431243591510917910
177555695327957540
493471410146975541
456626048796250764
419818195225885695
470977449949573905
398016828992245016
281276148941397871
66005756424767084
435088078776639080
333983756967969711
533780563546498704
58745929857285466
572323987018928122
219777964406972613
426544624281043499
523075298124861424
261917643553838964
138651509375601531
177291412371833390
302560599250626814
96354587690521352
320801366869511833
130564613521132277
385052309555192042
216775816755048490
340643640091482458
299614673770043409
231033904497400904
460544733922591010
339429878597715044
533472444345412950
390655015519498650
440518538220382483
262354684336352481
233753971974963542
489257760435146741
70730910028282584
119049567449844889
179194309976339966
31468398924652929
539712408690893919
573188674666949634
457218547596218323
541630773245784541
178270169885503947
435608705125930014
63905653310587599
530204654981672905
307728090144169431
360172290173214401
547397984630794842
476230824173070565
179883946197566028
251078013377012690
520034672973734962
368529072815355025
535360327707338598
178437893237985643
128288997498750740
46591207075063105
258386347644606913
542764938465649179
165375350612745679
359071112223109393
343658858339878738
446501157357651957
544671394246589370
385631841272750160
184838112236562155
547374818769224150
26979049792221858
457296272052340985
45808912837699430
470068147465609875
408891552212380942
484915440954084527
271438929186679868
392425348353687515
1137237268575800
351446937655609881
319399749686987054
345345334974727034
304764564751199133
541641881173009855
45081762978874313
34598376229629197
172236539432530409
147218603768598629
111652050652305703
58510920499469620
237404830848349890
442436751498639422
159340769283255997
64086260957937906
315684959071325381
3495385825527974
528104806725386393
5564165997325167
25171542381954299
149733088686821820
447790916697577764
295276137565187081
420939244747664391
24709956770981292
127036839641665158
458420305997775996
517670100741075530
107558192142711735
86249452053948409
206998258824087414
112192886232746417
231507972598818910
89763009518128283
140943478112440206
314621971670712956
417755953047432743
176719012198433141
229293244375216451
470767678504425801
244039203462020671
440453699220813769
524554260820070495
19292663834975004
155814869155397517
403383887521855673
466592238976966583
317289360148441895
114210104818567633
542149779389220465
145439171144094535
79728710335126739
84352010194527428
59589405771233822
268322753959150777
349337025750073710
432831094470887518
147750831095310184
357009355345950786
133757552330679742
573486066627807495
383576568835681244
305246189751996827
135892128662102846
58229566487224212
500699045786564561
172367197560613425
339430294677982393
55452706932049630
222655255683001407
516610196686212998
134414582825554678
460832747645260508
296981086888317222
47980026668512259
536341931418712156
75137501709991564
452919169555881301
506577860361856917
387624079410802086
299509397433710754
401428183366980897
296922413958818147
5229443707706949
231736320402258728
150832147693608040
531609672497689818
51787380215194238
56647793665841111
513160044763222221
504480328845050318
371463286109851243
26068638463202065
570259695461716445
109513098441716797
376964885646160033
503503118502329010
199701102678705096
226758032166623910
47290715682860233
478462650569653105
32068036910232244
263433109412860302
151526591907393262
173060254798322749
173115401289121490
409522462967602432
237173889635069779
484529651645854080
178199096873127574
115015453796316515
279495827608748489
45192398527941557
120501913578823410
54488318388037647
17167345839811769
427015499164787953
279528843091158674
462684367153331307
49372915140459819
480854542892463761
439394628141217567
213523110852514459
525405985014025810
431087067008272561
168589150589756400
522421270000684040
259940821326027300
37652751596310199
322228568425749443
554779081796513018
289796831118677036
57681328312765258
310005189605923580
191952781410035188
169468751020768528
236773918345433512
66510687607596041
413702185365988009
293003515816784319
422348456143051662
105343218197002026
171332820609633069
353537758191194123
420842037962568491
194296137032038730
113194056025994068
506705653776511878
39467298831001102
382225266115301421
552554697229037011
119510220595342866
461712062998910672
487929041143591843
94568418215826281
285447091510406740
207364000729156451
215042114813152235
529885549624676601
397568099916132426
453008182568590096
453860788304737008
27508401441968546
391536692618242075
274762792966673316
39686608772446173
514244733837569839
168638451883500286
376582029962983607
459240144157183582
430305426435645113
332941143152241926
517361846136949070
432931078336285058
320334502571312677
215393979271383352
506776442898321028
62615368777663271
215066222920138690
289058747822556630
548218119124220884
365462870056106510
328526990838196987
134517682839620320
560547285922864563
429797053976146452
550807551482572216
485089742957657014
456336013365748092
87312465516032315
228636342089461783
284716197318953928
555650384258573125
246260730857230900
398483003731575342
11893626402507194
272681696258950359
432322504036289635
116418616086101031
150625976090592455
465872803130503447
84879592328114459
337726278992137179
355777658679914137
290029588029673330
146125050048465598
181718380627913103
418483697381906981
469449999744020977
204394355948596299
568627511948174
85966688003205399
495529150251383230
221220839479149523
305026810645698935
264586564932884140
67653883602533992
519841174301486638
389528032305044897
3488561011616121
153134096833997464
482977404366922401
172805942214085518
7332619253340693
222937300058590067
409826188473796685
564740410428026333
195463677054900213
447700542125007713
469913889070623172
29943208844496822
383289809814557834
72232676170957103
8782198462922085
287006576537491422
78254964271302918
196652780329468663
549786141180483965
274975282038104480
180878922001278683
290182787194880717
19838406977226381
195192667523688175
315448143347280790
177729694245386557
202592231870964101
13675307613066126
319831241086069249
218200547790741161
512339884246893347
237837286015975004
89932186123775674
136265148960092258
130192802067905577
576399925837324207
228047894200431948
154952446009635621
406904117705490203
346849310065608640
26389343111798673
111890819681355531
58452473168010970
1962276116617599
54509477443682738
365601134775309093
318536541207960869
114680661157352718
239998288987789303
14442441959274077
27111909654757954
174413579107760440
123422980061803692
336508027219477927
34170391857139737
298821031998210067
289647047639036027
93524713418526752
150216110292607651
313811359307383901
22508631244783853
440446707200210040
434950272780931960
441060208501360755
490990528217290885
120874627855248506
135151498614521026
46635989860702327
372808940970071537
438530511419094309
68006484130550196
439635526796410137
4217557145114147
94095536870966520
88420716133179509
542938239755134485
335648878390929396
381160864087748473
198735999488910675
178056702509633722
244329215732105283
408932362668170685
229774631910259572
357561082573646307
273544384343667609
25231295569503
73309747212167990
522947736535023937
141102040472074566
17406346305646220
358184264566249239
72213362296027174
50281350732053196
253688210911920612
230922703613368940
231460670787280747
313789891484875048
261027807763066576
4588612133324714
764909504175177
274175454448293445
284036605897232615
440137899361679960
384210226022302167
522529368403725346
575287399216049137
520370529663001650
553170673723415887
171002846208616771
311926641836591122
291179050720669551
177613781784855911
261146930785429123
289916902206548999
329712030005869204
53010661868447190
330482843834296087
407160587351748428
252740171699068818
288503418315198506
355472040030120679
164652510462272171
561596892890112471
473015712547285386
153284540374294345
555926328576367081
493520629621225696
543034466830436082
378251217456548362
353426032293608209
5552526516537514
10935212986784722
152309601795985900
349388011293104950
533434528237659208
352387262466070803
510441555030251790
247821575532188288
203528170231955722
221383377851552812
527712838695893721
187120077786249377
86312119782239855
419341531351242457
485455975338299557
133640136147387550
422998818305566419
209747352268863983
472123536155733714
214955995709926274
121950603527131938
104954424951947955
554688939597357483
394069732845984022
324767498858901069
285970986202412980
263742624195534168
545180167194245202
135118277269766830
143112439135925422
397753748667950923
180063061363232195
391596116802113443
307393548869529847
351534757344855443
567529100662779678
391786655163438368
257810051426228635
22683982996494899
278299896360895925
302041645122274029
501799445268066092
537083184011466261
78828453978380402
303274214234642810
505560686669000331
34126632035978566
61005504099538365
13085530945462918
27165327793321619
285655058609351519
122891190608968999
33847315473166171
286925096299597908
253245873007644568
392841508505641307
323115737400734781
293206544312863476
342224078860248197
276179949318522919
391833198744298265
45167821968308409
59866693439789049
550540157412985401
215157419268267299
331248561327243157
249536914334060385
571386793635796361
294109285720877532
88332784544615474
466526764265221505
301609860362890652
203369940002534670
522813062859208314
49205379845644596
526091406007163338
354422606989166716
220708487112232310
559298782709765412
264299683723458030
86627839863347098
292216606060527397
486973026616894743
56435380643733201
50868491443671568
171963660836486894
360536169856616765
503039523847279095
167646075007503495
309403702123954976
197424744106904848
212753740318523125
352081482131388479
320797162052273196
255705363730509691
434820646597632096
166658730249243811
1060056636170700
564219665470650040
51751880473657583
325137388464128857
52611521630216692
381889035183966698
553575218029949816
38490169409054655
157301284685094106
140377059888817154
122449498992200644
554038517152710126
349260870604456766
46406009250542383
136546179178074746
258947703452868569
7352426051402125
435671140067683022
292897310750928705
93115182185371903
483363803700617404
365594751073722052
80563914835112109
95018353264484584
450592419610897750
144012856403483712
52202753157658080
37137320628483377
550402311369306223
103170991594702460
379014730498195315
189821893094916546
360146825798186482
463966995295773930
362179146580474691
245600828517611985
344033440992304736
168225270306559577
169479300234797769
239786706830822785
178730083037674466
325220920114395750
567522228561450942
557889649254862774
197787550440444961
395079838660075740
295950895801184644
495131520408296684
159417587853256304
483189215154351732
456451151077519498
459351910971187088
570779305809917831
460238154361456244
271063873806770435
545024885203039894
286122510023223780
294362663475209156
79002062712025231
18969428188262925
283426933232851339
152896063961871098
514884612792252807
149308023409215359
498804161397351221
280331957067261931
254311323245200077
37644281846609625
496407183170779234
12146006917135259
561438251453251823
559702334502044088
62993997100044644
24239991434100158
302072704687980457
515756365064360475
522474355466319932
109247156921325336
541220216587013682
133481433714582868
278676571895116496
241880620644796130
151460231212905828
152220031177215245
36312403999285472
296390567084195057
484586116933801948
361047055452803958
79636235131979893
78148275786879233
255382516965364574
434282506075194460
334805417790037244
235286868848089007
503741071110676479
24604668876599168
521872820391686296
128922960494428706
241943564604797700
457640325473997643
303471585873222372
509525970360075687
8316508938057332
234348013964670063
149340695994725881
100036720528639019
230271631261749258
438274981406561324
2507935811730290
306284355836884353
265410606375620961
498425509476469282
479554853887532786
174189843200019189
276409799427718114
318852018045658371
64263003023387213
448607094210958983
40330838079726239
157173000883838839
539082140980697772
426377246059509503
352386154913895043
81859473293995681
573017149710697174
483192521501554312
265494824984101703
430377560203952905
462282830179658430
389319343539462142
501261444062261985
391283696085619273
570841931630229567
389595765693323022
35018674950652123
307634375546520475
356459102582784920
127985779152301615
370407908818888833
245291315480987462
235206096771923565
180237840610135529
359775791205506736
563239640539296816
474153230503484993
18561389042244445
281181596520363412
300829958323740883
485458684165629389
420663851173715259
331406449945371517
494157035432431530
288722607791399451
107510600207893991
114759428789755555
188888087622324878
58224338005443121
110388375156291962
200357287726092377
117125812357342239
68546950349161461
334083361296053273
159234523410077310
69418273010131979
530872448755741654
265111028811948756
125254201768642646
266494053695218175
47503125638492262
405804899774787502
547280546363333268
566198778558664284
169441691404700558
221161698385287187
546506534792256148
23365817966760806
555413122426687589
46891531165936631
154155731016700065
393516097829798359
263045695276345102
258289749242631391
63571451242909058
58035089167680795
257376378414411694
568393481866618915
110180622823482128
73225994043278802
428050325580716725
389029396141773633
132482170381572321
155626031101677729
482017572528730576
409426550151330936
364388912897795106
1315650171008407
103955436553524470
566352152951576744
474495741981244709
315658379798206455
498624225057214313
412822584970939101
234992341268117287
47188950977120618
246391148223272436
519742710023428595
553480743274518831
206945421283757324
496090924537693303
193595422198440022
254104832518055485
346941608559608597
423754442780975494
126498178510941202
508457801028084363
200339264795720439
558821047366199047
541570611692950353
289940009703397933
171758755096196102
569559721469549877
59111419842495927
266523466550253222
531009672936232316
168510594268342356
244084826906366046
497083882221242952
489453646212024126
60596530434022980
209715418680652080
466928530549632568
27003428151064843
164995246113216839
116397915239140081
425099381026883543
75568988842197171
539017023642115336
269103816041174140
412206433876394173
373685047846396102
181423293631374608
215800491449279268
280373954610217005
391435439663016036
449627508296826615
372313349206370783
494909827612518906
564215821071205008
182513340005914432
255593371130825919
29900918165527941
354811772010267682
165202602831230357
60129567757737656
155601665539551031
414015329475769146
212934730699576390
21502831690914379
490363872109237163
68347949019805957
159826671287361646
377217884661056004
448401141799720268
485741802422749330
71325131633161125
437865503064527297
70088514217218584
413302907465380367
449610384520406022
560752065606946347
409992431029206588
8680809013258329
507604876076120103
426738166615721175
559103764911893113
342108573708450492
200007165022968385
356334297579209422
430569540331280080
542847702437841225
523930799032322760
556398483055503508
152073625113201718
21360621577083639
575939558280987789
222537110326393224
180514049690112188
244806152887011854
420104131952684047
355739572073297580
56508244329119074
517012577911115037
545820301483380615
317757286714685925
66999745928307802
288925306698112306
569141064702500862
148199595689323639
295928069559649666
302400389356289826
114641803406847912
8679727527917423
248572493575979478
153772048425480679
179653323706313938
347951158924940040
256790023796132128
332090677244395770
136320391420530895
167807610077962444
340447021285371965
103544100561036695
127315625014188650
258568994423717567
343574321793933943
484586849452084485
302538209248312600
344703723951402823
494422711387217328
193655821338654632
82559412680162205
46574790448360506
459235002579106465
34339362593251555
124556695550889826
402388024352831037
63657475226704918
53612623956152184
95249297641580656
502504588941795990
417513533608987565
25169931776788529
274468327618750800
368054036937326949
253494891492081276
238437225530281001
481092053382929275
365126624805355318
159056615960797528
241724487875715463
562189337170996597
305536283904316206
348749664961602503
357138406019142534
544724615010020773
410814310498664039
138963639088839271
570853594826199066
565524456141272975
157866056443329547
190122565899733904
20772175866324109
369301042907617882
525423231010973381
536764465729266392
542101049271090721
326343086004378387
406755723636954205
418065590550984767
324745374970998978
418993554934293793
124527763410227758
182527008973079924
236660624660722823
209350961165137533
100173595453353031
361963845796898303
291030677045967388
178286551601403387
469586606026258239
447678827522171847
417890638761020945
352460849530031306
339754534898924107
432643767300976349
258105741138345306
237816481862260819
88765121655222015
40546233994891052
79644988718336651
416922634657011319
155303272163281954
95843968545805385
108380892538865655
494950220938068366
52086121387647574
449104892922809884
14565588378180481
75097884591238882
275515246137167017
156225764583938572
505976503185235699
507980527076655840
230579499822511817
216419797676315076
227193318236561282
322030593367130009
176246840263072893
407636820354636622
497788356967778647
288523318492707718
326424056051919801
116185837447810951
575997021066230705
133459978193378074
158675054492314998
311063216344211065
138944089578326503
505219397049228286
549171533304957394
407476271366085653
207464293899906853
359630803683845137
286701925026005970
289669037657761000
471027902591858443
170299707873187627
4282878051964827
389587824890442048
318778651370570038
223152045062229811
99451499011279447
329339410000195834
329446195537037023
134325199904956964
433250400936737696
291990089628185858
3413425133999422
163471319825725505
128582477485037764
345336928662854257
539262318656105126
283378109114712979
193573316514401177
420820275058062297
28060105205522104
2805869216939242
475708807438652273
528953536777709859
310912450159774200
38351975233869590
181396861136698605
251029620111357225
19104091068754492
262351033211705256
422954366806750501
60581529973781238
426285465483800224
367621502870150544
173929953716019658
325205524830638962
199596196969717416
62054523375077539
253307867153575548
477640804333610227
331567147259084797
489323085647207583
63440758579919385
466677326478070089
11558478632122993
552071969133871572
507403005455503883
288745075944213304
101923137730772668
406752232431978927
395474579733923348
65926727025282112
2451074128975155
566634237260663716
125789666020867684
1367698038070163
444248362610308736
323327127970819836
39118836253516707
200888504491525770
319705828147142073
198197791376953637
105562520370384091
507235172628868637
504229391118914690
482548532263390763
217646855011011301
110139050095756372
335618931278861725
525806207689123567
343393075818634902
427620406051252532
445827273960645743
13995805960212332
46692762230854354
286829463003381643
17556981573982481
410239600467389101
231035887142710925
337972851475682954
206537159880804267
50183906397589067
116890034011268742
293006318199010168
383551169973302123
471528129778518052
156360349019252663
326547678247907097
60810393034436429
281998208950321201
258518405204119444
186673545724449825
256420463743779377
518422310640055594
221683410292635935
196120393514785218
534558954879445813
495624147186113843
554403700773738083
524142622128126365
44270170960599825
302359799933595755
265551442880017960
103634388314775355
521446953356246616
440191513706853538
257091749737866800
349303555043431727
50809481127628635
436273144713888556
111593313302955937
390638507653674768
165574249554541936
415423505403050433
233826817678818780
438247996740584264
571337822470090625
567270918365024685
34521340723699786
483466227786429582
93715259353723464
218728631956482843
108425221925844865
504685603081177321
161929889619783965
275786189578437149
65786002523648426
575206004732641696
232251845985527825
540465060099546787
373656805775015524
181073934278596385
551950495200489304
128855169079723274
20188653564893757
438102781086166055
212971743263082616
497140605367925779
309001322684277753
114427669071723975
555794386712942088
472813517222819406
166466736299419798
69783882113938299
164103923085296526
506913878582649340
201874053257707179
321665235076733473
26324325910007356
7713872718846769
537910893149183171
330607248758604090
256775711014475175
573130891839341998
106076491900011568
444570480149341597
450077945090405234
68501942689595645
158804641945445071
92777259724623309
473786488123660085
56296849761812687
210631185922770686
126910384907171695
292912681841222446
246388547148240270
296758508910235694
166822265465793503
574969415759811688
349919541142525762
594079563486591
197970092870041284
520642371330554009
311237335671746791
292978626113838992
332419278550453609
32903699326152813
269732308731354570
197909888311710957
389747623716586449
539754665114401815
540216450571972318
378915254704191703
353459886206799225
101511558464903489
297480941696982191
103674086389223311
383460072950833233
485523692025671725
99697816387135333
461779359599707641
363410230532226092
394585507638354868
142168412289509060
330546156084709983
353178554326538189
568038467992418984
554023758374762861
25357650988790704
456829757053803862
471148095117520112
153562174268639295
474029160090525790
425738731391474070
252567590703573544
3551032670486909
13303301964468709
290034580806098641
505839199886243758
299284378795643456
319400630959199788
342943335046293162
276674054525136849
354980331827624582
434521681750718143
471328693785247695
443071132591582788
245764801232422386
420517072735323175
267256853439506159
32788043325296098
511754884305380438
72981472471121968
371565796516699407
188424693747655966
480489816836048335
568923658703178655
301006796830509582
295461766091576782
229027903915709853
499158924223512682
251468841209471982
332257360467912772
521135331600377119
442300925821420527
406242694182954573
301770245137283119
268673415618598995
200893576079220515
420982861939327453
317571477818787429
283479501995384632
10404217055078806
78284338680533012
388990581313726723
523566183334349788
125219906774725117
147478282621415605
561517580190779503
443407152863559970
427967960841385024
51104353509325156
177249797887573227
418921222855393645
75862590667256103
393326650476297300
104848349277902023
448071834430180897
38802778796479344
551125354402815041
119564242903085413
102237824545060356
345822075527117477
182198043890800718
337554745521123693
81116592474817770
118411115533177185
473495183577025438
331138180838455855
387199392747639834
492994584203704743
510757458974691191
28356732087970698
164909788028207413
281290756192175780
225181175957482268
108304305848196051
258744270412697558
163071378338264058
458438770702845143
72321294356592484
319229586610043115
204635425815201547
50680855816302445
468242664928459729
78562170049572070
504433142598041393
181184255841437681
570053407302216805
40531966382076349
130519573123110848
352710017970411490
544052370120381359
245292330111307656
211697780307956733
460172215128854415
266367389081311226
476011315054841987
488936820699322038
563520002311761492
507608230138619846
130812131520387305
252707033984458238
536462269472089347
542881682544645911
481519674947114013
337650403971964022
48206715883111070
2175097353464574
316136457751994218
512224904919799766
43989016609591782
444143962785921314
103513764898348233
137984392305027471
134880476966411841
534800993102895113
87523641176808543
145320081216567140
408400297071935199
76327970928089203
549773478951636739
490372314207702947
352927560122638387
547001637110786908
392697597357328904
396092295647725507
92881982780002971
551932201667538038
276885764624210578
389878424397677555
207274258372042826
381221380257429985
205395921717122276
563303939354862046
25506414284253144
244049285588123706
322312143600482854
214139416612063977
480872191441962664
160037619155832090
182542656665520890
359728862725126073
175464107701022786
493580244826114857
524954736647698743
275437608487506897
362901690414461133
391955010258937626
103778387124288770
275044877439636197
14069137580255266
132068865485294280
448163405874224966
161613353590781148
518988892330729684
400437211779891008
457535873581905268
377363049172203200
2325444889826141
84325762461065297
4450851227467114
384076998205758785
524861926157547677
158629464214326831
441311959106247140
367999176890688597
289721962069410002
13014675284569045
427697067721240207
126821141460346115
539659186005500499
272460998148891960
83337865486143187
212267320721207217
260822836968654700
162459744949362123
162796299013665648
512209138153664607
560186646445500360
352647071092833943
535302602465379425
224521307202872062
60297551047534702
502952643000904175
322986950734844392
37424315615777494
263597109650726420
439634652456481176
210041702392399355
133429198306239566
201764228108830056
365393402770060130
543495625211648852
149307209520407108
405371487464348018
245692836925750159
21771855926876844
512854688139427117
443001503721451712
543266365001917196
385815978560932914
193751466245841250
416160361924685283
227408521162766035
108727705659624007
106874155039030307
395781923603532915
403747927763753201
458468048131642805
314939388947801684
291671008617156811
131686669700650519
564939548563301825
477672785926908817
553236748106384173
292360959734776915
235294806004470516
429844802074179474
371977110392396402
495766103750725286
166366956346372653
494212665174478834
570581057459679689
52383350084063222
216526405197676136
357469214781243711
530249270131344643
172083349803782659
355848294579169727
376124115353229684
311572828995949372
402462768851090575
520957528681706144
158280875479284694
162153102141488627
417507942037829539
159721509027928517
361869702341752439
104339947223510161
514113619559560172
129292023401840771
383105603221834446
493699407852124940
483352465508847220
408639404428760642
324856371453177569
14092560528549398
381217891188783100
53947680413282227
446798389602507192
378314811232700746
471190132446975904
276512485908869590
183563909453168329
215746737942536494
360568432183013132
77547112717700646
469993559828457700
394761751443744687
384742643410398232
541702837611170755
312174140116330181
118359814461287049
405696888108637392
437260698165102847
564034128051982360
72567687716464688
491228604945267472
328342018373393709
245883569855288330
428496037054880457
2712379869744228
333152843875365860
561965146589589877
378765539001511199
263325447344121771
515126860774617051
181373437734707812
550470986567656843
101427466956042625
296856999556881420
314978176465611880
58494360503554004
449040051027501305
533101646928627495
292469388235059879
164324507887973627
86430826330849144
428292350843444443
538956038239190171
293505383884343319
169103861481042950
532099800021205578
430003872769081071
231852039519797683
317123311876842209
571105762346100992
142609726899087506
78980704552425891
452660706822115705
191615273609055733
348144813384768779
104323856251600382
46461147715611998
429910204436385417
558635804428782844
118249763076970178
51639109057539518
473512292479730115
527802095483616156
516423195364959366
195181147929076731
252486195056697578
107887872081703945
119904347564205224
430332848049739404
82387205356337117
172020143435897183
325056426264901295
151665939705654686
363451482184934656
436349459451536868
429448384750246249
177752628923587272
334184611439819523
522902273510803560
264759876182945052
304714941748710257
108437904764417670
335193625316541711
284524524419950343
211998630548314520
355514057959946580
178228080971039052
496352670010573428
334233441460755443
359159932663377279
175492638981615801
572924734080277439
517644051445346747
394408484884014835
22360165247520752
5667659072483771
322123711700807090
4542729015683112
239353292449215133
77725517395736928
45689645577475102
118151119931221641
507571227043541368
303004619433682190
144020168653644382
562130536704447493
135473956262575559
501896226651620036
212704799895681772
356934563700391305
43879117798198887
58749762428915066
533141164103490125
182886656793238132
518407561928197768
290305790389564684
142420830837816268
453339051077266862
482420806109755685
167433724934366559
238639172968335313
121567971392233650
393054781091170638
94534032314056687
201265498644459701
207380741957964668
353345295457569112
568467240578924852
260230050054260970
504692586325235048
254649190053909703
523114939288833434
269162779991383256
206564646467538954
81204328191496744
375436258395350020
49374653624949013
447858613123663852
527947879603777961
537169830663478620
48615501939260782
151253565980954565
181535443260691003
436922547318729630
421025357113209861
269399592757025875
148786351865993294
546983430996320692
175122936794829549
279727677183774941
561234147650382634
296753768390322526
509705723712896646
109516317269587236
142983153464012438
178206176534466872
227747620774832096
104486273888568750
259725137160433180
421941180050178710
422740245187155057
88594291230471051
319679573976695988
419552903651060880
210703067557928
218431369253296438
214876642071499466
478261074286771566
376030271995357384
477770164097896346
162672359226841757
158514454104099973
203149739064244525
460966118012312507
188970042779092235
130611253273505487
477785088929953735
375794912160246769
202554804963386470
219530030109587768
322297513227809505
346538094965019841
309974137307503588
344762720272924923
383648225646138094
350230276023357967
377186150151678086
48734669972089980
125092863438219205
261067635198865236
53997590625289731
317292874911493681
180995640973349803
134351076185084279
147754564238459377
430012905937610619
340368677372066140
297382675818084132
437507115865578300
246402377675727028
30384104849147430
482962830627428323
332384667891673349
28301545151117488
471079970559986889
214026418618353430
215330780375628068
315864106561199333
248804713867553439
468287680067488681
465531300473011629
465527519760794096
13728029452197464
458679463867477622
444263644301986441
251822985395467197
451245230231475866
49506426435607389
147366454653273585
236743982463361630
174846636538030103
154850741390162016
63682271903638468
388881799732849460
131646693953284297
27836104073671695
383749345722049050
52026438498999330
372417357229879307
37623834382883657
372585344229810945
248576787988922947
263017282979822837
24027727377318289
357987128402366567
42996068169902094
375220404959101232
492637012983761768
79342247579733185
83453176404357530
453440070801352931
310622756792061560
560038994001752401
431517811988867643
534251836192912789
269312073572823169
94320459001812547
296917568706071858
82380669039706283
526787555730020171
295123849549503718
276665066312403101
499404281319159346
454007870328780879
97712495608949816
135673373944043361
505949588271791605
547595032243394717
354872883717786262
290745370728002434
424894328145408067
344999667199474761
64439616712658069
420373752045336798
43938045069458489
345885460253416460
79506465076699703
58841235392463136
440913535907210007
184573869729849276
198688828835635809
332958371092616661
297444951900720191
418390452387696375
354588678000254527
539842186686984466
116757259652012097
2337699212944621
531307762561326040
95995937729014579
26358305026849230
310372147506424612
390809917154915945
14769049326908751
300450012038694712
394607782853281481
67700493422540689
282213580970106479
388796065190785413
194925021566919633
527881797180655233
148713677312127871
567547107719259640
489178438321090967
449218476759307485
500846867887710674
308651183988969306
517004468198924636
387806065837217190
266012156620438458
392282863700874546
503311136995013044
492636142642379338
453372596352245798
469790891374564595
415141997299865551
328524090096097638
82630885853291145
295683254334389924
422483492828559931
507987607253857185
481401756671687209
526251731910526824
170974822079102368
229418028488012612
403979989821608966
411177895489174517
118538567943136447
181074086001068726
259961762471511972
248679583404974694
111766553383683867
68373910074721114
460900887874288186
34410032975831463
549365400262046667
164477020238355492
556039915362882095
519465532437342770
48477009510136281
74452094243040930
89315502006190584
98598908913307940
107693210920647724
246698784620632600
326713531341674346
554717729993552224
295083626374586175
372385233459096056
498583697021833791
222935356810968991
135990441472218359
301524245267012876
109506795390865897
371246883222839728
503088184640191290
359306060502617855
139194296178591304
472697163637171241
26145896571076360
102822212474398362
407077698462168364
420126594696704610
401078782854882190
565095065634067011
37413537592823984
574636799715196678
141526958516739297
323191803665411288
550548843056783039
115313874952042202
257778952824901701
435759357236653434
114911903749377426
278404487588258569
120715089575496318
111592440675749961
430140338988635153
407710852370196496
210343223032244601
388418702774084761
130028955041234904
514412989267644844
122467045135512395
6008937895112609
117583634587919005
526460732516278309
429314361552687977
20634960658527238
44449236955111849
152146285750738545
101727502093815369
522681289321414990
495641793948392590
31959632901525026
93697867464007752
177768200406226885
270501121216526582
490878234328567958
112872033983619339
71126774723492279
102244429774552819
131732558037738509
288549477981863451
102287568312259266
498612625166869187
554051517309243852
297428515607653231
163694490540103236
400620276544239085
518574580722849840
250578831919495984
451199604663804953
290251397267000622
413096365956355163
165835988959426107
255129992078730952
54188111756804716
576412231169570291
456670913205261894
91173091028540596
447745505074578817
522580837981479768
300827255260835815
553799242780399770
213731634246387166
447740245940514790
195115759501848284
418541718223176237
551069022120479116
133143131598210833
211803597270748398
409237840027355150
417858497204086198
527991292687661576
13960392479338622
182450195442898353
280408799185832137
434811684503458354
174570992084947346
447196949496261928
515060976914493675
294034257372408246
21002164471183437
324243741313364568
203495132646450982
456962290359015974
469109656432845101
383252142754887473
6436554372283157
503913462091474818
441878265824062949
561175169754959765
193709415044299579
188690027826810427
405563431243950113
464579028154210218
16778055967694555
101660558841575021
95261531469245179
546833234414541978
44486146336747477
211398394372246853
509740585819880711
393003626954385184
33536649557698991
152776312681015018
164206625073310037
4934961969258931
352095529069629724
312108496719806811
185192684219198906
56837400258199787
319913085015374214
242908646728751437
336387580379672725
304967458003731528
220373985806348005
219078044802985776
414357722990687205
163336864285659967
408024589037711051
391382610261211434
63651621729320622
442468323399295301
19078817646734083
48857959911281915
519373612864677199
515769050895442510
311675742269310066
534665109571051789
530727903295670009
48081800465409761
456525112909995339
521370570926050317
128073868574054921
251046891919880545
182450690133232489
263339580342772209
257463846683728261
522146512318681134
389317858815205840
556264170975280394
187156623981588075
430275478433040509
509441572954835007
42533458825799685
443849040884031596
127038748825125172
481380207861756226
169394458869895723
359723991545708577
232784510731451542
509405600911205234
105885155900160175
76680977640181080
36553503287988777
528225653797791872
178079781314131146
299127668038756847
323821133581548713
425408458962837936
390370842791495227
255901383390955955
165897790649810377
199294605421684614
499340760406386365
27648094354984954
437344105132594435
176097963167458530
415306950443149401
326025436197657610
339369843961928154
188082844641260886
376868490532425013
393491373744453418
558114609273755718
98829869579564023
56372135946625249
107847204262973348
60174141281117697
130458375397638588
491492252652877519
195622380643414884
144201635910965731
531217229168345911
195276244857460100
51737962116078926
109664525174215380
220610909068500738
284117341017981750
110484397963952315
387463965412166075
400255349703336570
42837293460482994
104181234394643562
368868031388077704
387717243313236219
478987877574758217
353247370473895159
532127857727543115
427351630527490862
209101787639039627
8455770967526398
491088429986950753
421796904114499901
551936887180825701
73631679704408116
11094647738082937
150125530116130402
268362723388892212
164715271416769380
432736033160048063
73583801671795080
212513422076769691
346818855925310145
113007804809277185
165976342597471588
235626001898224353
344379653763129720
432427269762286346
204670598191544805
558526260954707203
44864968666461594
254343256268487969
179731275243143904
442741487906246238
288474880238159249
515580959330539511
425649665604479821
362656155854724230
66072537033212871
398902661134240962
427909320818685886
245541440041077939
129597679561229164
404027980464858456
524942618091309881
420588534807060821
479787438162973544
87925004255393017
503876904712246008
125182859116555401
156407082827395199
7974165910951320
142873044559702655
23727978129427285
397588707215878618
241144251224690169
508491446153408797
124796714071071180
45889323959356770
529311158198253657
147822343780838130
495902441392373804
138216668010267922
219777123357460810
370895141738267432
425307582082166127
408682522934824651
386665893228229022
132798420873082665
564396828403524369
380490165180221405
20726374198762849
489834635248558089
79293073432660933
480503500780567696
122276285994923269
570279388261383914
317611652477650552
198593233804708403
490068349538487142
364030585265880018
290400592783782750
380866883571867723
2620825467260307
306239511460462178
434843753569739863
468154166091414900
434266317382447934
321717417749811191
208312043531297149
208668672141133551
137875047234690916
321628266117325458
350570014694618408
6931100814063975
491996315469712089
340474796619607386
42340489118881165
98331002796337602
494302233552897669
30226535632442219
414683018500774729
152203560288932608
429688450380191657
456640946484447310
425939833927320565
292456964474662272
310104434610798206
179655133469669015
575333922547314765
535225765290810177
218239443856859961
365289102193640484
379455332654495465
184956616528591339
388280799170097640
262640892952042401
336489381802552353
83135480949351459
491980151436437037
508265719915535203
365824823618893623
52816233454251896
329096949202721504
441442265316743644
365120871755437371
239639199309231975
184739800936514254
484392504434607704
551624943237699290
404694625834320689
543991541205876549
159008028496636440
27212655693131614
244510821699000783
468219303182842874
534029122044507655
62383577218232846
426889057976063707
401895955371298062
503289382959380175
507423523932723489
78043143468223786
290112352417077470
31369773393485837
233241375104870691
279572321129513263
268127463810418357
359593219839901108
369869714232871206
187856209913425638
360846209324612953
494014590649340731
157745310910270907
149461131619007641
237313138233308289
48124922843772019
351622326835296361
474265989480179236
37580793257384638
103372481394402134
430362635048812853
156302470359594340
98545463997814779
364511743468168919
148423913626600906
146262766438530423
152691295133807129
503057323272896165
424376099057992163
427799240889925831
262603403089094317
387214450038202105
95939799954418412
67279092226937079
269070676975490218
116754031640302231
259651485782511381
118686509537374414
147593803558406724
472769986582133300
31372192287724683
316052403902238177
165603227538454754
248248971296660275
550157745540156291
321894454567587283
339078446290540772
235565433302952528
312709660802254833
324403398679206824
30084764885002560
401653043864806321
337768123542677155
202555147535203775
502807467366316779
372768203994263258
352532448372772799
462792673335167741
16163565808252254
308781391040408562
258338670660280723
147906737416066660
392065003449288154
532016337570540842
444343721669656561
213163500703482058
417858932850018011
220503947536063170
362272029437223868
544632486626362187
391047708343389115
279146110671989885
467407034970330906
134204802816791323
75434291012681481
67697537213498182
520616867927780863
321506219406640849
179199274985260685
106701466684193327
57074410317983856
232928592704380128
506009744938021358
328698406490324249
317645747207731860
260041675178394850
483119423661047733
135838299595974947
437672099808447615
298947498462828244
248993954803307596
199724557315758317
317685175761281315
401516777332252588
486051189379350469
429034193882975835
245629603363391918
548570006499821785
236214702818142421
57944244092914862
154711908647055132
404729789961263388
142745557637353484
366808068007986721
433277090821840318
343225590544463766
347207107980629502
317940147104753211
485950412380884216
407471130723445496
52018825793362763
212451989116240556
16072449720293987
175592537678958645
14262707729220141
117841025335600509
85827738119117192
496830290909604965
51162754895155154
557189790254705778
383212552136980901
356840699092834245
199279327377398853
293002476168652658
485684349653510032
318873727800327842
282510838569193293
31861309092451392
188947158381314012
259436995525110328
421861001143411501
264429290038501025
497509611741185269
421522774397423249
30873089497721326
314356487596474744
124645645449117512
366522749112164344
497804790802727636
174899332967969988
513829215340538451
48226881547540223
28384397620053458
149899717276262193
567830518989992747
58233677588063886
333062312522388044
219826546294040508
213484106732134615
553702578247783871
11974321960880372
521941582541354181
163395771022946064
377402113505226585
549489466690618670
210158902863175206
502912254519069365
435808781709924205
1584481002570436
10158608013988137
509011162878133756
197323663029048951
129751922284920949
342505460894965328
235949445755708948
232356713305223889
51944389983936122
548632470828268918
169754154461729278
315667215885407101
46129683134872152
332563058747685723
96194359728215321
188652214496439071
348061679992969209
541321354240111794
287312179445832852
561617926284934572
227146234916176369
94574966114284514
283193931726778513
423840947172012023
71055808773580777
441372127297976872
348531651112899516
73114940755143474
131438404326745122
537017303281890866
3065780750937657
324996343432372731
28107409870664657
114273997892025311
488089445380536110
261332973284636484
480020099859273035
417496467073280129
54377713948819634
526717515373221478
433540627881517943
228501328559659022
146096879920215676
537767103784338317
81253389266805253
80849804140350795
136453806839562768
392443331495048215
390106878924087304
463175593713454683
514099760453409980
31187343236150153
471846356842042152
95892302084021983
298644303934618941
114727366653498555
89760332512055569
423306388666862455
329427283576758311
64317485995822581
427919822855695139
539850679135198269
14279929147378095
17123249599940008
377284724361998084
250921769674308058
463728455657949310
540701312354816431
493204594079903268
552722619014457444
337198721670012885
182858405857722600
478370377834255352
207250183804828853
535875617049127493
282197961260276309
109041831113275406
560602087676889913
215216752497801150
461786898050891114
520075216871137985
151659931083617729
255316503271271892
555419674648177646
332734323883961886
528243510647721475
170830252474696313
284310686425621975
166326997597440256
264765392004382052
233416848169681378
252560905363419843
545404639140619815
458126022636926275
120526496194261466
556460365965629772
36253066006331430
58229539074015381
53948224610696283
348237393594216023
303222275566156917
376469672132811333
73511573492332100
156332470891681595
103776166132168709
161633154457512473
327734946928051551
337612144095044350
216164181140372115
521316285672141198
242534884983378341
219087314126613114
297686182009699229
218768170069503349
440575638860473871
129433433784615056
472001235512501849
129608444601843927
45856131914878928
63136228692501381
178956817443852584
87474895882555902
198851322715168568
348733070423810416
176146377834923763
531375263681733239
243929538934056786
303582265079216784
331892128331970157
50392663340072829
547995602371190838
50750845472087426
363630540071347256
204493801796944131
492739098608595594
390972377083652728
265396709440472419
495414049105296847
456921257927389203
166259676569915174
83268347737699395
123019467378996760
38465237446609375
550426845269366620
139046307872744039
33915631762220995
224697279047174140
427102879078033416
361544767971145967
69762967651759099
550958746161584219
331234806831941512
419833868702945598
45668147387969423
337868590750813516
233888754617638555
482259069737334669
129227125017820602
297019132729091290
417674523878176501
214017149692911127
160037675592687262
510054011986815961
553617717544693657
215255381618127587
62614809342213235
100745264417995719
344452697510053038
571338415236022654
487761438110940207
270162516255687506
271029391916555335
368508966461430753
422164054440571030
456805353913883631
453003288143618048
437503084261239650
421312532066868104
100293634218885658
256205047023695185
190500694076937502
459073098969092674
325586476838092118
342048764291493502
138171729661388112
65428551915752856
140772858704048840
281591647571714364
152777432925271135
243158133080999521
94070205054584548
289760865659663529
475832040378268877
25606928540379009
459940943514666584
428548585949505581
297152707441716689
423073544579033031
274127432584354901
266703791224904799
55803460709386262
459461457607863491
492627429768868635
491993761326301186
284316626994167488
91768961230709095
541471031843544021
84660983842071311
298612807364481905
574003318328437646
355024171961346160
160102507476028748
340094318112910495
491672009672425329
35600861408052597
514328386709703582
103742399335823979
449216406094703503
260982712874968294
13506629217766057
543872240150638456
251472754715297020
510554074957170734
464265822019436290
258930530691437646
555518603404510588
498087690500666518
251460942559799814
61353155095059208
461128942793403544
145207239844611024
433842897174847427
398268072857122084
212571803802433024
440075835546505327
566290246480736257
182533529459995468
372348775558218912
545777200803341322
11117285099622164
258335467048477694
563392568976584828
175451047101917457
383048277006420548
376043927386022760
317958653301828142
184787789296697379
55878576687832029
70176766099406479
269321882753501463
525057083549513339
412343653711168958
213300197215173590
182584105888189373
60874125611726137
268948482094046108
413099745245633905
425059493665109851
441058804829614647
157276535135955225
281471140363575621
182664019501321910
233790928281820210
396494757662038679
122175755926194821
140583125857466396
574576328622388198
301295351008531291
247181003187737779
159772034205471028
319490801586888314
314899104415265013
351256078774886480
87140935379407955
528220672745402530
266830523555110870
392544427685705190
165061658953806041
181330180427319502
92796780530889279
443640863412295074
23313020257334518
207404129923892948
317069723595176243
552075966749395756
239680601942298414
458711486582032353
29620853983787368
233409639415034876
521829882364879471
335200390359259065
181015756754676985
269758426078096178
511033668847310111
383095783759044458
320142425907113288
75215329959449670
336958796451230094
152097214105619735
228396320228041481
547921497211286335
350509945214461531
529266827667837235
448495782507303879
452853421020741687
409947910501770133
277569335414712558
475457100357969625
356490831384124957
442751579099372616
360016757228139280
73199204254722922
550377557046501531
494748952007788987
168821753107950078
93943409087745173
221798434536357212
113756436746815462
107604275033566762
161269573585760121
111224610563306447
364485848040545603
509228218127896082
336344071373056729
485368671704336329
517181313401855335
373609245258080255
329294332545805220
398325126650662674
511875597358958867
91160208067523477
14248741410827500
326162691319429798
183358927397195007
324139554826008480
569517739364662804
211609395488165242
453363209339538098
46341900035539030
319600433927335567
350474732227819315
516455017800359438
143833090420924973
240528090028731075
350808634363717894
4720554511787179
145611254984641647
36522634301175057
88666906453167926
63767462242804501
262695214409267124
438569127196132135
326771613479183069
291639777251616656
271150374681269947
535710563670585287
333086110060071667
82258947255051483
486333288529291561
477306712013646780
72999851609712724
59700651267575689
278359465853294017
223420079729072654
164995570620326317
386229058896729747
328776864471309009
35216808560996115
265866584147375585
441752366241708304
314241388730765386
230175582835600638
294186890984064735
231547527363512265
331638281762973759
567376577075525881
229935624656953738
8586487091167468
135442344498772007
392674074419825843
52226005925111885
325515122824312686
65556381259204069
378326340153783233
57536220484891861
56573579328104107
492751147535308256
49824714204907813
153379387025771694
160523917328962866
5784732859922041
504252559518767888
466071942496052044
211291288645411391
99266968562423071
297185830244590296
364575715363354821
62465084174634965
197778669318755413
281999190028830163
304383097789219312
51305311775502979
325427308517073434
29905339118519497
147747851872286923
237364491322179603
367638556904303706
203086063368993610
517689983236865344
550171490905192077
1666927194741304
282574966876266666
315689907123604903
399887887113368867
197748269123345011
354565542926616466
420280450138383043
181409708537357624
54806994391127029
194428992709298499
95718658030692999
574001080094825593
420912254473995350
502538701729757237
222130573683055386
511895692013828656
43059329483477443
453295809836127339
164020267612582815
54492369554656914
284526600199330961
480299202731072170
356363927907961405
415293131831322334
541269023310073278
260813995513855223
174596437348916827
146511710077361670
498023482863582549
318719641237025954
6740909157510903
315164659866532178
403300064457808283
139833764656851078
340375675555857349
19595499927818549
367023610522276182
549242942287495390
186750099142909006
22622487046243271
177930123868440388
323154469298135144
214587578287670345
87605148703595128
263549238422638516
177025033690360474
92477476707929121
569029043979002070
301297082364250312
10542801889886631
116833311542178406
444417722238583083
478842100758018312
41263047415977772
419351281470945527
293559358823494733
203801258770122950
481705697215851134
187281274244055126
413699089636558556
83569393871236727
187493311084604338
1789939401136130
302940876094036405
177144804593511808
469187589235599637
142373406566749406
144416261393303491
34027794130781045
19204520731174099
237320229633373361
3088162061162621
463521055987046819
105160387256077240
22435120766750712
455648901914614107
361481894343540288
138064949925163569
202015439988269911
550083581742984793
399690443982436005
380372173730203628
245488409353806042
225946051183646413
183027674183635104
11395116539004510
240105085990612039
43464408949500240
68109190963178592
273512233313130367
575831862279055840
379487178742221284
574879262181650885
216086968444305759
315962800159476390
149624651153301658
84338424466799503
6489262904505108
89796231277524059
74706194207393400
436299707637954708
255657438190890175
478269152257997601
322787294109188969
39530697868089211
310648521642467573
374633511134967174
429648298081833381
386992049477994903
81958906115465120
516248677252852834
90434447790807368
71901952525527618
73870986713489940
518439967991411789
324722268893157673
401831914085882580
475808819061223777
280759670412526083
300174500843300074
45559032248252080
233515312806939309
84491081969037676
335796782167956176
62775062104630406
7501376699657485
478747746154588946
366799912332032652
40478156886562528
405074372680524578
493979410729388241
386510009651907037
161387350696510187
557687512954526303
248464082123663986
366524247642278042
462779945291590897
543590903623926522
45298479218386348
257971535610179888
276677498261785651
13618227645941285
544894985795179023
382788798444383031
352648630412006740
563044000993080789
454228777102430905
292553114436819973
268944778451364341
457803055574570472
197647683424809406
258496720857281140
84673423744831905
568867408658319879
117728488243876445
378164664711089893
511014741269352663
83635026581986763
34345191506914490
121194475680048628
302241831287994897
502520716485923936
299244246666253370
91559217409216544
106911843865595155
86156850331482925
346587920416796173
163148515625789579
316601085652959479
172665880395310343
126381455802202290
194936478923370429
148622148869477188
418697243236897008
275878354677294555
470025821874409096
543907248851505689
184841705643690659
111871213099191746
383060613706572649
348466866025147203
353862686795293756
139649282244295772
223179440135149754
386762879932956838
465975712723312188
268853064190507923
193131198374841529
275313714171773874
13235901517980103
237033343104634995
329165310598882689
223097927737033575
45434881953240020
466474121238471694
426416061412909553
565598302710955981
233143701787247920
193163215739797480
184566602967410405
190436069582874015
2745804837597680
309326620166571618
384039890262096859
39956545933071064
548840874842457872
540316827386924314
243253785726841595
502743047202783948
496695415019650929
286748929054633690
201628827225896990
524926614942332135
192166781089491363
100396038043608692
48317639770971185
66453207420464144
220863691409677104
55908771900323943
83462290428945685
471361355662898679
307996766807778099
291311704790939613
485555740373339629
274703254428029139
169845540982246209
270690885799803888
436416512007432723
447149934802503622
117373938002262680
408766253879355892
553870126454528765
224681135080404103
47616338758187406
6089553493157727
287426107052228013
369310764968191476
515577410494429724
352198262278101300
198791432983683664
251672920571020106
95923020800910674
448958770682465458
292330836093703351
474411546433989412
326402432150030772
145808631572920736
414953296911826373
255100178761507894
29841807524479720
262961455928555358
252899196145149941
228498333039469133
108767421454328233
294203392024867219
129589705810177851
20196684406447722
36182331155610798
90558726878219463
186175000679444177
268382256676379756
60529971850829966
191410585464884936
393065099485850244
196735433995079998
55970682620897128
178861675733236213
463242979927674379
272469940680132019
150201317319773455
222527864942540303
232167947016721136
46790493423319272
180108899917471706
418686331475195867
252989334978912886
72617222144575046
200342430440582784
384225695504838954
58202671730242270
564779660835226444
403228981777604331
536306679371702409
234420916150601341
383112225533193795
286740114957587171
323379617518961122
315567578706689322
79532347323400778
514869583704801865
229501269571841100
571047922971602608
393963869864824319
270810255625389105
549836466059689084
90951149962854839
96320283926843586
404269074672944293
422210478664650355
474968127255264021
570252416882460991
264884033918612232
518006537795411925
2571852958780879
471280060360615890
417507939148006033
559506931290809643
362738599164261220
409665083621015760
18076215434564134
102409324302804554
493302642808469161
11126723063848645
67711557981594080
470074693855706346
539047441880184339
269083850371586974
303700309108260347
495705760107988591
163598127082464102
37208250397495709
222930132452383509
280651371033897051
30523115595538160
485015404845108431
440356781632264788
511632494482819051
14835180878050498
383579904755565679
78019834723932233
119600420911746416
56040907979439278
462481881154863923
248002355739855164
375774051965430034
62722377238310287
29197308532223328
122104494685937967
310187358093574547
556139239170249596
517821945164980604
228732533607682133
302715849815196334
371736027400541093
414893911053395398
349630077699340724
90942734918102820
173734920917446705
237809163179275534
430380787548531292
5890154012788248
287181700683830669
563505337376316951
553867295122192540
548935570750288616
25546168248701295
188518399998406976
495879757150361730
103667287113454737
303190911440733333
147871835823710193
144961518520718303
40657746398191980
8048853811781888
360782115048947951
498372696007777841
125548549783761332
488811071403758480
253738956456631141
338567408552259524
270881626932458067
347441363582572947
267436060752620733
48850922262876344
355739918559862831
445961270296292430
504335398072911568
100511521854918377
391301029698701598
45951053316522468
342256346412917443
352549206219210526
227319300930391563
11475422044251183
18939517249720332
390831799394475956
200586355083911331
153330119533821575
575278366187450635
522276924178642825
533788735594173923
346195574877705179
540189590938105756
37802783121278381
246210590725625346
133282491290259317
247634984346955095
99563675706180666
172487000227756083
525026902845637094
352712072475640598
71597443871004933
61377292678987979
206375182091412268
450743004276495517
336667045013995197
279323917630953496
238846730013013612
114944722747098829
223940959448223688
462253682110983369
349361210369299007
40264233705536332
541003308976824747
53407178160602007
89003178987427376
214505024163680468
384020788414034114
110636988201622978
527774776761082470
448441409735699288
571267629893998490
327182783425688881
456954574124605794
453798717962075512
391370986474923135
400386683791473152
232974863710707616
439742329513193232
350194921749056504
369377135888979892
189480677613229461
292543409869287813
239129185049330576
536124098354483980
485651856624472481
180605505711118291
83710902235118354
449796128062510860
53431784096255197
78629541273799616
550015601501375956
337988012177802469
57147703278814098
545614582499670338
234851816602641499
84000430639227273
265245906255651671
188640344622040539
417638385980489172
448783513431099904
378237875036639599
572971644618278454
505046284923474588
190150299140089773
85971799315159756
207111612782870620
550941049937538099
483412382868939229
481607474427412618
50701207561879606
417296990143773841
245988644731104244
215166893393672228
289497816294389406
10955573467865293
262512127690678703
435821126908813398
434177749025990258
314060634618191718
109193471739988897
357702603430728682
265171582289769957
556360869123964897
246224908719353667
125350718315883552
135567000737900036
528516219219153503
81477174063868534
249084272813828283
539262860080020153
510377487624861951
444929822897949667
206136143117766972
184890500144448577
292875547879833537
432896987445896398
336122096340515271
22153613066238125
479366650708065396
425581864144330340
227146733510277484
360855272275021112
151134216140354223
107151857166428339
473841801449008167
179871215949883954
108076249873491604
345804834533134994
201775869958727177
271688300068878476
371785498249647442
35180357924200214
180789937697790290
128990523311017072
110913717374231848
281761486079017614
239952800809801242
456352712792738873
326012037345987088
405238124866225427
296798235032171710
78830561453972957
366756978738841438
521375222354484430
253299624433424889
517697733688927140
250640809703534594
117358604640910122
558098032719854339
172306247950204058
1391600922044059
9307789945064919
576335207754346534
369616318728050928
487052703630133966
366731408093493468
79560699302548301
103039832769072938
293926138248041469
421674595292079239
544165692798571955
515067321389078825
363260542230557118
351966433744611688
438782039810096467
174452340584024782
176070595168897622
123983979375759949
556968330173357769
132242273631575720
332971395731413388
53378492198012362
269603116348235164
169912617203496627
248530177331599388
134562257674649381
389749645145030116
301481833595212411
159815039334638735
519247728755787577
455347076981669589
238051660692097633
241804936880023119
160380085909201793
436200708942823334
374750862889688702
18945540906273300
552868180830840438
471672481848961084
352942093550952674
131913440681989109
496660441454512360
153483748341110591
149011765319959705
176908847208932131
256584965266536259
521043099917433979
389229078150770373
139257326550268887
193844104793939142
512122986773113694
285531962018541955
381238329495541641
119442637370975850
188326196760899161
274462399473838446
381234700960792253
393461435241403644
452422874882225698
458295691434733332
189892404159465998
111627425634775681
429247625085831609
287049276279651212
555095963010007723
554156677283671117
464485241389906653
21833361445324951
387305859094814583
271755454918090701
446812861389334514
422268439432402723
2058292686611447
547564155634237600
320896182627045751
267591197687900558
89669055068699049
255895308734714422
268514409234787622
213263017611220026
133930534882180737
49385282813256913
150432958772790801
544692063256387170
569084520808570514
535964791929223796
384479947286465486
520237071339922971
421051190704906520
31306554563764927
195076449601029198
160299572067402934
478041069025064142
7131655059883325
475319052073799443
318649118117488887
325696183651120651
413956752199575110
175068815188954979
66449432290415745
535115934603295052
521788432120475013
541036304964168465
355546513736626749
155988135081253173
432180381589579246
187845684476681035
69803277417361848
19345595076207355
198428456621162747
419868682601535867
532865234025697864
118576886651544454
515259095307244426
295969537484744054
523586208788875555
436578548970855628
219228255612560602
286968750105605512
423492042026571382
157134177008639030
541456042392097356
184911713320089576
517415974967528674
23341039183248574
209788725129956969
159522905369612325
294797843620714753
373026216983770052
111142646884725742
447944748203029197
45297688595493963
281259668175297481
295489525622037250
247202714416431446
233547119225292232
136459828648780755
406853903876235088
416834705418844539
494976734841858291
155698318404197460
502818304465338654
201687542505568310
491053850753716744
267397652961308122
523428850953428872
86995021209026419
173746847016365056
396496627675406944
126562275146474785
11591290286047872
58477109998864215
246751310163501023
37574194160256323
54585253021066144
112182031679381588
420169980756438736
400798192714245802
80708196305961978
215210044091960177
510324399342833837
78776132989063400
270379912400075288
576455840563402432
115669697359202725
424957099104850018
407110211638854135
315745186593884331
92501471508665604
302441218983569825
500967055919591003
473607199148928
3830827839369810
58083089133688571
279780526323296366
274291951350217585
107756846428326572
451744842820252929
364623921652282840
453069378347463708
80432093407287319
384789594890738238
351382312359459604
20368210146343114
73854763973226817
91403053291619497
335324283272183806
126230348631593723
221478370525899048
194897211560868273
407805752893183086
300286830481127832
55685338244246896
44030372971072567
346280845261569196
26439868883327170
546829799539683942
